(_dra,s)
0:(0,0)
1:(0,1)
2:(0,2)
3:(0,4)
4:(0,5)
5:(0,6)
6:(0,7)
7:(0,9)
8:(0,10)
9:(0,11)
10:(0,12)
11:(0,13)
12:(0,14)
13:(0,15)
14:(0,16)
15:(0,17)
16:(0,18)
17:(0,19)
18:(0,20)
19:(0,21)
20:(0,22)
21:(0,24)
22:(0,25)
23:(0,26)
24:(0,27)
25:(0,29)
26:(0,30)
27:(0,31)
28:(0,32)
29:(0,33)
30:(0,34)
31:(0,35)
32:(0,36)
33:(0,37)
34:(1,0)
35:(1,1)
36:(1,2)
37:(1,3)
38:(1,4)
39:(1,5)
40:(1,6)
41:(1,7)
42:(1,8)
43:(1,9)
44:(1,10)
45:(1,11)
46:(1,12)
47:(1,13)
48:(1,14)
49:(1,15)
50:(1,16)
51:(1,17)
52:(1,18)
53:(1,19)
54:(1,20)
55:(1,21)
56:(1,22)
57:(1,23)
58:(1,24)
59:(1,25)
60:(1,26)
61:(1,27)
62:(1,28)
63:(1,29)
64:(1,30)
65:(1,31)
66:(1,32)
67:(1,33)
68:(1,34)
69:(1,35)
70:(1,36)
71:(1,37)
72:(2,0)
73:(2,1)
74:(2,2)
75:(2,3)
76:(2,4)
77:(2,5)
78:(2,6)
79:(2,7)
80:(2,8)
81:(2,9)
82:(2,10)
83:(2,11)
84:(2,12)
85:(2,13)
86:(2,14)
87:(2,15)
88:(2,16)
89:(2,17)
90:(2,18)
91:(2,19)
92:(2,20)
93:(2,21)
94:(2,22)
95:(2,23)
96:(2,24)
97:(2,25)
98:(2,26)
99:(2,27)
100:(2,28)
101:(2,29)
102:(2,30)
103:(2,31)
104:(2,32)
105:(2,33)
106:(2,34)
107:(2,35)
108:(2,36)
109:(2,37)
