(_dra,s)
0:(0,0)
1:(0,1)
2:(0,2)
3:(0,3)
4:(0,4)
5:(0,5)
6:(0,6)
7:(0,7)
8:(0,8)
9:(0,9)
10:(0,10)
11:(0,11)
12:(0,12)
13:(0,13)
14:(0,14)
15:(0,15)
16:(0,16)
17:(0,17)
18:(0,18)
19:(0,19)
20:(1,0)
21:(1,1)
22:(1,2)
23:(1,4)
24:(1,5)
25:(1,6)
26:(1,7)
27:(1,8)
28:(1,9)
29:(1,10)
30:(1,11)
31:(1,12)
32:(1,13)
33:(1,14)
34:(1,15)
35:(1,16)
36:(1,17)
37:(1,18)
38:(1,19)
39:(2,0)
40:(2,1)
41:(2,2)
42:(2,3)
43:(2,4)
44:(2,5)
45:(2,6)
46:(2,7)
47:(2,8)
48:(2,9)
49:(2,10)
50:(2,11)
51:(2,12)
52:(2,13)
53:(2,14)
54:(2,15)
55:(2,16)
56:(2,17)
57:(3,0)
58:(3,1)
59:(3,2)
60:(3,4)
61:(3,5)
62:(3,6)
63:(3,7)
64:(3,8)
65:(3,9)
66:(3,10)
67:(3,11)
68:(3,12)
69:(3,13)
70:(3,14)
71:(3,15)
72:(3,16)
73:(3,17)
74:(3,19)
