(_dra,s)
0:(0,0)
1:(0,1)
2:(0,2)
3:(0,3)
4:(0,4)
5:(0,5)
6:(0,6)
7:(0,7)
8:(0,8)
9:(0,9)
10:(0,10)
11:(0,11)
12:(0,12)
13:(0,13)
14:(0,14)
15:(0,15)
16:(0,16)
17:(0,17)
18:(0,18)
19:(0,19)
20:(0,39)
21:(0,40)
22:(0,41)
23:(0,42)
24:(0,43)
25:(0,44)
26:(0,45)
27:(0,46)
28:(0,47)
29:(0,48)
30:(0,49)
31:(0,50)
32:(0,51)
33:(0,52)
34:(0,53)
35:(0,54)
36:(0,55)
37:(0,56)
38:(1,0)
39:(1,1)
40:(1,2)
41:(1,3)
42:(1,4)
43:(1,5)
44:(1,6)
45:(1,7)
46:(1,8)
47:(1,9)
48:(1,10)
49:(1,11)
50:(1,12)
51:(1,13)
52:(1,15)
53:(1,16)
54:(1,17)
55:(1,18)
56:(1,19)
57:(1,39)
58:(1,40)
59:(1,41)
60:(1,42)
61:(1,43)
62:(1,44)
63:(1,45)
64:(1,46)
65:(1,47)
66:(1,48)
67:(1,49)
68:(1,50)
69:(1,51)
70:(1,52)
71:(1,54)
72:(1,55)
73:(1,56)
74:(2,0)
75:(2,1)
76:(2,2)
77:(2,3)
78:(2,4)
79:(2,5)
80:(2,6)
81:(2,7)
82:(2,8)
83:(2,10)
84:(2,11)
85:(2,12)
86:(2,13)
87:(2,14)
88:(2,15)
89:(2,16)
90:(2,17)
91:(2,18)
92:(2,19)
93:(2,39)
94:(2,40)
95:(2,41)
96:(2,42)
97:(2,43)
98:(2,44)
99:(2,45)
100:(2,46)
101:(2,47)
102:(2,49)
103:(2,50)
104:(2,51)
105:(2,52)
106:(2,53)
107:(2,54)
108:(2,55)
109:(2,56)
