(_dra,s)
0:(0,0)
1:(0,1)
2:(0,2)
3:(0,3)
4:(0,4)
5:(0,5)
6:(0,6)
7:(0,7)
8:(0,8)
9:(0,9)
10:(0,10)
11:(0,11)
12:(0,12)
13:(0,13)
14:(0,14)
15:(0,15)
16:(0,16)
17:(0,17)
18:(0,18)
19:(0,19)
20:(0,20)
21:(0,21)
22:(0,22)
23:(0,23)
24:(0,25)
25:(0,26)
26:(1,0)
27:(1,1)
28:(1,2)
29:(1,3)
30:(1,4)
31:(1,5)
32:(1,6)
33:(1,7)
34:(1,8)
35:(1,9)
36:(1,10)
37:(1,11)
38:(1,12)
39:(1,13)
40:(1,14)
41:(1,15)
42:(1,16)
43:(1,17)
44:(1,18)
45:(1,19)
46:(1,20)
47:(1,21)
48:(1,22)
49:(1,23)
50:(1,24)
51:(1,25)
52:(1,26)
53:(1,27)
