#
# A fatal error has been detected by the Java Runtime Environment:
#
#  SIGSEGV (0xb) at pc=0x00007f006bff4c04, pid=14710, tid=139639800583936
#
# JRE version: 6.0_30-b30
# Java VM: OpenJDK 64-Bit Server VM (23.25-b01 mixed mode linux-amd64 compressed oops)
# Problematic frame:
# C  [libc.so.6+0x6fc04]  fwrite+0x34
#
# Failed to write core dump. Core dumps have been disabled. To enable core dumping, try "ulimit -c unlimited" before starting Java again
#
# If you would like to submit a bug report, please include
# instructions how to reproduce the bug and visit:
#   https://bugs.launchpad.net/ubuntu/+source/openjdk-6/
# The crash happened outside the Java Virtual Machine in native code.
# See problematic frame for where to report the bug.
#

---------------  T H R E A D  ---------------

Current thread (0x00007f006400a000):  JavaThread "main" [_thread_in_native, id=14711, stack(0x00007f006ca5d000,0x00007f006cb5e000)]

siginfo:si_signo=SIGSEGV: si_errno=0, si_code=1 (SEGV_MAPERR), si_addr=0x0000000000000000

Registers:
RAX=0x0000000000000001, RBX=0x0000000000000000, RCX=0x0000000000000000, RDX=0x0000000000000001
RSP=0x00007f006cb5c080, RBP=0x0000000000000001, RSI=0x0000000000000001, RDI=0x00007f0064564ff0
R8 =0x00007f0064564ff0, R9 =0x0000000000000001, R10=0x00007f0064564ff1, R11=0x0000000000000027
R12=0x0000000000000001, R13=0x0000000000000001, R14=0x00007f006cb5c170, R15=0x00007f006400a000
RIP=0x00007f006bff4c04, EFLAGS=0x0000000000010202, CSGSFS=0x0000000000000033, ERR=0x0000000000000004
  TRAPNO=0x000000000000000e

Top of Stack: (sp=0x00007f006cb5c080)
0x00007f006cb5c080:   00007f006cb5c160 00007f006400a1d8
0x00007f006cb5c090:   00007f0064564ff0 00007f006cb5c160
0x00007f006cb5c0a0:   0000000000000000 00007f005108495d
0x00007f006cb5c0b0:   00007f006cb5c278 00000000d5cac3a8
0x00007f006cb5c0c0:   00007f006cb5c140 0000000000000000
0x00007f006cb5c0d0:   00000000d5cac3a8 00007f0061011790
0x00007f006cb5c0e0:   00007f006cb5c278 00007f006cb5c228
0x00007f006cb5c0f0:   00007f006cb5c228 00007f006101c443
0x00007f006cb5c100:   00007f006cb5c100 0000000000000000
0x00007f006cb5c110:   00007f006cb5c170 00000000d5cacf58
0x00007f006cb5c120:   0000000000000000 00000000d5cac3a8
0x00007f006cb5c130:   0000000000000000 00007f006cb5c160
0x00007f006cb5c140:   00007f006cb5c1b8 00007f0061005e9a
0x00007f006cb5c150:   00000000f55ccf78 00007f006100e598
0x00007f006cb5c160:   00000000f57fb878 0000000000000000
0x00007f006cb5c170:   00007f0061005410 00007f006cb5c178
0x00007f006cb5c180:   00000000d5c7879d 00007f006cb5c1d0
0x00007f006cb5c190:   00000000d5ca9c50 0000000000000000
0x00007f006cb5c1a0:   00000000d5c787a8 00007f006cb5c160
0x00007f006cb5c1b0:   00007f006cb5c1c8 00007f006cb5c218
0x00007f006cb5c1c0:   00007f0061005e9a 00000000f57fb878
0x00007f006cb5c1d0:   00000000f65a52c0 00007f006cb5c1d8
0x00007f006cb5c1e0:   00000000d5c785da 00007f006cb5c230
0x00007f006cb5c1f0:   00000000d5ca9c50 0000000000000000
0x00007f006cb5c200:   00000000d5c785e8 00007f006cb5c1c8
0x00007f006cb5c210:   00007f006cb5c228 00007f006cb5c278
0x00007f006cb5c220:   00007f0061005e9a 00000000f57fb878
0x00007f006cb5c230:   00000000f65a52c0 00007f006cb5c238
0x00007f006cb5c240:   00000000d66a5a36 00007f006cb5c2a8
0x00007f006cb5c250:   00000000d66a77a0 0000000000000000
0x00007f006cb5c260:   00000000d66a5ab8 00007f006cb5c228
0x00007f006cb5c270:   00007f006cb5c298 00007f006cb5c2f0 

Instructions: (pc=0x00007f006bff4c04)
0x00007f006bff4be4:   24 e8 4c 89 64 24 f0 48 83 ec 28 49 89 f8 49 89
0x00007f006bff4bf4:   f4 48 89 d5 48 89 cb 4d 85 ed 0f 84 ec 00 00 00
0x00007f006bff4c04:   8b 01 25 00 80 00 00 75 48 48 8b 91 88 00 00 00
0x00007f006bff4c14:   64 4c 8b 0c 25 10 00 00 00 4c 3b 4a 08 74 2e be 

Register to memory mapping:

RAX=0x0000000000000001 is an unknown value
RBX=0x0000000000000000 is an unknown value
RCX=0x0000000000000000 is an unknown value
RDX=0x0000000000000001 is an unknown value
RSP=0x00007f006cb5c080 is pointing into the stack for thread: 0x00007f006400a000
RBP=0x0000000000000001 is an unknown value
RSI=0x0000000000000001 is an unknown value
RDI=0x00007f0064564ff0 is an unknown value
R8 =0x00007f0064564ff0 is an unknown value
R9 =0x0000000000000001 is an unknown value
R10=0x00007f0064564ff1 is an unknown value
R11=0x0000000000000027 is an unknown value
R12=0x0000000000000001 is an unknown value
R13=0x0000000000000001 is an unknown value
R14=0x00007f006cb5c170 is pointing into the stack for thread: 0x00007f006400a000
R15=0x00007f006400a000 is a thread


Stack: [0x00007f006ca5d000,0x00007f006cb5e000],  sp=0x00007f006cb5c080,  free space=1020k
Native frames: (J=compiled Java code, j=interpreted, Vv=VM code, C=native code)
C  [libc.so.6+0x6fc04]  fwrite+0x34

Java frames: (J=compiled Java code, j=interpreted, Vv=VM code)
j  prism.PrismNative.PN_PrintToFile(JLjava/lang/String;)V+0
j  prism.PrismFileLog.printToLog(Ljava/lang/String;)V+5
j  prism.PrismFileLog.print(Ljava/lang/String;)V+2
j  prism.ProbModel.exportStates(ILprism/PrismLog;)V+14
j  prism.NondetModelChecker.checkRewardCoSafeLTL(Lparser/ast/Expression;Ljdd/JDDNode;Ljdd/JDDNode;Z)Lprism/StateValues;+547
j  prism.NondetModelChecker.checkRewardPathFormula(Lparser/ast/Expression;Ljdd/JDDNode;Ljdd/JDDNode;Z)Lprism/StateValues;+44
j  prism.NondetModelChecker.checkExpressionReward(Lparser/ast/ExpressionReward;)Lprism/StateValues;+647
j  prism.NondetModelChecker.checkExpression(Lparser/ast/Expression;)Lprism/StateValues;+31
j  prism.StateModelChecker.checkExpressionFilter(Lparser/ast/ExpressionFilter;)Lprism/StateValues;+302
j  prism.StateModelChecker.checkExpression(Lparser/ast/Expression;)Lprism/StateValues;+295
j  prism.NonProbModelChecker.checkExpression(Lparser/ast/Expression;)Lprism/StateValues;+46
j  prism.NondetModelChecker.checkExpression(Lparser/ast/Expression;)Lprism/StateValues;+83
j  prism.StateModelChecker.check(Lparser/ast/Expression;)Lprism/Result;+173
j  prism.Prism.modelCheck(Lparser/ast/PropertiesFile;Lparser/ast/Property;)Lprism/Result;+365
j  prism.PrismManager.callPrism(Ljava/lang/String;Ljava/lang/String;Z)Lprism/Result;+177
j  prism.PrismManager.main([Ljava/lang/String;)V+405
v  ~StubRoutines::call_stub

---------------  P R O C E S S  ---------------

Java Threads: ( => current thread )
  0x00007f006442b000 JavaThread "Image Fetcher 0" daemon [_thread_blocked, id=14731, stack(0x00007f00502b6000,0x00007f00503b7000)]
  0x00007f00642c3800 JavaThread "Java2D Disposer" daemon [_thread_blocked, id=14728, stack(0x00007f00505b9000,0x00007f00506ba000)]
  0x00007f0064104000 JavaThread "Low Memory Detector" daemon [_thread_blocked, id=14726, stack(0x00007f00515df000,0x00007f00516e0000)]
  0x00007f0064101800 JavaThread "C2 CompilerThread1" daemon [_thread_blocked, id=14725, stack(0x00007f00516e0000,0x00007f00517e1000)]
  0x00007f00640fe800 JavaThread "C2 CompilerThread0" daemon [_thread_blocked, id=14724, stack(0x00007f00517e1000,0x00007f00518e2000)]
  0x00007f00640fc800 JavaThread "Signal Dispatcher" daemon [_thread_blocked, id=14723, stack(0x00007f00518e2000,0x00007f00519e3000)]
  0x00007f00640ad800 JavaThread "Finalizer" daemon [_thread_blocked, id=14722, stack(0x00007f00520c6000,0x00007f00521c7000)]
  0x00007f00640ab800 JavaThread "Reference Handler" daemon [_thread_blocked, id=14721, stack(0x00007f00521c7000,0x00007f00522c8000)]
=>0x00007f006400a000 JavaThread "main" [_thread_in_native, id=14711, stack(0x00007f006ca5d000,0x00007f006cb5e000)]

Other Threads:
  0x00007f006409c800 VMThread [stack: 0x00007f00522c8000,0x00007f00523c9000] [id=14720]
  0x00007f006410e800 WatcherThread [stack: 0x00007f00514de000,0x00007f00515df000] [id=14727]

VM state:not at safepoint (normal execution)

VM Mutex/Monitor currently owned by a thread: None

Heap
 PSYoungGen      total 36736K, used 17074K [0x00000000f5560000, 0x00000000f7e50000, 0x0000000100000000)
  eden space 31552K, 54% used [0x00000000f5560000,0x00000000f660cae8,0x00000000f7430000)
  from space 5184K, 0% used [0x00000000f7940000,0x00000000f7940000,0x00000000f7e50000)
  to   space 5184K, 0% used [0x00000000f7430000,0x00000000f7430000,0x00000000f7940000)
 ParOldGen       total 83968K, used 0K [0x00000000e0000000, 0x00000000e5200000, 0x00000000f5560000)
  object space 83968K, 0% used [0x00000000e0000000,0x00000000e0000000,0x00000000e5200000)
 PSPermGen       total 21248K, used 13647K [0x00000000d5a00000, 0x00000000d6ec0000, 0x00000000e0000000)
  object space 21248K, 64% used [0x00000000d5a00000,0x00000000d6753cf0,0x00000000d6ec0000)

Card table byte_map: [0x00007f00696db000,0x00007f006982f000] byte_map_base: 0x00007f006902e000

Polling page: 0x00007f006cb8a000

Code Cache  [0x00007f0061000000, 0x00007f0061270000, 0x00007f0064000000)
 total_blobs=527 nmethods=86 adapters=394 free_code_cache=48409Kb largest_free_block=49549696

Compilation events (10 events):
Event: 2.914 Thread 0x00007f0064101800   81  s          java.util.Vector::indexOf (67 bytes)
Event: 2.921 Thread 0x00007f0064101800 nmethod 81 0x00007f00610aa210 code [0x00007f00610aa380, 0x00007f00610aacf8]
Event: 2.924 Thread 0x00007f00640fe800   82  s          java.util.Vector::indexOf (67 bytes)
Event: 2.928 Thread 0x00007f0064101800   83             sun.net.www.ParseUtil::encodePath (336 bytes)
Event: 2.930 Thread 0x00007f00640fe800 nmethod 82 0x00007f00610a9550 code [0x00007f00610a96c0, 0x00007f00610aa038]
Event: 2.932 Thread 0x00007f00640fe800   84             java.nio.Buffer::position (43 bytes)
Event: 2.933 Thread 0x00007f00640fe800 nmethod 84 0x00007f00610a9310 code [0x00007f00610a9440, 0x00007f00610a94b8]
Event: 2.937 Thread 0x00007f00640fe800   85             java.nio.charset.CoderResult::isUnderflow (13 bytes)
Event: 2.937 Thread 0x00007f00640fe800 nmethod 85 0x00007f00610a2810 code [0x00007f00610a2940, 0x00007f00610a2998]
Event: 2.944 Thread 0x00007f0064101800 nmethod 83 0x00007f00610b37d0 code [0x00007f00610b3a20, 0x00007f00610b4a38]

GC Heap History (0 events):
No events

Deoptimization events (6 events):
Event: 2.911 Thread 0x00007f006400a000 Uncommon trap -122 fr.pc 0x00007f006109dfb0
Event: 2.923 Thread 0x00007f006400a000 Uncommon trap -58 fr.pc 0x00007f00610aac78
Event: 2.923 Thread 0x00007f006400a000 Uncommon trap -58 fr.pc 0x00007f00610aac78
Event: 2.923 Thread 0x00007f006400a000 Uncommon trap -58 fr.pc 0x00007f00610aac78
Event: 2.923 Thread 0x00007f006400a000 Uncommon trap -58 fr.pc 0x00007f00610aac78
Event: 2.936 Thread 0x00007f006400a000 Uncommon trap -83 fr.pc 0x00007f00610aa018

Internal exceptions (10 events):
Event: 2.953 Thread 0x00007f006400a000 Threw 0x00000000f6561f40 at /build/buildd/openjdk-6-6b30-1.13.1/build/openjdk/hotspot/src/share/vm/classfile/systemDictionary.cpp:1
Event: 2.953 Thread 0x00007f006400a000 Threw 0x00000000f6562270 at /build/buildd/openjdk-6-6b30-1.13.1/build/openjdk/hotspot/src/share/vm/prims/jvm.cpp:1235
Event: 2.953 Thread 0x00007f006400a000 Threw 0x00000000f65666c8 at /build/buildd/openjdk-6-6b30-1.13.1/build/openjdk/hotspot/src/share/vm/classfile/systemDictionary.cpp:1
Event: 2.953 Thread 0x00007f006400a000 Threw 0x00000000f65669f0 at /build/buildd/openjdk-6-6b30-1.13.1/build/openjdk/hotspot/src/share/vm/prims/jvm.cpp:1235
Event: 2.953 Thread 0x00007f006400a000 Threw 0x00000000f656b1d8 at /build/buildd/openjdk-6-6b30-1.13.1/build/openjdk/hotspot/src/share/vm/classfile/systemDictionary.cpp:1
Event: 2.953 Thread 0x00007f006400a000 Threw 0x00000000f656b4f0 at /build/buildd/openjdk-6-6b30-1.13.1/build/openjdk/hotspot/src/share/vm/prims/jvm.cpp:1235
Event: 2.954 Thread 0x00007f006400a000 Threw 0x00000000f656f4d0 at /build/buildd/openjdk-6-6b30-1.13.1/build/openjdk/hotspot/src/share/vm/classfile/systemDictionary.cpp:1
Event: 2.954 Thread 0x00007f006400a000 Threw 0x00000000f656f828 at /build/buildd/openjdk-6-6b30-1.13.1/build/openjdk/hotspot/src/share/vm/prims/jvm.cpp:1235
Event: 2.983 Thread 0x00007f006400a000 Threw 0x00000000f6576c78 at /build/buildd/openjdk-6-6b30-1.13.1/build/openjdk/hotspot/src/share/vm/classfile/systemDictionary.cpp:1
Event: 2.983 Thread 0x00007f006400a000 Threw 0x00000000f6576f90 at /build/buildd/openjdk-6-6b30-1.13.1/build/openjdk/hotspot/src/share/vm/prims/jvm.cpp:1235

Events (10 events):
Event: 2.953 loading class 0x00007f006451dae0
Event: 2.953 loading class 0x00007f006451dae0 done
Event: 2.953 loading class 0x00007f006450f130
Event: 2.953 loading class 0x00007f006450f130 done
Event: 2.953 loading class 0x00007f006450f160
Event: 2.953 loading class 0x00007f006450f160 done
Event: 2.954 loading class 0x00007f0064519120
Event: 2.954 loading class 0x00007f0064519120 done
Event: 2.983 loading class 0x00007f00644b5180
Event: 2.983 loading class 0x00007f00644b5180 done


Dynamic libraries:
00400000-00409000 r-xp 00000000 08:07 2265135                            /usr/lib/jvm/java-6-openjdk-amd64/jre/bin/java
00608000-00609000 r--p 00008000 08:07 2265135                            /usr/lib/jvm/java-6-openjdk-amd64/jre/bin/java
00609000-0060a000 rw-p 00009000 08:07 2265135                            /usr/lib/jvm/java-6-openjdk-amd64/jre/bin/java
0076d000-0078e000 rw-p 00000000 00:00 0                                  [heap]
d5a00000-d6ec0000 rw-p 00000000 00:00 0 
d6ec0000-e0000000 rw-p 00000000 00:00 0 
e0000000-e5200000 rw-p 00000000 00:00 0 
e5200000-f5560000 rw-p 00000000 00:00 0 
f5560000-f7e50000 rw-p 00000000 00:00 0 
f7e50000-100000000 rw-p 00000000 00:00 0 
7efff4000000-7efff4021000 rw-p 00000000 00:00 0 
7efff4021000-7efff8000000 ---p 00000000 00:00 0 
7efffc000000-7efffc021000 rw-p 00000000 00:00 0 
7efffc021000-7f0000000000 ---p 00000000 00:00 0 
7f0000000000-7f0000055000 rw-p 00000000 00:00 0 
7f0000055000-7f0004000000 ---p 00000000 00:00 0 
7f0004000000-7f0004021000 rw-p 00000000 00:00 0 
7f0004021000-7f0008000000 ---p 00000000 00:00 0 
7f0008000000-7f0008021000 rw-p 00000000 00:00 0 
7f0008021000-7f000c000000 ---p 00000000 00:00 0 
7f000c000000-7f000c021000 rw-p 00000000 00:00 0 
7f000c021000-7f0010000000 ---p 00000000 00:00 0 
7f0010000000-7f0010021000 rw-p 00000000 00:00 0 
7f0010021000-7f0014000000 ---p 00000000 00:00 0 
7f0014000000-7f0014752000 rw-p 00000000 00:00 0 
7f0014752000-7f0018000000 ---p 00000000 00:00 0 
7f0018000000-7f001846c000 rw-p 00000000 00:00 0 
7f001846c000-7f001c000000 ---p 00000000 00:00 0 
7f001c000000-7f001c021000 rw-p 00000000 00:00 0 
7f001c021000-7f0020000000 ---p 00000000 00:00 0 
7f0020000000-7f0020021000 rw-p 00000000 00:00 0 
7f0020021000-7f0024000000 ---p 00000000 00:00 0 
7f0024000000-7f0024021000 rw-p 00000000 00:00 0 
7f0024021000-7f0028000000 ---p 00000000 00:00 0 
7f0028000000-7f0028021000 rw-p 00000000 00:00 0 
7f0028021000-7f002c000000 ---p 00000000 00:00 0 
7f002c000000-7f002c021000 rw-p 00000000 00:00 0 
7f002c021000-7f0030000000 ---p 00000000 00:00 0 
7f0034000000-7f0034021000 rw-p 00000000 00:00 0 
7f0034021000-7f0038000000 ---p 00000000 00:00 0 
7f003c000000-7f003c021000 rw-p 00000000 00:00 0 
7f003c021000-7f0040000000 ---p 00000000 00:00 0 
7f0044000000-7f0044021000 rw-p 00000000 00:00 0 
7f0044021000-7f0048000000 ---p 00000000 00:00 0 
7f0049b3f000-7f0049b5c000 r-xp 00000000 08:08 2625415                    /home/bruno/devel_ws/src/policy_generator/prism_ros_bridge/prism/prism-robots/prism/lib/libprismhybrid.so
7f0049b5c000-7f0049d5b000 ---p 0001d000 08:08 2625415                    /home/bruno/devel_ws/src/policy_generator/prism_ros_bridge/prism/prism-robots/prism/lib/libprismhybrid.so
7f0049d5b000-7f0049d5c000 r--p 0001c000 08:08 2625415                    /home/bruno/devel_ws/src/policy_generator/prism_ros_bridge/prism/prism-robots/prism/lib/libprismhybrid.so
7f0049d5c000-7f0049d5d000 rw-p 0001d000 08:08 2625415                    /home/bruno/devel_ws/src/policy_generator/prism_ros_bridge/prism/prism-robots/prism/lib/libprismhybrid.so
7f0049d5d000-7f0049df7000 r-xp 00000000 08:08 2623780                    /home/bruno/devel_ws/src/policy_generator/prism_ros_bridge/prism/prism-robots/prism/lib/liblpsolve55.so
7f0049df7000-7f0049ff7000 ---p 0009a000 08:08 2623780                    /home/bruno/devel_ws/src/policy_generator/prism_ros_bridge/prism/prism-robots/prism/lib/liblpsolve55.so
7f0049ff7000-7f0049ff9000 r--p 0009a000 08:08 2623780                    /home/bruno/devel_ws/src/policy_generator/prism_ros_bridge/prism/prism-robots/prism/lib/liblpsolve55.so
7f0049ff9000-7f0049ffa000 rw-p 0009c000 08:08 2623780                    /home/bruno/devel_ws/src/policy_generator/prism_ros_bridge/prism/prism-robots/prism/lib/liblpsolve55.so
7f0049ffa000-7f004a000000 r-xp 00000000 08:08 2624025                    /home/bruno/devel_ws/src/policy_generator/prism_ros_bridge/prism/prism-robots/prism/lib/libdv.so
7f004a000000-7f004a1ff000 ---p 00006000 08:08 2624025                    /home/bruno/devel_ws/src/policy_generator/prism_ros_bridge/prism/prism-robots/prism/lib/libdv.so
7f004a1ff000-7f004a200000 r--p 00005000 08:08 2624025                    /home/bruno/devel_ws/src/policy_generator/prism_ros_bridge/prism/prism-robots/prism/lib/libdv.so
7f004a200000-7f004a201000 rw-p 00006000 08:08 2624025                    /home/bruno/devel_ws/src/policy_generator/prism_ros_bridge/prism/prism-robots/prism/lib/libdv.so
7f004a201000-7f004a203000 r-xp 00000000 08:08 2624016                    /home/bruno/devel_ws/src/policy_generator/prism_ros_bridge/prism/prism-robots/prism/lib/libodd.so
7f004a203000-7f004a402000 ---p 00002000 08:08 2624016                    /home/bruno/devel_ws/src/policy_generator/prism_ros_bridge/prism/prism-robots/prism/lib/libodd.so
7f004a402000-7f004a403000 r--p 00001000 08:08 2624016                    /home/bruno/devel_ws/src/policy_generator/prism_ros_bridge/prism/prism-robots/prism/lib/libodd.so
7f004a403000-7f004a404000 rw-p 00002000 08:08 2624016                    /home/bruno/devel_ws/src/policy_generator/prism_ros_bridge/prism/prism-robots/prism/lib/libodd.so
7f004a404000-7f004a433000 r-xp 00000000 08:08 2625395                    /home/bruno/devel_ws/src/policy_generator/prism_ros_bridge/prism/prism-robots/prism/lib/libprismsparse.so
7f004a433000-7f004a632000 ---p 0002f000 08:08 2625395                    /home/bruno/devel_ws/src/policy_generator/prism_ros_bridge/prism/prism-robots/prism/lib/libprismsparse.so
7f004a632000-7f004a633000 r--p 0002e000 08:08 2625395                    /home/bruno/devel_ws/src/policy_generator/prism_ros_bridge/prism/prism-robots/prism/lib/libprismsparse.so
7f004a633000-7f004a634000 rw-p 0002f000 08:08 2625395                    /home/bruno/devel_ws/src/policy_generator/prism_ros_bridge/prism/prism-robots/prism/lib/libprismsparse.so
7f004a634000-7f004a63f000 r-xp 00000000 08:08 2625354                    /home/bruno/devel_ws/src/policy_generator/prism_ros_bridge/prism/prism-robots/prism/lib/libprismmtbdd.so
7f004a63f000-7f004a83e000 ---p 0000b000 08:08 2625354                    /home/bruno/devel_ws/src/policy_generator/prism_ros_bridge/prism/prism-robots/prism/lib/libprismmtbdd.so
7f004a83e000-7f004a83f000 r--p 0000a000 08:08 2625354                    /home/bruno/devel_ws/src/policy_generator/prism_ros_bridge/prism/prism-robots/prism/lib/libprismmtbdd.so
7f004a83f000-7f004a840000 rw-p 0000b000 08:08 2625354                    /home/bruno/devel_ws/src/policy_generator/prism_ros_bridge/prism/prism-robots/prism/lib/libprismmtbdd.so
7f004a840000-7f004ba83000 rw-p 00000000 00:00 0 
7f004ba83000-7f004baf6000 r-xp 00000000 08:08 2623999                    /home/bruno/devel_ws/src/policy_generator/prism_ros_bridge/prism/prism-robots/prism/lib/libdd.so
7f004baf6000-7f004bcf5000 ---p 00073000 08:08 2623999                    /home/bruno/devel_ws/src/policy_generator/prism_ros_bridge/prism/prism-robots/prism/lib/libdd.so
7f004bcf5000-7f004bcf6000 r--p 00072000 08:08 2623999                    /home/bruno/devel_ws/src/policy_generator/prism_ros_bridge/prism/prism-robots/prism/lib/libdd.so
7f004bcf6000-7f004bcf7000 rw-p 00073000 08:08 2623999                    /home/bruno/devel_ws/src/policy_generator/prism_ros_bridge/prism/prism-robots/prism/lib/libdd.so
7f004bcf7000-7f004bcf8000 rw-p 00000000 00:00 0 
7f004bcf8000-7f004bcfe000 r-xp 00000000 08:08 2624010                    /home/bruno/devel_ws/src/policy_generator/prism_ros_bridge/prism/prism-robots/prism/lib/libjdd.so
7f004bcfe000-7f004befd000 ---p 00006000 08:08 2624010                    /home/bruno/devel_ws/src/policy_generator/prism_ros_bridge/prism/prism-robots/prism/lib/libjdd.so
7f004befd000-7f004befe000 r--p 00005000 08:08 2624010                    /home/bruno/devel_ws/src/policy_generator/prism_ros_bridge/prism/prism-robots/prism/lib/libjdd.so
7f004befe000-7f004beff000 rw-p 00006000 08:08 2624010                    /home/bruno/devel_ws/src/policy_generator/prism_ros_bridge/prism/prism-robots/prism/lib/libjdd.so
7f004beff000-7f004bf02000 ---p 00000000 00:00 0 
7f004bf02000-7f004c000000 rw-p 00000000 00:00 0 
7f004c000000-7f004c021000 rw-p 00000000 00:00 0 
7f004c021000-7f0050000000 ---p 00000000 00:00 0 
7f00500ad000-7f00500b5000 r-xp 00000000 08:07 2236031                    /usr/lib/jvm/java-6-openjdk-amd64/jre/lib/amd64/libnio.so
7f00500b5000-7f00502b4000 ---p 00008000 08:07 2236031                    /usr/lib/jvm/java-6-openjdk-amd64/jre/lib/amd64/libnio.so
7f00502b4000-7f00502b5000 r--p 00007000 08:07 2236031                    /usr/lib/jvm/java-6-openjdk-amd64/jre/lib/amd64/libnio.so
7f00502b5000-7f00502b6000 rw-p 00008000 08:07 2236031                    /usr/lib/jvm/java-6-openjdk-amd64/jre/lib/amd64/libnio.so
7f00502b6000-7f00502b9000 ---p 00000000 00:00 0 
7f00502b9000-7f00503b7000 rw-p 00000000 00:00 0                          [stack:14731]
7f00503b7000-7f00503ba000 ---p 00000000 00:00 0 
7f00503ba000-7f00504b8000 rw-p 00000000 00:00 0 
7f00504b8000-7f00504bb000 ---p 00000000 00:00 0 
7f00504bb000-7f00505b9000 rw-p 00000000 00:00 0 
7f00505b9000-7f00505bc000 ---p 00000000 00:00 0 
7f00505bc000-7f00506ba000 rw-p 00000000 00:00 0                          [stack:14728]
7f00506ba000-7f0050750000 r-xp 00000000 08:07 2104784                    /usr/lib/x86_64-linux-gnu/libfreetype.so.6.8.0
7f0050750000-7f005094f000 ---p 00096000 08:07 2104784                    /usr/lib/x86_64-linux-gnu/libfreetype.so.6.8.0
7f005094f000-7f0050955000 r--p 00095000 08:07 2104784                    /usr/lib/x86_64-linux-gnu/libfreetype.so.6.8.0
7f0050955000-7f0050956000 rw-p 0009b000 08:07 2104784                    /usr/lib/x86_64-linux-gnu/libfreetype.so.6.8.0
7f0050956000-7f00509a5000 r-xp 00000000 08:07 2236019                    /usr/lib/jvm/java-6-openjdk-amd64/jre/lib/amd64/libfontmanager.so
7f00509a5000-7f0050ba5000 ---p 0004f000 08:07 2236019                    /usr/lib/jvm/java-6-openjdk-amd64/jre/lib/amd64/libfontmanager.so
7f0050ba5000-7f0050ba7000 r--p 0004f000 08:07 2236019                    /usr/lib/jvm/java-6-openjdk-amd64/jre/lib/amd64/libfontmanager.so
7f0050ba7000-7f0050ba8000 rw-p 00051000 08:07 2236019                    /usr/lib/jvm/java-6-openjdk-amd64/jre/lib/amd64/libfontmanager.so
7f0050ba8000-7f0050ba9000 rw-p 00000000 00:00 0 
7f0050ba9000-7f0050baf000 r-xp 00000000 08:07 2236025                    /usr/lib/jvm/java-6-openjdk-amd64/jre/lib/amd64/headless/libmawt.so
7f0050baf000-7f0050dae000 ---p 00006000 08:07 2236025                    /usr/lib/jvm/java-6-openjdk-amd64/jre/lib/amd64/headless/libmawt.so
7f0050dae000-7f0050daf000 r--p 00005000 08:07 2236025                    /usr/lib/jvm/java-6-openjdk-amd64/jre/lib/amd64/headless/libmawt.so
7f0050daf000-7f0050db0000 rw-p 00006000 08:07 2236025                    /usr/lib/jvm/java-6-openjdk-amd64/jre/lib/amd64/headless/libmawt.so
7f0050db0000-7f0050e52000 r-xp 00000000 08:07 2265124                    /usr/lib/jvm/java-6-openjdk-amd64/jre/lib/amd64/libawt.so
7f0050e52000-7f0051051000 ---p 000a2000 08:07 2265124                    /usr/lib/jvm/java-6-openjdk-amd64/jre/lib/amd64/libawt.so
7f0051051000-7f0051052000 r--p 000a1000 08:07 2265124                    /usr/lib/jvm/java-6-openjdk-amd64/jre/lib/amd64/libawt.so
7f0051052000-7f005105d000 rw-p 000a2000 08:07 2265124                    /usr/lib/jvm/java-6-openjdk-amd64/jre/lib/amd64/libawt.so
7f005105d000-7f0051082000 rw-p 00000000 00:00 0 
7f0051082000-7f0051086000 r-xp 00000000 08:08 2625326                    /home/bruno/devel_ws/src/policy_generator/prism_ros_bridge/prism/prism-robots/prism/lib/libprism.so
7f0051086000-7f0051285000 ---p 00004000 08:08 2625326                    /home/bruno/devel_ws/src/policy_generator/prism_ros_bridge/prism/prism-robots/prism/lib/libprism.so
7f0051285000-7f0051286000 r--p 00003000 08:08 2625326                    /home/bruno/devel_ws/src/policy_generator/prism_ros_bridge/prism/prism-robots/prism/lib/libprism.so
7f0051286000-7f0051287000 rw-p 00004000 08:08 2625326                    /home/bruno/devel_ws/src/policy_generator/prism_ros_bridge/prism/prism-robots/prism/lib/libprism.so
7f0051287000-7f00512b8000 rw-p 00000000 00:00 0 
7f00512b8000-7f00512cd000 r-xp 00000000 08:07 2233923                    /usr/lib/jvm/java-6-openjdk-amd64/jre/lib/amd64/libnet.so
7f00512cd000-7f00514cd000 ---p 00015000 08:07 2233923                    /usr/lib/jvm/java-6-openjdk-amd64/jre/lib/amd64/libnet.so
7f00514cd000-7f00514ce000 r--p 00015000 08:07 2233923                    /usr/lib/jvm/java-6-openjdk-amd64/jre/lib/amd64/libnet.so
7f00514ce000-7f00514cf000 rw-p 00016000 08:07 2233923                    /usr/lib/jvm/java-6-openjdk-amd64/jre/lib/amd64/libnet.so
7f00514cf000-7f00514d1000 r--s 0000f000 08:07 2265104                    /usr/lib/jvm/java-6-openjdk-common/jre/lib/ext/pulse-java.jar
7f00514d1000-7f00514d3000 r--s 00001000 08:07 2265103                    /usr/lib/jvm/java-6-openjdk-common/jre/lib/ext/dnsns.jar
7f00514d3000-7f00514d6000 r--s 00077000 08:07 2265105                    /usr/lib/jvm/java-6-openjdk-common/jre/lib/ext/localedata.jar
7f00514d6000-7f00514d7000 r--s 00007000 08:07 2370769                    /usr/share/java/java-atk-wrapper.jar
7f00514d7000-7f00514da000 r--s 00031000 08:07 2265102                    /usr/lib/jvm/java-6-openjdk-common/jre/lib/ext/sunjce_provider.jar
7f00514da000-7f00514de000 r--s 00039000 08:07 2265101                    /usr/lib/jvm/java-6-openjdk-common/jre/lib/ext/sunpkcs11.jar
7f00514de000-7f00514df000 ---p 00000000 00:00 0 
7f00514df000-7f00515df000 rw-p 00000000 00:00 0                          [stack:14727]
7f00515df000-7f00515e2000 ---p 00000000 00:00 0 
7f00515e2000-7f00516e0000 rw-p 00000000 00:00 0                          [stack:14726]
7f00516e0000-7f00516e3000 ---p 00000000 00:00 0 
7f00516e3000-7f00517e1000 rw-p 00000000 00:00 0                          [stack:14725]
7f00517e1000-7f00517e4000 ---p 00000000 00:00 0 
7f00517e4000-7f00518e2000 rw-p 00000000 00:00 0                          [stack:14724]
7f00518e2000-7f00518e5000 ---p 00000000 00:00 0 
7f00518e5000-7f00519e3000 rw-p 00000000 00:00 0                          [stack:14723]
7f00519e3000-7f00520c6000 r--p 00000000 08:07 2103873                    /usr/lib/locale/locale-archive
7f00520c6000-7f00520c9000 ---p 00000000 00:00 0 
7f00520c9000-7f00521c7000 rw-p 00000000 00:00 0                          [stack:14722]
7f00521c7000-7f00521ca000 ---p 00000000 00:00 0 
7f00521ca000-7f00522c8000 rw-p 00000000 00:00 0                          [stack:14721]
7f00522c8000-7f00522c9000 ---p 00000000 00:00 0 
7f00522c9000-7f0054000000 rw-p 00000000 00:00 0                          [stack:14720]
7f0054000000-7f0054021000 rw-p 00000000 00:00 0 
7f0054021000-7f0058000000 ---p 00000000 00:00 0 
7f0058000000-7f0058021000 rw-p 00000000 00:00 0 
7f0058021000-7f005c000000 ---p 00000000 00:00 0 
7f005c000000-7f005c021000 rw-p 00000000 00:00 0 
7f005c021000-7f0060000000 ---p 00000000 00:00 0 
7f0060029000-7f006002a000 rw-p 00000000 00:00 0 
7f006002a000-7f0060031000 r--s 00053000 08:07 2265100                    /usr/lib/jvm/java-6-openjdk-common/jre/lib/resources.jar
7f0060031000-7f0060032000 r--s 00000000 08:07 5767251                    /var/cache/fontconfig/c05880de57d1f5e948fdfacc138775d9-le64.cache-3
7f0060032000-7f006003b000 r--s 00000000 08:07 5767246                    /var/cache/fontconfig/945677eb7aeaf62f1d50efc3fb3ec7d8-le64.cache-3
7f006003b000-7f006003d000 r--s 00000000 08:07 5767247                    /var/cache/fontconfig/99e8ed0e538f840c565b6ed5dad60d56-le64.cache-3
7f006003d000-7f0060041000 r--s 00000000 08:07 5767233                    /var/cache/fontconfig/2cd17615ca594fa2959ae173292e504c-le64.cache-3
7f0060041000-7f0060042000 r--s 00000000 08:07 5767258                    /var/cache/fontconfig/e7071f4a29fa870f4323321c154eba04-le64.cache-3
7f0060042000-7f0060045000 r--s 00000000 08:07 5777002                    /var/cache/fontconfig/b5ea634b0fb353b8ea17632d1f9ef766-le64.cache-3
7f0060045000-7f0060046000 r--s 00000000 08:07 5767231                    /var/cache/fontconfig/0d8c3b2ac0904cb8a57a757ad11a4a08-le64.cache-3
7f0060046000-7f006004c000 r--s 00000000 08:07 5767248                    /var/cache/fontconfig/a755afe4a08bf5b97852ceb7400b47bc-le64.cache-3
7f006004c000-7f0060055000 r--s 00000000 08:07 5777068                    /var/cache/fontconfig/6d41288fd70b0be22e8c3a91e032eec0-le64.cache-3
7f0060055000-7f0060065000 r--s 00000000 08:07 5767230                    /var/cache/fontconfig/04aabc0a78ac019cf9454389977116d2-le64.cache-3
7f0060065000-7f0060066000 r--s 00000000 08:07 5775397                    /var/cache/fontconfig/b95bc8ffbebda2bbdae4265e45b8178d-le64.cache-3
7f0060066000-7f0060069000 r--s 00000000 08:07 5767236                    /var/cache/fontconfig/385c0604a188198f04d133e54aba7fe7-le64.cache-3
7f0060069000-7f006006a000 r--s 00000000 08:07 5775389                    /var/cache/fontconfig/9c956a7723ca69a44b382d9179c9802f-le64.cache-3
7f006006a000-7f006006b000 r--s 00000000 08:07 5775387                    /var/cache/fontconfig/5d1cca7074f29429a8d18692746c2426-le64.cache-3
7f006006b000-7f006006c000 r--s 00000000 08:07 5771378                    /var/cache/fontconfig/4794a0821666d79190d59a36cb4f44b5-le64.cache-3
7f006006c000-7f006006d000 r--s 00000000 08:07 5775384                    /var/cache/fontconfig/9eae20f1ff8cc0a7d125749e875856bd-le64.cache-3
7f006006d000-7f006006f000 r--s 00000000 08:07 5775383                    /var/cache/fontconfig/bf2c1853a9e9b00bb02fe2e9bcf1e201-le64.cache-3
7f006006f000-7f0060072000 r--s 00000000 08:07 5767245                    /var/cache/fontconfig/8801497958630a81b71ace7c5f9b32a8-le64.cache-3
7f0060072000-7f0060077000 r--s 00000000 08:07 5767234                    /var/cache/fontconfig/3047814df9a2f067bd2d96a2b9c36e5a-le64.cache-3
7f0060077000-7f0060078000 r--s 00000000 08:07 5767239                    /var/cache/fontconfig/56cf4f4769d0f4abc89a4895d7bd3ae1-le64.cache-3
7f0060078000-7f0060079000 r--s 00000000 08:07 5767250                    /var/cache/fontconfig/b9d506c9ac06c20b433354fa67a72993-le64.cache-3
7f0060079000-7f006007e000 r--s 00000000 08:07 5767249                    /var/cache/fontconfig/b47c4e1ecd0709278f4910c18777a504-le64.cache-3
7f006007e000-7f0060080000 r--s 00000000 08:07 5775382                    /var/cache/fontconfig/4b14b093aebc79c320de5e86ae1d3314-le64.cache-3
7f0060080000-7f0060081000 r--s 00000000 08:07 5775381                    /var/cache/fontconfig/8aec10f4cc8391dcef22ca549f1e4354-le64.cache-3
7f0060081000-7f0060091000 r--s 00000000 08:07 5767254                    /var/cache/fontconfig/d52a8644073d54c13679302ca1180695-le64.cache-3
7f0060091000-7f0060092000 r--s 00000000 08:07 5775379                    /var/cache/fontconfig/ac2cf712d852da827a87a9baf682f5b9-le64.cache-3
7f0060092000-7f0060094000 r--s 00000000 08:07 5775377                    /var/cache/fontconfig/65f976e5259cbe6dc7697b8648396239-le64.cache-3
7f0060094000-7f0060095000 r--s 00000000 08:07 5775375                    /var/cache/fontconfig/845c20fd2c4814bcec78e05d37a63ccc-le64.cache-3
7f0060095000-7f0060096000 r--s 00000000 08:07 5775373                    /var/cache/fontconfig/e7de81b01590fb7e12b38e274e17d0db-le64.cache-3
7f0060096000-7f00600b0000 r--s 00000000 08:07 5769551                    /var/cache/fontconfig/e13b20fdb08344e0e664864cc2ede53d-le64.cache-3
7f00600b0000-7f00600b4000 r--s 00000000 08:07 5775370                    /var/cache/fontconfig/7ef2298fde41cc6eeb7af42e48b7d293-le64.cache-3
7f00600b4000-7f00600b5000 r--s 00000000 08:07 5767251                    /var/cache/fontconfig/c05880de57d1f5e948fdfacc138775d9-le64.cache-3
7f00600b5000-7f00600be000 r--s 00000000 08:07 5767246                    /var/cache/fontconfig/945677eb7aeaf62f1d50efc3fb3ec7d8-le64.cache-3
7f00600be000-7f00600c0000 r--s 00000000 08:07 5767247                    /var/cache/fontconfig/99e8ed0e538f840c565b6ed5dad60d56-le64.cache-3
7f00600c0000-7f00600c4000 r--s 00000000 08:07 5767233                    /var/cache/fontconfig/2cd17615ca594fa2959ae173292e504c-le64.cache-3
7f00600c4000-7f00600c5000 r--s 00000000 08:07 5767258                    /var/cache/fontconfig/e7071f4a29fa870f4323321c154eba04-le64.cache-3
7f00600c5000-7f00600c8000 r--s 00000000 08:07 5777002                    /var/cache/fontconfig/b5ea634b0fb353b8ea17632d1f9ef766-le64.cache-3
7f00600c8000-7f00600c9000 r--s 00000000 08:07 5767231                    /var/cache/fontconfig/0d8c3b2ac0904cb8a57a757ad11a4a08-le64.cache-3
7f00600c9000-7f0061000000 rw-p 00000000 00:00 0 
7f0061000000-7f0061270000 rwxp 00000000 00:00 0 
7f0061270000-7f0064dbc000 rw-p 00000000 00:00 0 
7f0064dbc000-7f0068000000 ---p 00000000 00:00 0 
7f0068000000-7f0068006000 r--s 00000000 08:07 5767248                    /var/cache/fontconfig/a755afe4a08bf5b97852ceb7400b47bc-le64.cache-3
7f0068006000-7f006800f000 r--s 00000000 08:07 5777068                    /var/cache/fontconfig/6d41288fd70b0be22e8c3a91e032eec0-le64.cache-3
7f006800f000-7f006801f000 r--s 00000000 08:07 5767230                    /var/cache/fontconfig/04aabc0a78ac019cf9454389977116d2-le64.cache-3
7f006801f000-7f0068020000 r--s 00000000 08:07 5775397                    /var/cache/fontconfig/b95bc8ffbebda2bbdae4265e45b8178d-le64.cache-3
7f0068020000-7f0068023000 r--s 00000000 08:07 5767236                    /var/cache/fontconfig/385c0604a188198f04d133e54aba7fe7-le64.cache-3
7f0068023000-7f0068024000 r--s 00000000 08:07 5775389                    /var/cache/fontconfig/9c956a7723ca69a44b382d9179c9802f-le64.cache-3
7f0068024000-7f0068025000 r--s 00000000 08:07 5775387                    /var/cache/fontconfig/5d1cca7074f29429a8d18692746c2426-le64.cache-3
7f0068025000-7f0068026000 r--s 00000000 08:07 5771378                    /var/cache/fontconfig/4794a0821666d79190d59a36cb4f44b5-le64.cache-3
7f0068026000-7f0068027000 r--s 00000000 08:07 5775384                    /var/cache/fontconfig/9eae20f1ff8cc0a7d125749e875856bd-le64.cache-3
7f0068027000-7f0068029000 r--s 00000000 08:07 5775383                    /var/cache/fontconfig/bf2c1853a9e9b00bb02fe2e9bcf1e201-le64.cache-3
7f0068029000-7f006802c000 r--s 00000000 08:07 5767245                    /var/cache/fontconfig/8801497958630a81b71ace7c5f9b32a8-le64.cache-3
7f006802c000-7f0068031000 r--s 00000000 08:07 5767234                    /var/cache/fontconfig/3047814df9a2f067bd2d96a2b9c36e5a-le64.cache-3
7f0068031000-7f0068032000 r--s 00000000 08:07 5767239                    /var/cache/fontconfig/56cf4f4769d0f4abc89a4895d7bd3ae1-le64.cache-3
7f0068032000-7f0068033000 r--s 00000000 08:07 5767250                    /var/cache/fontconfig/b9d506c9ac06c20b433354fa67a72993-le64.cache-3
7f0068033000-7f0068038000 r--s 00000000 08:07 5767249                    /var/cache/fontconfig/b47c4e1ecd0709278f4910c18777a504-le64.cache-3
7f0068038000-7f006803a000 r--s 00000000 08:07 5775382                    /var/cache/fontconfig/4b14b093aebc79c320de5e86ae1d3314-le64.cache-3
7f006803a000-7f006803b000 r--s 00000000 08:07 5775381                    /var/cache/fontconfig/8aec10f4cc8391dcef22ca549f1e4354-le64.cache-3
7f006803b000-7f006804b000 r--s 00000000 08:07 5767254                    /var/cache/fontconfig/d52a8644073d54c13679302ca1180695-le64.cache-3
7f006804b000-7f0068065000 r--s 00000000 08:07 5769551                    /var/cache/fontconfig/e13b20fdb08344e0e664864cc2ede53d-le64.cache-3
7f0068065000-7f0068066000 r--s 00009000 08:08 2623785                    /home/bruno/devel_ws/src/policy_generator/prism_ros_bridge/prism/prism-robots/prism/lib/epsgraphics.jar
7f0068066000-7f0068068000 r--s 00006000 08:08 2623813                    /home/bruno/devel_ws/src/policy_generator/prism_ros_bridge/prism/prism-robots/prism/lib/lpsolve55j.jar
7f0068068000-7f0068075000 r--s 00077000 08:08 2623781                    /home/bruno/devel_ws/src/policy_generator/prism_ros_bridge/prism/prism-robots/prism/lib/colt.jar
7f0068075000-7f0068092000 r--s 002ca000 08:08 2623786                    /home/bruno/devel_ws/src/policy_generator/prism_ros_bridge/prism/prism-robots/prism/lib/jas-2013137.jar
7f0068092000-7f00686cb000 rw-p 00000000 00:00 0 
7f00686cb000-7f0068861000 r--s 01a09000 08:07 2265129                    /usr/lib/jvm/java-6-openjdk-amd64/jre/lib/rt.jar
7f0068861000-7f0068dd5000 rw-p 00000000 00:00 0 
7f0068dd5000-7f0068dd6000 ---p 00000000 00:00 0 
7f0068dd6000-7f0068ed6000 rw-p 00000000 00:00 0                          [stack:14719]
7f0068ed6000-7f0068ed7000 ---p 00000000 00:00 0 
7f0068ed7000-7f0068fd7000 rw-p 00000000 00:00 0                          [stack:14718]
7f0068fd7000-7f0068fd8000 ---p 00000000 00:00 0 
7f0068fd8000-7f00690d8000 rw-p 00000000 00:00 0                          [stack:14717]
7f00690d8000-7f00690d9000 ---p 00000000 00:00 0 
7f00690d9000-7f00691d9000 rw-p 00000000 00:00 0                          [stack:14716]
7f00691d9000-7f00691da000 ---p 00000000 00:00 0 
7f00691da000-7f00692da000 rw-p 00000000 00:00 0                          [stack:14715]
7f00692da000-7f00692db000 ---p 00000000 00:00 0 
7f00692db000-7f00693db000 rw-p 00000000 00:00 0                          [stack:14714]
7f00693db000-7f00693dc000 ---p 00000000 00:00 0 
7f00693dc000-7f00694dc000 rw-p 00000000 00:00 0                          [stack:14713]
7f00694dc000-7f00694dd000 ---p 00000000 00:00 0 
7f00694dd000-7f00695e8000 rw-p 00000000 00:00 0                          [stack:14712]
7f00695e8000-7f0069630000 rw-p 00000000 00:00 0 
7f0069630000-7f0069659000 rw-p 00000000 00:00 0 
7f0069659000-7f00696db000 rw-p 00000000 00:00 0 
7f00696db000-7f00696e6000 rw-p 00000000 00:00 0 
7f00696e6000-7f006972e000 rw-p 00000000 00:00 0 
7f006972e000-7f0069757000 rw-p 00000000 00:00 0 
7f0069757000-7f00697d8000 rw-p 00000000 00:00 0 
7f00697d8000-7f00697ee000 rw-p 00000000 00:00 0 
7f00697ee000-7f006982e000 rw-p 00000000 00:00 0 
7f006982e000-7f006982f000 rw-p 00000000 00:00 0 
7f006982f000-7f0069836000 r-xp 00000000 08:07 2233913                    /usr/lib/jvm/java-6-openjdk-amd64/jre/lib/amd64/libzip.so
7f0069836000-7f0069a35000 ---p 00007000 08:07 2233913                    /usr/lib/jvm/java-6-openjdk-amd64/jre/lib/amd64/libzip.so
7f0069a35000-7f0069a36000 r--p 00006000 08:07 2233913                    /usr/lib/jvm/java-6-openjdk-amd64/jre/lib/amd64/libzip.so
7f0069a36000-7f0069a37000 rw-p 00007000 08:07 2233913                    /usr/lib/jvm/java-6-openjdk-amd64/jre/lib/amd64/libzip.so
7f0069a37000-7f0069a43000 r-xp 00000000 08:07 1319772                    /lib/x86_64-linux-gnu/libnss_files-2.15.so
7f0069a43000-7f0069c42000 ---p 0000c000 08:07 1319772                    /lib/x86_64-linux-gnu/libnss_files-2.15.so
7f0069c42000-7f0069c43000 r--p 0000b000 08:07 1319772                    /lib/x86_64-linux-gnu/libnss_files-2.15.so
7f0069c43000-7f0069c44000 rw-p 0000c000 08:07 1319772                    /lib/x86_64-linux-gnu/libnss_files-2.15.so
7f0069c44000-7f0069c4e000 r-xp 00000000 08:07 1319776                    /lib/x86_64-linux-gnu/libnss_nis-2.15.so
7f0069c4e000-7f0069e4e000 ---p 0000a000 08:07 1319776                    /lib/x86_64-linux-gnu/libnss_nis-2.15.so
7f0069e4e000-7f0069e4f000 r--p 0000a000 08:07 1319776                    /lib/x86_64-linux-gnu/libnss_nis-2.15.so
7f0069e4f000-7f0069e50000 rw-p 0000b000 08:07 1319776                    /lib/x86_64-linux-gnu/libnss_nis-2.15.so
7f0069e50000-7f0069e67000 r-xp 00000000 08:07 1319788                    /lib/x86_64-linux-gnu/libnsl-2.15.so
7f0069e67000-7f006a066000 ---p 00017000 08:07 1319788                    /lib/x86_64-linux-gnu/libnsl-2.15.so
7f006a066000-7f006a067000 r--p 00016000 08:07 1319788                    /lib/x86_64-linux-gnu/libnsl-2.15.so
7f006a067000-7f006a068000 rw-p 00017000 08:07 1319788                    /lib/x86_64-linux-gnu/libnsl-2.15.so
7f006a068000-7f006a06a000 rw-p 00000000 00:00 0 
7f006a06a000-7f006a072000 r-xp 00000000 08:07 1319770                    /lib/x86_64-linux-gnu/libnss_compat-2.15.so
7f006a072000-7f006a271000 ---p 00008000 08:07 1319770                    /lib/x86_64-linux-gnu/libnss_compat-2.15.so
7f006a271000-7f006a272000 r--p 00007000 08:07 1319770                    /lib/x86_64-linux-gnu/libnss_compat-2.15.so
7f006a272000-7f006a273000 rw-p 00008000 08:07 1319770                    /lib/x86_64-linux-gnu/libnss_compat-2.15.so
7f006a273000-7f006a2a0000 r-xp 00000000 08:07 2232258                    /usr/lib/jvm/java-6-openjdk-amd64/jre/lib/amd64/libjava.so
7f006a2a0000-7f006a49f000 ---p 0002d000 08:07 2232258                    /usr/lib/jvm/java-6-openjdk-amd64/jre/lib/amd64/libjava.so
7f006a49f000-7f006a4a0000 r--p 0002c000 08:07 2232258                    /usr/lib/jvm/java-6-openjdk-amd64/jre/lib/amd64/libjava.so
7f006a4a0000-7f006a4a3000 rw-p 0002d000 08:07 2232258                    /usr/lib/jvm/java-6-openjdk-amd64/jre/lib/amd64/libjava.so
7f006a4a3000-7f006a4b1000 r-xp 00000000 08:07 2233933                    /usr/lib/jvm/java-6-openjdk-amd64/jre/lib/amd64/libverify.so
7f006a4b1000-7f006a6b0000 ---p 0000e000 08:07 2233933                    /usr/lib/jvm/java-6-openjdk-amd64/jre/lib/amd64/libverify.so
7f006a6b0000-7f006a6b2000 r--p 0000d000 08:07 2233933                    /usr/lib/jvm/java-6-openjdk-amd64/jre/lib/amd64/libverify.so
7f006a6b2000-7f006a6b3000 rw-p 0000f000 08:07 2233933                    /usr/lib/jvm/java-6-openjdk-amd64/jre/lib/amd64/libverify.so
7f006a6b3000-7f006a6ba000 r-xp 00000000 08:07 1319775                    /lib/x86_64-linux-gnu/librt-2.15.so
7f006a6ba000-7f006a8b9000 ---p 00007000 08:07 1319775                    /lib/x86_64-linux-gnu/librt-2.15.so
7f006a8b9000-7f006a8ba000 r--p 00006000 08:07 1319775                    /lib/x86_64-linux-gnu/librt-2.15.so
7f006a8ba000-7f006a8bb000 rw-p 00007000 08:07 1319775                    /lib/x86_64-linux-gnu/librt-2.15.so
7f006a8bb000-7f006a8d0000 r-xp 00000000 08:07 1314394                    /lib/x86_64-linux-gnu/libgcc_s.so.1
7f006a8d0000-7f006aacf000 ---p 00015000 08:07 1314394                    /lib/x86_64-linux-gnu/libgcc_s.so.1
7f006aacf000-7f006aad0000 r--p 00014000 08:07 1314394                    /lib/x86_64-linux-gnu/libgcc_s.so.1
7f006aad0000-7f006aad1000 rw-p 00015000 08:07 1314394                    /lib/x86_64-linux-gnu/libgcc_s.so.1
7f006aad1000-7f006abcc000 r-xp 00000000 08:07 1319779                    /lib/x86_64-linux-gnu/libm-2.15.so
7f006abcc000-7f006adcb000 ---p 000fb000 08:07 1319779                    /lib/x86_64-linux-gnu/libm-2.15.so
7f006adcb000-7f006adcc000 r--p 000fa000 08:07 1319779                    /lib/x86_64-linux-gnu/libm-2.15.so
7f006adcc000-7f006adcd000 rw-p 000fb000 08:07 1319779                    /lib/x86_64-linux-gnu/libm-2.15.so
7f006adcd000-7f006aeaf000 r-xp 00000000 08:07 2105124                    /usr/lib/x86_64-linux-gnu/libstdc++.so.6.0.16
7f006aeaf000-7f006b0ae000 ---p 000e2000 08:07 2105124                    /usr/lib/x86_64-linux-gnu/libstdc++.so.6.0.16
7f006b0ae000-7f006b0b6000 r--p 000e1000 08:07 2105124                    /usr/lib/x86_64-linux-gnu/libstdc++.so.6.0.16
7f006b0b6000-7f006b0b8000 rw-p 000e9000 08:07 2105124                    /usr/lib/x86_64-linux-gnu/libstdc++.so.6.0.16
7f006b0b8000-7f006b0cd000 rw-p 00000000 00:00 0 
7f006b0cd000-7f006baa2000 r-xp 00000000 08:07 2236029                    /usr/lib/jvm/java-6-openjdk-amd64/jre/lib/amd64/server/libjvm.so
7f006baa2000-7f006bca2000 ---p 009d5000 08:07 2236029                    /usr/lib/jvm/java-6-openjdk-amd64/jre/lib/amd64/server/libjvm.so
7f006bca2000-7f006bd21000 r--p 009d5000 08:07 2236029                    /usr/lib/jvm/java-6-openjdk-amd64/jre/lib/amd64/server/libjvm.so
7f006bd21000-7f006bd44000 rw-p 00a54000 08:07 2236029                    /usr/lib/jvm/java-6-openjdk-amd64/jre/lib/amd64/server/libjvm.so
7f006bd44000-7f006bd6e000 rw-p 00000000 00:00 0 
7f006bd6e000-7f006bd84000 r-xp 00000000 08:07 1314484                    /lib/x86_64-linux-gnu/libz.so.1.2.3.4
7f006bd84000-7f006bf83000 ---p 00016000 08:07 1314484                    /lib/x86_64-linux-gnu/libz.so.1.2.3.4
7f006bf83000-7f006bf84000 r--p 00015000 08:07 1314484                    /lib/x86_64-linux-gnu/libz.so.1.2.3.4
7f006bf84000-7f006bf85000 rw-p 00016000 08:07 1314484                    /lib/x86_64-linux-gnu/libz.so.1.2.3.4
7f006bf85000-7f006c13a000 r-xp 00000000 08:07 1319768                    /lib/x86_64-linux-gnu/libc-2.15.so
7f006c13a000-7f006c33a000 ---p 001b5000 08:07 1319768                    /lib/x86_64-linux-gnu/libc-2.15.so
7f006c33a000-7f006c33e000 r--p 001b5000 08:07 1319768                    /lib/x86_64-linux-gnu/libc-2.15.so
7f006c33e000-7f006c340000 rw-p 001b9000 08:07 1319768                    /lib/x86_64-linux-gnu/libc-2.15.so
7f006c340000-7f006c345000 rw-p 00000000 00:00 0 
7f006c345000-7f006c347000 r-xp 00000000 08:07 1319783                    /lib/x86_64-linux-gnu/libdl-2.15.so
7f006c347000-7f006c547000 ---p 00002000 08:07 1319783                    /lib/x86_64-linux-gnu/libdl-2.15.so
7f006c547000-7f006c548000 r--p 00002000 08:07 1319783                    /lib/x86_64-linux-gnu/libdl-2.15.so
7f006c548000-7f006c549000 rw-p 00003000 08:07 1319783                    /lib/x86_64-linux-gnu/libdl-2.15.so
7f006c549000-7f006c54d000 r-xp 00000000 08:07 2265121                    /usr/lib/jvm/java-6-openjdk-amd64/jre/lib/amd64/jli/libjli.so
7f006c54d000-7f006c74c000 ---p 00004000 08:07 2265121                    /usr/lib/jvm/java-6-openjdk-amd64/jre/lib/amd64/jli/libjli.so
7f006c74c000-7f006c74d000 r--p 00003000 08:07 2265121                    /usr/lib/jvm/java-6-openjdk-amd64/jre/lib/amd64/jli/libjli.so
7f006c74d000-7f006c74e000 rw-p 00004000 08:07 2265121                    /usr/lib/jvm/java-6-openjdk-amd64/jre/lib/amd64/jli/libjli.so
7f006c74e000-7f006c766000 r-xp 00000000 08:07 1319777                    /lib/x86_64-linux-gnu/libpthread-2.15.so
7f006c766000-7f006c965000 ---p 00018000 08:07 1319777                    /lib/x86_64-linux-gnu/libpthread-2.15.so
7f006c965000-7f006c966000 r--p 00017000 08:07 1319777                    /lib/x86_64-linux-gnu/libpthread-2.15.so
7f006c966000-7f006c967000 rw-p 00018000 08:07 1319777                    /lib/x86_64-linux-gnu/libpthread-2.15.so
7f006c967000-7f006c96b000 rw-p 00000000 00:00 0 
7f006c96b000-7f006c98d000 r-xp 00000000 08:07 1319780                    /lib/x86_64-linux-gnu/ld-2.15.so
7f006c98d000-7f006c98f000 r--s 00000000 08:07 5775371                    /var/cache/fontconfig/67709b7835c0f764c1135060c9575660-le64.cache-3
7f006c98f000-7f006c990000 r--s 00000000 08:07 5775379                    /var/cache/fontconfig/ac2cf712d852da827a87a9baf682f5b9-le64.cache-3
7f006c990000-7f006c992000 r--s 00000000 08:07 5775377                    /var/cache/fontconfig/65f976e5259cbe6dc7697b8648396239-le64.cache-3
7f006c992000-7f006c993000 r--s 00000000 08:07 5775375                    /var/cache/fontconfig/845c20fd2c4814bcec78e05d37a63ccc-le64.cache-3
7f006c993000-7f006c997000 r--s 00000000 08:07 5775370                    /var/cache/fontconfig/7ef2298fde41cc6eeb7af42e48b7d293-le64.cache-3
7f006c997000-7f006c99d000 r--s 00046000 08:08 2623784                    /home/bruno/devel_ws/src/policy_generator/prism_ros_bridge/prism/prism-robots/prism/lib/jcommon.jar
7f006c99d000-7f006c9a7000 rw-p 00000000 00:00 0 
7f006c9a7000-7f006ca5d000 rw-p 00000000 00:00 0 
7f006ca5d000-7f006ca60000 ---p 00000000 00:00 0 
7f006ca60000-7f006cb63000 rw-p 00000000 00:00 0                          [stack:14711]
7f006cb63000-7f006cb64000 r--s 00000000 08:07 5775373                    /var/cache/fontconfig/e7de81b01590fb7e12b38e274e17d0db-le64.cache-3
7f006cb64000-7f006cb66000 r--s 00000000 08:07 5775371                    /var/cache/fontconfig/67709b7835c0f764c1135060c9575660-le64.cache-3
7f006cb66000-7f006cb77000 r--s 0014c000 08:08 2623782                    /home/bruno/devel_ws/src/policy_generator/prism_ros_bridge/prism/prism-robots/prism/lib/jfreechart.jar
7f006cb77000-7f006cb7e000 r--s 0004f000 08:08 2623783                    /home/bruno/devel_ws/src/policy_generator/prism_ros_bridge/prism/prism-robots/prism/lib/log4j.jar
7f006cb7e000-7f006cb81000 r--s 00015000 08:08 2623812                    /home/bruno/devel_ws/src/policy_generator/prism_ros_bridge/prism/prism-robots/prism/lib/pepa.zip
7f006cb81000-7f006cb89000 rw-s 00000000 08:07 3935715                    /tmp/hsperfdata_bruno/14710
7f006cb89000-7f006cb8a000 rw-p 00000000 00:00 0 
7f006cb8a000-7f006cb8b000 r--p 00000000 00:00 0 
7f006cb8b000-7f006cb8d000 rw-p 00000000 00:00 0 
7f006cb8d000-7f006cb8e000 r--p 00022000 08:07 1319780                    /lib/x86_64-linux-gnu/ld-2.15.so
7f006cb8e000-7f006cb90000 rw-p 00023000 08:07 1319780                    /lib/x86_64-linux-gnu/ld-2.15.so
7fffb0605000-7fffb0627000 rw-p 00000000 00:00 0                          [stack]
7fffb0767000-7fffb0768000 r-xp 00000000 00:00 0                          [vdso]
ffffffffff600000-ffffffffff601000 r-xp 00000000 00:00 0                  [vsyscall]

VM Arguments:
jvm_args: -Xmx512m -Djava.awt.headless=true -Djava.library.path=/home/bruno/devel_ws/src/policy_generator/prism_ros_bridge/prism/prism-robots/prism/lib 
java_command: prism.PrismManager ../prism-examples/polling/poll2.sm ../prism-examples/polling/poll3.sm
Launcher Type: SUN_STANDARD

Environment Variables:
PATH=/home/bruno/devel_ws/devel/bin:/opt/strands/strands_ws/devel/bin:/opt/ros/hydro/bin:/usr/lib/lightdm/lightdm:/usr/local/sbin:/usr/local/bin:/usr/sbin:/usr/bin:/sbin:/bin:/usr/games:/opt/strands/bin
LD_LIBRARY_PATH=/usr/lib/jvm/java-6-openjdk-amd64/jre/lib/amd64/server:/usr/lib/jvm/java-6-openjdk-amd64/jre/lib/amd64:/usr/lib/jvm/java-6-openjdk-amd64/jre/../lib/amd64:/home/bruno/devel_ws/src/policy_generator/prism_ros_bridge/prism/prism-robots/prism/lib:/home/bruno/devel_ws/devel/lib:/opt/strands/strands_ws/devel/lib:/opt/ros/hydro/lib
SHELL=/bin/bash
DISPLAY=:0

Signal Handlers:
SIGSEGV: [libjvm.so+0x83cff0], sa_mask[0]=0x7ffbfeff, sa_flags=0x10000004
SIGBUS: [libjvm.so+0x83cff0], sa_mask[0]=0x7ffbfeff, sa_flags=0x10000004
SIGFPE: [libjvm.so+0x6dde00], sa_mask[0]=0x7ffbfeff, sa_flags=0x10000004
SIGPIPE: [libjvm.so+0x6dde00], sa_mask[0]=0x7ffbfeff, sa_flags=0x10000004
SIGXFSZ: [libjvm.so+0x6dde00], sa_mask[0]=0x7ffbfeff, sa_flags=0x10000004
SIGILL: [libjvm.so+0x6dde00], sa_mask[0]=0x7ffbfeff, sa_flags=0x10000004
SIGUSR1: SIG_DFL, sa_mask[0]=0x00000000, sa_flags=0x00000000
SIGUSR2: [libjvm.so+0x6de240], sa_mask[0]=0x00000000, sa_flags=0x10000004
SIGHUP: [libjvm.so+0x6de380], sa_mask[0]=0x7ffbfeff, sa_flags=0x10000004
SIGINT: [libjvm.so+0x6de380], sa_mask[0]=0x7ffbfeff, sa_flags=0x10000004
SIGTERM: [libjvm.so+0x6de380], sa_mask[0]=0x7ffbfeff, sa_flags=0x10000004
SIGQUIT: [libjvm.so+0x6de380], sa_mask[0]=0x7ffbfeff, sa_flags=0x10000004


---------------  S Y S T E M  ---------------

OS:Ubuntu 12.04 (precise)
uname:Linux 3.5.0-48-generic #72~precise1-Ubuntu SMP Tue Mar 11 20:09:08 UTC 2014 x86_64
libc:glibc 2.15 NPTL 2.15 
rlimit: STACK 8192k, CORE 0k, NPROC 62136, NOFILE 4096, AS infinity
load average:0.27 0.30 0.37

/proc/meminfo:
MemTotal:        8052808 kB
MemFree:         2709172 kB
Buffers:          562008 kB
Cached:          2699124 kB
SwapCached:            0 kB
Active:          2337056 kB
Inactive:        2508916 kB
Active(anon):    1720868 kB
Inactive(anon):   236168 kB
Active(file):     616188 kB
Inactive(file):  2272748 kB
Unevictable:          16 kB
Mlocked:              16 kB
SwapTotal:       2097148 kB
SwapFree:        2097148 kB
Dirty:               368 kB
Writeback:             0 kB
AnonPages:       1585468 kB
Mapped:           258808 kB
Shmem:            372196 kB
Slab:             338868 kB
SReclaimable:     300024 kB
SUnreclaim:        38844 kB
KernelStack:        5144 kB
PageTables:        46836 kB
NFS_Unstable:          0 kB
Bounce:                0 kB
WritebackTmp:          0 kB
CommitLimit:     6123552 kB
Committed_AS:    5587644 kB
VmallocTotal:   34359738367 kB
VmallocUsed:      835556 kB
VmallocChunk:   34358871248 kB
HardwareCorrupted:     0 kB
AnonHugePages:         0 kB
HugePages_Total:       0
HugePages_Free:        0
HugePages_Rsvd:        0
HugePages_Surp:        0
Hugepagesize:       2048 kB
DirectMap4k:       79872 kB
DirectMap2M:     8216576 kB


CPU:total 8 (4 cores per cpu, 2 threads per core) family 6 model 58 stepping 9, cmov, cx8, fxsr, mmx, sse, sse2, sse3, ssse3, sse4.1, sse4.2, popcnt, avx, ht, tsc, tscinvbit, tscinv

/proc/cpuinfo:
processor	: 0
vendor_id	: GenuineIntel
cpu family	: 6
model		: 58
model name	: Intel(R) Core(TM) i7-3632QM CPU @ 2.20GHz
stepping	: 9
microcode	: 0x15
cpu MHz		: 1200.000
cache size	: 6144 KB
physical id	: 0
siblings	: 8
core id		: 0
cpu cores	: 4
apicid		: 0
initial apicid	: 0
fpu		: yes
fpu_exception	: yes
cpuid level	: 13
wp		: yes
flags		: fpu vme de pse tsc msr pae mce cx8 apic sep mtrr pge mca cmov pat pse36 clflush dts acpi mmx fxsr sse sse2 ss ht tm pbe syscall nx rdtscp lm constant_tsc arch_perfmon pebs bts rep_good nopl xtopology nonstop_tsc aperfmperf pni pclmulqdq dtes64 monitor ds_cpl vmx est tm2 ssse3 cx16 xtpr pdcm pcid sse4_1 sse4_2 x2apic popcnt tsc_deadline_timer aes xsave avx f16c rdrand lahf_lm ida arat epb xsaveopt pln pts dtherm tpr_shadow vnmi flexpriority ept vpid fsgsbase smep erms
bogomips	: 4390.34
clflush size	: 64
cache_alignment	: 64
address sizes	: 36 bits physical, 48 bits virtual
power management:

processor	: 1
vendor_id	: GenuineIntel
cpu family	: 6
model		: 58
model name	: Intel(R) Core(TM) i7-3632QM CPU @ 2.20GHz
stepping	: 9
microcode	: 0x15
cpu MHz		: 1200.000
cache size	: 6144 KB
physical id	: 0
siblings	: 8
core id		: 0
cpu cores	: 4
apicid		: 1
initial apicid	: 1
fpu		: yes
fpu_exception	: yes
cpuid level	: 13
wp		: yes
flags		: fpu vme de pse tsc msr pae mce cx8 apic sep mtrr pge mca cmov pat pse36 clflush dts acpi mmx fxsr sse sse2 ss ht tm pbe syscall nx rdtscp lm constant_tsc arch_perfmon pebs bts rep_good nopl xtopology nonstop_tsc aperfmperf pni pclmulqdq dtes64 monitor ds_cpl vmx est tm2 ssse3 cx16 xtpr pdcm pcid sse4_1 sse4_2 x2apic popcnt tsc_deadline_timer aes xsave avx f16c rdrand lahf_lm ida arat epb xsaveopt pln pts dtherm tpr_shadow vnmi flexpriority ept vpid fsgsbase smep erms
bogomips	: 4390.34
clflush size	: 64
cache_alignment	: 64
address sizes	: 36 bits physical, 48 bits virtual
power management:

processor	: 2
vendor_id	: GenuineIntel
cpu family	: 6
model		: 58
model name	: Intel(R) Core(TM) i7-3632QM CPU @ 2.20GHz
stepping	: 9
microcode	: 0x15
cpu MHz		: 2201.000
cache size	: 6144 KB
physical id	: 0
siblings	: 8
core id		: 1
cpu cores	: 4
apicid		: 2
initial apicid	: 2
fpu		: yes
fpu_exception	: yes
cpuid level	: 13
wp		: yes
flags		: fpu vme de pse tsc msr pae mce cx8 apic sep mtrr pge mca cmov pat pse36 clflush dts acpi mmx fxsr sse sse2 ss ht tm pbe syscall nx rdtscp lm constant_tsc arch_perfmon pebs bts rep_good nopl xtopology nonstop_tsc aperfmperf pni pclmulqdq dtes64 monitor ds_cpl vmx est tm2 ssse3 cx16 xtpr pdcm pcid sse4_1 sse4_2 x2apic popcnt tsc_deadline_timer aes xsave avx f16c rdrand lahf_lm ida arat epb xsaveopt pln pts dtherm tpr_shadow vnmi flexpriority ept vpid fsgsbase smep erms
bogomips	: 4390.34
clflush size	: 64
cache_alignment	: 64
address sizes	: 36 bits physical, 48 bits virtual
power management:

processor	: 3
vendor_id	: GenuineIntel
cpu family	: 6
model		: 58
model name	: Intel(R) Core(TM) i7-3632QM CPU @ 2.20GHz
stepping	: 9
microcode	: 0x15
cpu MHz		: 1200.000
cache size	: 6144 KB
physical id	: 0
siblings	: 8
core id		: 1
cpu cores	: 4
apicid		: 3
initial apicid	: 3
fpu		: yes
fpu_exception	: yes
cpuid level	: 13
wp		: yes
flags		: fpu vme de pse tsc msr pae mce cx8 apic sep mtrr pge mca cmov pat pse36 clflush dts acpi mmx fxsr sse sse2 ss ht tm pbe syscall nx rdtscp lm constant_tsc arch_perfmon pebs bts rep_good nopl xtopology nonstop_tsc aperfmperf pni pclmulqdq dtes64 monitor ds_cpl vmx est tm2 ssse3 cx16 xtpr pdcm pcid sse4_1 sse4_2 x2apic popcnt tsc_deadline_timer aes xsave avx f16c rdrand lahf_lm ida arat epb xsaveopt pln pts dtherm tpr_shadow vnmi flexpriority ept vpid fsgsbase smep erms
bogomips	: 4390.34
clflush size	: 64
cache_alignment	: 64
address sizes	: 36 bits physical, 48 bits virtual
power management:

processor	: 4
vendor_id	: GenuineIntel
cpu family	: 6
model		: 58
model name	: Intel(R) Core(TM) i7-3632QM CPU @ 2.20GHz
stepping	: 9
microcode	: 0x15
cpu MHz		: 1200.000
cache size	: 6144 KB
physical id	: 0
siblings	: 8
core id		: 2
cpu cores	: 4
apicid		: 4
initial apicid	: 4
fpu		: yes
fpu_exception	: yes
cpuid level	: 13
wp		: yes
flags		: fpu vme de pse tsc msr pae mce cx8 apic sep mtrr pge mca cmov pat pse36 clflush dts acpi mmx fxsr sse sse2 ss ht tm pbe syscall nx rdtscp lm constant_tsc arch_perfmon pebs bts rep_good nopl xtopology nonstop_tsc aperfmperf pni pclmulqdq dtes64 monitor ds_cpl vmx est tm2 ssse3 cx16 xtpr pdcm pcid sse4_1 sse4_2 x2apic popcnt tsc_deadline_timer aes xsave avx f16c rdrand lahf_lm ida arat epb xsaveopt pln pts dtherm tpr_shadow vnmi flexpriority ept vpid fsgsbase smep erms
bogomips	: 4390.34
clflush size	: 64
cache_alignment	: 64
address sizes	: 36 bits physical, 48 bits virtual
power management:

processor	: 5
vendor_id	: GenuineIntel
cpu family	: 6
model		: 58
model name	: Intel(R) Core(TM) i7-3632QM CPU @ 2.20GHz
stepping	: 9
microcode	: 0x15
cpu MHz		: 1200.000
cache size	: 6144 KB
physical id	: 0
siblings	: 8
core id		: 2
cpu cores	: 4
apicid		: 5
initial apicid	: 5
fpu		: yes
fpu_exception	: yes
cpuid level	: 13
wp		: yes
flags		: fpu vme de pse tsc msr pae mce cx8 apic sep mtrr pge mca cmov pat pse36 clflush dts acpi mmx fxsr sse sse2 ss ht tm pbe syscall nx rdtscp lm constant_tsc arch_perfmon pebs bts rep_good nopl xtopology nonstop_tsc aperfmperf pni pclmulqdq dtes64 monitor ds_cpl vmx est tm2 ssse3 cx16 xtpr pdcm pcid sse4_1 sse4_2 x2apic popcnt tsc_deadline_timer aes xsave avx f16c rdrand lahf_lm ida arat epb xsaveopt pln pts dtherm tpr_shadow vnmi flexpriority ept vpid fsgsbase smep erms
bogomips	: 4390.34
clflush size	: 64
cache_alignment	: 64
address sizes	: 36 bits physical, 48 bits virtual
power management:

processor	: 6
vendor_id	: GenuineIntel
cpu family	: 6
model		: 58
model name	: Intel(R) Core(TM) i7-3632QM CPU @ 2.20GHz
stepping	: 9
microcode	: 0x15
cpu MHz		: 1200.000
cache size	: 6144 KB
physical id	: 0
siblings	: 8
core id		: 3
cpu cores	: 4
apicid		: 6
initial apicid	: 6
fpu		: yes
fpu_exception	: yes
cpuid level	: 13
wp		: yes
flags		: fpu vme de pse tsc msr pae mce cx8 apic sep mtrr pge mca cmov pat pse36 clflush dts acpi mmx fxsr sse sse2 ss ht tm pbe syscall nx rdtscp lm constant_tsc arch_perfmon pebs bts rep_good nopl xtopology nonstop_tsc aperfmperf pni pclmulqdq dtes64 monitor ds_cpl vmx est tm2 ssse3 cx16 xtpr pdcm pcid sse4_1 sse4_2 x2apic popcnt tsc_deadline_timer aes xsave avx f16c rdrand lahf_lm ida arat epb xsaveopt pln pts dtherm tpr_shadow vnmi flexpriority ept vpid fsgsbase smep erms
bogomips	: 4390.34
clflush size	: 64
cache_alignment	: 64
address sizes	: 36 bits physical, 48 bits virtual
power management:

processor	: 7
vendor_id	: GenuineIntel
cpu family	: 6
model		: 58
model name	: Intel(R) Core(TM) i7-3632QM CPU @ 2.20GHz
stepping	: 9
microcode	: 0x15
cpu MHz		: 2201.000
cache size	: 6144 KB
physical id	: 0
siblings	: 8
core id		: 3
cpu cores	: 4
apicid		: 7
initial apicid	: 7
fpu		: yes
fpu_exception	: yes
cpuid level	: 13
wp		: yes
flags		: fpu vme de pse tsc msr pae mce cx8 apic sep mtrr pge mca cmov pat pse36 clflush dts acpi mmx fxsr sse sse2 ss ht tm pbe syscall nx rdtscp lm constant_tsc arch_perfmon pebs bts rep_good nopl xtopology nonstop_tsc aperfmperf pni pclmulqdq dtes64 monitor ds_cpl vmx est tm2 ssse3 cx16 xtpr pdcm pcid sse4_1 sse4_2 x2apic popcnt tsc_deadline_timer aes xsave avx f16c rdrand lahf_lm ida arat epb xsaveopt pln pts dtherm tpr_shadow vnmi flexpriority ept vpid fsgsbase smep erms
bogomips	: 4390.34
clflush size	: 64
cache_alignment	: 64
address sizes	: 36 bits physical, 48 bits virtual
power management:



Memory: 4k page, physical 8052808k(2709172k free), swap 2097148k(2097148k free)

vm_info: OpenJDK 64-Bit Server VM (23.25-b01) for linux-amd64 JRE (1.6.0_30-b30), built on Mar 26 2014 14:14:35 by "buildd" with gcc 4.6.3

time: Mon Apr 21 13:18:10 2014
elapsed time: 2 seconds

