#
# A fatal error has been detected by the Java Runtime Environment:
#
#  SIGSEGV (0xb) at pc=0x00007f7b038edc04, pid=17092, tid=140166329362176
#
# JRE version: 6.0_30-b30
# Java VM: OpenJDK 64-Bit Server VM (23.25-b01 mixed mode linux-amd64 compressed oops)
# Problematic frame:
# C  [libc.so.6+0x6fc04]  fwrite+0x34
#
# Failed to write core dump. Core dumps have been disabled. To enable core dumping, try "ulimit -c unlimited" before starting Java again
#
# If you would like to submit a bug report, please include
# instructions how to reproduce the bug and visit:
#   https://bugs.launchpad.net/ubuntu/+source/openjdk-6/
# The crash happened outside the Java Virtual Machine in native code.
# See problematic frame for where to report the bug.
#

---------------  T H R E A D  ---------------

Current thread (0x00007f7afc00a000):  JavaThread "main" [_thread_in_native, id=17093, stack(0x00007f7b04356000,0x00007f7b04457000)]

siginfo:si_signo=SIGSEGV: si_errno=0, si_code=1 (SEGV_MAPERR), si_addr=0x0000000000000000

Registers:
RAX=0x0000000000000001, RBX=0x0000000000000000, RCX=0x0000000000000000, RDX=0x0000000000000001
RSP=0x00007f7b04455080, RBP=0x0000000000000001, RSI=0x0000000000000001, RDI=0x00007f7afc5358a0
R8 =0x00007f7afc5358a0, R9 =0x0000000000000001, R10=0x00007f7afc5358a1, R11=0x0000000000000027
R12=0x0000000000000001, R13=0x0000000000000001, R14=0x00007f7b04455170, R15=0x00007f7afc00a000
RIP=0x00007f7b038edc04, EFLAGS=0x0000000000010202, CSGSFS=0x0000000000000033, ERR=0x0000000000000004
  TRAPNO=0x000000000000000e

Top of Stack: (sp=0x00007f7b04455080)
0x00007f7b04455080:   00007f7b04455160 00007f7afc00a1d8
0x00007f7b04455090:   00007f7afc5358a0 00007f7b04455160
0x00007f7b044550a0:   0000000000000000 00007f7af09d995d
0x00007f7b044550b0:   00007f7b04455278 00000000d5cac3a8
0x00007f7b044550c0:   00007f7b04455140 0000000000000000
0x00007f7b044550d0:   00000000d5cac3a8 00007f7af9011790
0x00007f7b044550e0:   00007f7b04455278 00007f7b04455228
0x00007f7b044550f0:   00007f7b04455228 00007f7af901c443
0x00007f7b04455100:   00007f7b04455100 0000000000000000
0x00007f7b04455110:   00007f7b04455170 00000000d5cacf58
0x00007f7b04455120:   0000000000000000 00000000d5cac3a8
0x00007f7b04455130:   0000000000000000 00007f7b04455160
0x00007f7b04455140:   00007f7b044551b8 00007f7af9005e9a
0x00007f7b04455150:   00000000f55ccf78 00007f7af900e598
0x00007f7b04455160:   00000000f57fb780 0000000000000000
0x00007f7b04455170:   00007f7af9005410 00007f7b04455178
0x00007f7b04455180:   00000000d5c7879d 00007f7b044551d0
0x00007f7b04455190:   00000000d5ca9c50 0000000000000000
0x00007f7b044551a0:   00000000d5c787a8 00007f7b04455160
0x00007f7b044551b0:   00007f7b044551c8 00007f7b04455218
0x00007f7b044551c0:   00007f7af9005e9a 00000000f57fb780
0x00007f7b044551d0:   00000000f65e3520 00007f7b044551d8
0x00007f7b044551e0:   00000000d5c785da 00007f7b04455230
0x00007f7b044551f0:   00000000d5ca9c50 0000000000000000
0x00007f7b04455200:   00000000d5c785e8 00007f7b044551c8
0x00007f7b04455210:   00007f7b04455228 00007f7b04455278
0x00007f7b04455220:   00007f7af9005e9a 00000000f57fb780
0x00007f7b04455230:   00000000f65e3520 00007f7b04455238
0x00007f7b04455240:   00000000d66a5a16 00007f7b044552a8
0x00007f7b04455250:   00000000d66a7780 0000000000000000
0x00007f7b04455260:   00000000d66a5a98 00007f7b04455228
0x00007f7b04455270:   00007f7b04455298 00007f7b044552f0 

Instructions: (pc=0x00007f7b038edc04)
0x00007f7b038edbe4:   24 e8 4c 89 64 24 f0 48 83 ec 28 49 89 f8 49 89
0x00007f7b038edbf4:   f4 48 89 d5 48 89 cb 4d 85 ed 0f 84 ec 00 00 00
0x00007f7b038edc04:   8b 01 25 00 80 00 00 75 48 48 8b 91 88 00 00 00
0x00007f7b038edc14:   64 4c 8b 0c 25 10 00 00 00 4c 3b 4a 08 74 2e be 

Register to memory mapping:

RAX=0x0000000000000001 is an unknown value
RBX=0x0000000000000000 is an unknown value
RCX=0x0000000000000000 is an unknown value
RDX=0x0000000000000001 is an unknown value
RSP=0x00007f7b04455080 is pointing into the stack for thread: 0x00007f7afc00a000
RBP=0x0000000000000001 is an unknown value
RSI=0x0000000000000001 is an unknown value
RDI=0x00007f7afc5358a0 is an unknown value
R8 =0x00007f7afc5358a0 is an unknown value
R9 =0x0000000000000001 is an unknown value
R10=0x00007f7afc5358a1 is an unknown value
R11=0x0000000000000027 is an unknown value
R12=0x0000000000000001 is an unknown value
R13=0x0000000000000001 is an unknown value
R14=0x00007f7b04455170 is pointing into the stack for thread: 0x00007f7afc00a000
R15=0x00007f7afc00a000 is a thread


Stack: [0x00007f7b04356000,0x00007f7b04457000],  sp=0x00007f7b04455080,  free space=1020k
Native frames: (J=compiled Java code, j=interpreted, Vv=VM code, C=native code)
C  [libc.so.6+0x6fc04]  fwrite+0x34

Java frames: (J=compiled Java code, j=interpreted, Vv=VM code)
j  prism.PrismNative.PN_PrintToFile(JLjava/lang/String;)V+0
j  prism.PrismFileLog.printToLog(Ljava/lang/String;)V+5
j  prism.PrismFileLog.print(Ljava/lang/String;)V+2
j  prism.ProbModel.exportStates(ILprism/PrismLog;)V+14
j  prism.NondetModelChecker.checkRewardCoSafeLTL(Lparser/ast/Expression;Ljdd/JDDNode;Ljdd/JDDNode;Z)Lprism/StateValues;+547
j  prism.NondetModelChecker.checkRewardPathFormula(Lparser/ast/Expression;Ljdd/JDDNode;Ljdd/JDDNode;Z)Lprism/StateValues;+44
j  prism.NondetModelChecker.checkExpressionReward(Lparser/ast/ExpressionReward;)Lprism/StateValues;+647
j  prism.NondetModelChecker.checkExpression(Lparser/ast/Expression;)Lprism/StateValues;+31
j  prism.StateModelChecker.checkExpressionFilter(Lparser/ast/ExpressionFilter;)Lprism/StateValues;+302
j  prism.StateModelChecker.checkExpression(Lparser/ast/Expression;)Lprism/StateValues;+295
j  prism.NonProbModelChecker.checkExpression(Lparser/ast/Expression;)Lprism/StateValues;+46
j  prism.NondetModelChecker.checkExpression(Lparser/ast/Expression;)Lprism/StateValues;+83
j  prism.StateModelChecker.check(Lparser/ast/Expression;)Lprism/Result;+173
j  prism.Prism.modelCheck(Lparser/ast/PropertiesFile;Lparser/ast/Property;)Lprism/Result;+365
j  prism.PrismManager.callPrism(Ljava/lang/String;Ljava/lang/String;Z)Lprism/Result;+177
j  prism.PrismManager.main([Ljava/lang/String;)V+405
v  ~StubRoutines::call_stub

---------------  P R O C E S S  ---------------

Java Threads: ( => current thread )
  0x00007f7afc2a4000 JavaThread "Java2D Disposer" daemon [_thread_blocked, id=17110, stack(0x00007f7aebeff000,0x00007f7aec000000)]
  0x00007f7afc104000 JavaThread "Low Memory Detector" daemon [_thread_blocked, id=17108, stack(0x00007f7af0f34000,0x00007f7af1035000)]
  0x00007f7afc101800 JavaThread "C2 CompilerThread1" daemon [_thread_blocked, id=17107, stack(0x00007f7af1035000,0x00007f7af1136000)]
  0x00007f7afc0fe800 JavaThread "C2 CompilerThread0" daemon [_thread_blocked, id=17106, stack(0x00007f7af1136000,0x00007f7af1237000)]
  0x00007f7afc0fc800 JavaThread "Signal Dispatcher" daemon [_thread_blocked, id=17105, stack(0x00007f7af1237000,0x00007f7af1338000)]
  0x00007f7afc0ad800 JavaThread "Finalizer" daemon [_thread_blocked, id=17104, stack(0x00007f7af1a1b000,0x00007f7af1b1c000)]
  0x00007f7afc0ab800 JavaThread "Reference Handler" daemon [_thread_blocked, id=17103, stack(0x00007f7b00059000,0x00007f7b0015a000)]
=>0x00007f7afc00a000 JavaThread "main" [_thread_in_native, id=17093, stack(0x00007f7b04356000,0x00007f7b04457000)]

Other Threads:
  0x00007f7afc09c800 VMThread [stack: 0x00007f7af1b1c000,0x00007f7af1c1d000] [id=17102]
  0x00007f7afc10e800 WatcherThread [stack: 0x00007f7af0e33000,0x00007f7af0f34000] [id=17109]

VM state:not at safepoint (normal execution)

VM Mutex/Monitor currently owned by a thread: None

Heap
 PSYoungGen      total 36736K, used 17072K [0x00000000f5560000, 0x00000000f7e50000, 0x0000000100000000)
  eden space 31552K, 54% used [0x00000000f5560000,0x00000000f660c3d8,0x00000000f7430000)
  from space 5184K, 0% used [0x00000000f7940000,0x00000000f7940000,0x00000000f7e50000)
  to   space 5184K, 0% used [0x00000000f7430000,0x00000000f7430000,0x00000000f7940000)
 ParOldGen       total 83968K, used 0K [0x00000000e0000000, 0x00000000e5200000, 0x00000000f5560000)
  object space 83968K, 0% used [0x00000000e0000000,0x00000000e0000000,0x00000000e5200000)
 PSPermGen       total 21248K, used 13658K [0x00000000d5a00000, 0x00000000d6ec0000, 0x00000000e0000000)
  object space 21248K, 64% used [0x00000000d5a00000,0x00000000d6756a60,0x00000000d6ec0000)

Card table byte_map: [0x00007f7b00fd4000,0x00007f7b01128000] byte_map_base: 0x00007f7b00927000

Polling page: 0x00007f7b04483000

Code Cache  [0x00007f7af9000000, 0x00007f7af9270000, 0x00007f7afc000000)
 total_blobs=528 nmethods=87 adapters=394 free_code_cache=48408Kb largest_free_block=49550592

Compilation events (10 events):
Event: 193.029 Thread 0x00007f7afc0fe800   81  s          java.util.Vector::indexOf (67 bytes)
Event: 193.036 Thread 0x00007f7afc0fe800 nmethod 81 0x00007f7af90a8b10 code [0x00007f7af90a8c80, 0x00007f7af90a95f8]
Event: 193.039 Thread 0x00007f7afc101800   82  s          java.util.Vector::indexOf (67 bytes)
Event: 193.043 Thread 0x00007f7afc0fe800   83             sun.net.www.ParseUtil::encodePath (336 bytes)
Event: 193.046 Thread 0x00007f7afc101800 nmethod 82 0x00007f7af90a7e50 code [0x00007f7af90a7fc0, 0x00007f7af90a8938]
Event: 193.046 Thread 0x00007f7afc101800   84             java.nio.Buffer::position (43 bytes)
Event: 193.046 Thread 0x00007f7afc101800 nmethod 84 0x00007f7af90a7c10 code [0x00007f7af90a7d40, 0x00007f7af90a7db8]
Event: 193.051 Thread 0x00007f7afc101800   85             java.nio.charset.CoderResult::isUnderflow (13 bytes)
Event: 193.051 Thread 0x00007f7afc101800 nmethod 85 0x00007f7af90a7a10 code [0x00007f7af90a7b40, 0x00007f7af90a7b98]
Event: 193.059 Thread 0x00007f7afc0fe800 nmethod 83 0x00007f7af90b3450 code [0x00007f7af90b36a0, 0x00007f7af90b46b8]

GC Heap History (0 events):
No events

Deoptimization events (6 events):
Event: 193.024 Thread 0x00007f7afc00a000 Uncommon trap -122 fr.pc 0x00007f7af909dbf0
Event: 193.038 Thread 0x00007f7afc00a000 Uncommon trap -58 fr.pc 0x00007f7af90a9578
Event: 193.038 Thread 0x00007f7afc00a000 Uncommon trap -58 fr.pc 0x00007f7af90a9578
Event: 193.038 Thread 0x00007f7afc00a000 Uncommon trap -58 fr.pc 0x00007f7af90a9578
Event: 193.038 Thread 0x00007f7afc00a000 Uncommon trap -58 fr.pc 0x00007f7af90a9578
Event: 193.050 Thread 0x00007f7afc00a000 Uncommon trap -83 fr.pc 0x00007f7af90a8918

Internal exceptions (10 events):
Event: 193.067 Thread 0x00007f7afc00a000 Threw 0x00000000f65a00e0 at /build/buildd/openjdk-6-6b30-1.13.1/build/openjdk/hotspot/src/share/vm/classfile/systemDictionary.cpp:1
Event: 193.067 Thread 0x00007f7afc00a000 Threw 0x00000000f65a0410 at /build/buildd/openjdk-6-6b30-1.13.1/build/openjdk/hotspot/src/share/vm/prims/jvm.cpp:1235
Event: 193.068 Thread 0x00007f7afc00a000 Threw 0x00000000f65a4868 at /build/buildd/openjdk-6-6b30-1.13.1/build/openjdk/hotspot/src/share/vm/classfile/systemDictionary.cpp:1
Event: 193.068 Thread 0x00007f7afc00a000 Threw 0x00000000f65a4b90 at /build/buildd/openjdk-6-6b30-1.13.1/build/openjdk/hotspot/src/share/vm/prims/jvm.cpp:1235
Event: 193.068 Thread 0x00007f7afc00a000 Threw 0x00000000f65a9378 at /build/buildd/openjdk-6-6b30-1.13.1/build/openjdk/hotspot/src/share/vm/classfile/systemDictionary.cpp:1
Event: 193.068 Thread 0x00007f7afc00a000 Threw 0x00000000f65a9690 at /build/buildd/openjdk-6-6b30-1.13.1/build/openjdk/hotspot/src/share/vm/prims/jvm.cpp:1235
Event: 193.068 Thread 0x00007f7afc00a000 Threw 0x00000000f65ad3f8 at /build/buildd/openjdk-6-6b30-1.13.1/build/openjdk/hotspot/src/share/vm/classfile/systemDictionary.cpp:1
Event: 193.068 Thread 0x00007f7afc00a000 Threw 0x00000000f65ad750 at /build/buildd/openjdk-6-6b30-1.13.1/build/openjdk/hotspot/src/share/vm/prims/jvm.cpp:1235
Event: 193.098 Thread 0x00007f7afc00a000 Threw 0x00000000f65b4ba0 at /build/buildd/openjdk-6-6b30-1.13.1/build/openjdk/hotspot/src/share/vm/classfile/systemDictionary.cpp:1
Event: 193.098 Thread 0x00007f7afc00a000 Threw 0x00000000f65b4eb8 at /build/buildd/openjdk-6-6b30-1.13.1/build/openjdk/hotspot/src/share/vm/prims/jvm.cpp:1235

Events (10 events):
Event: 193.068 loading class 0x00007f7afc4dfa80
Event: 193.068 loading class 0x00007f7afc4dfa80 done
Event: 193.068 loading class 0x00007f7afc4dfab0
Event: 193.068 loading class 0x00007f7afc4dfab0 done
Event: 193.068 loading class 0x00007f7afc4dfcc0
Event: 193.068 loading class 0x00007f7afc4dfcc0 done
Event: 193.098 loading class 0x00007f7afc501a60
Event: 193.098 loading class 0x00007f7afc501a60 done
Event: 193.103 loading class 0x00007f7afc3e4e10
Event: 193.103 loading class 0x00007f7afc3e4e10 done


Dynamic libraries:
00400000-00409000 r-xp 00000000 08:07 2265135                            /usr/lib/jvm/java-6-openjdk-amd64/jre/bin/java
00608000-00609000 r--p 00008000 08:07 2265135                            /usr/lib/jvm/java-6-openjdk-amd64/jre/bin/java
00609000-0060a000 rw-p 00009000 08:07 2265135                            /usr/lib/jvm/java-6-openjdk-amd64/jre/bin/java
022c7000-022e8000 rw-p 00000000 00:00 0                                  [heap]
d5a00000-d6ec0000 rw-p 00000000 00:00 0 
d6ec0000-e0000000 rw-p 00000000 00:00 0 
e0000000-e5200000 rw-p 00000000 00:00 0 
e5200000-f5560000 rw-p 00000000 00:00 0 
f5560000-f7e50000 rw-p 00000000 00:00 0 
f7e50000-100000000 rw-p 00000000 00:00 0 
7f7a84000000-7f7a84021000 rw-p 00000000 00:00 0 
7f7a84021000-7f7a88000000 ---p 00000000 00:00 0 
7f7a8c000000-7f7a8c021000 rw-p 00000000 00:00 0 
7f7a8c021000-7f7a90000000 ---p 00000000 00:00 0 
7f7a90000000-7f7a90055000 rw-p 00000000 00:00 0 
7f7a90055000-7f7a94000000 ---p 00000000 00:00 0 
7f7a94000000-7f7a94021000 rw-p 00000000 00:00 0 
7f7a94021000-7f7a98000000 ---p 00000000 00:00 0 
7f7a98000000-7f7a98021000 rw-p 00000000 00:00 0 
7f7a98021000-7f7a9c000000 ---p 00000000 00:00 0 
7f7a9c000000-7f7a9c021000 rw-p 00000000 00:00 0 
7f7a9c021000-7f7aa0000000 ---p 00000000 00:00 0 
7f7aa0000000-7f7aa0021000 rw-p 00000000 00:00 0 
7f7aa0021000-7f7aa4000000 ---p 00000000 00:00 0 
7f7aa4000000-7f7aa4548000 rw-p 00000000 00:00 0 
7f7aa4548000-7f7aa8000000 ---p 00000000 00:00 0 
7f7aa8000000-7f7aa86b2000 rw-p 00000000 00:00 0 
7f7aa86b2000-7f7aac000000 ---p 00000000 00:00 0 
7f7aac000000-7f7aac021000 rw-p 00000000 00:00 0 
7f7aac021000-7f7ab0000000 ---p 00000000 00:00 0 
7f7ab0000000-7f7ab0021000 rw-p 00000000 00:00 0 
7f7ab0021000-7f7ab4000000 ---p 00000000 00:00 0 
7f7ab4000000-7f7ab4021000 rw-p 00000000 00:00 0 
7f7ab4021000-7f7ab8000000 ---p 00000000 00:00 0 
7f7ab8000000-7f7ab8021000 rw-p 00000000 00:00 0 
7f7ab8021000-7f7abc000000 ---p 00000000 00:00 0 
7f7abc000000-7f7abc021000 rw-p 00000000 00:00 0 
7f7abc021000-7f7ac0000000 ---p 00000000 00:00 0 
7f7ac4000000-7f7ac4021000 rw-p 00000000 00:00 0 
7f7ac4021000-7f7ac8000000 ---p 00000000 00:00 0 
7f7acc000000-7f7acc021000 rw-p 00000000 00:00 0 
7f7acc021000-7f7ad0000000 ---p 00000000 00:00 0 
7f7ad4000000-7f7ad4021000 rw-p 00000000 00:00 0 
7f7ad4021000-7f7ad8000000 ---p 00000000 00:00 0 
7f7adc000000-7f7adc021000 rw-p 00000000 00:00 0 
7f7adc021000-7f7ae0000000 ---p 00000000 00:00 0 
7f7ae4000000-7f7ae4021000 rw-p 00000000 00:00 0 
7f7ae4021000-7f7ae8000000 ---p 00000000 00:00 0 
7f7ae93a1000-7f7ae93be000 r-xp 00000000 08:08 2625415                    /home/bruno/devel_ws/src/policy_generator/prism_ros_bridge/prism/prism-robots/prism/lib/libprismhybrid.so
7f7ae93be000-7f7ae95bd000 ---p 0001d000 08:08 2625415                    /home/bruno/devel_ws/src/policy_generator/prism_ros_bridge/prism/prism-robots/prism/lib/libprismhybrid.so
7f7ae95bd000-7f7ae95be000 r--p 0001c000 08:08 2625415                    /home/bruno/devel_ws/src/policy_generator/prism_ros_bridge/prism/prism-robots/prism/lib/libprismhybrid.so
7f7ae95be000-7f7ae95bf000 rw-p 0001d000 08:08 2625415                    /home/bruno/devel_ws/src/policy_generator/prism_ros_bridge/prism/prism-robots/prism/lib/libprismhybrid.so
7f7ae95bf000-7f7ae9659000 r-xp 00000000 08:08 2623780                    /home/bruno/devel_ws/src/policy_generator/prism_ros_bridge/prism/prism-robots/prism/lib/liblpsolve55.so
7f7ae9659000-7f7ae9859000 ---p 0009a000 08:08 2623780                    /home/bruno/devel_ws/src/policy_generator/prism_ros_bridge/prism/prism-robots/prism/lib/liblpsolve55.so
7f7ae9859000-7f7ae985b000 r--p 0009a000 08:08 2623780                    /home/bruno/devel_ws/src/policy_generator/prism_ros_bridge/prism/prism-robots/prism/lib/liblpsolve55.so
7f7ae985b000-7f7ae985c000 rw-p 0009c000 08:08 2623780                    /home/bruno/devel_ws/src/policy_generator/prism_ros_bridge/prism/prism-robots/prism/lib/liblpsolve55.so
7f7ae985c000-7f7ae9862000 r-xp 00000000 08:08 2624025                    /home/bruno/devel_ws/src/policy_generator/prism_ros_bridge/prism/prism-robots/prism/lib/libdv.so
7f7ae9862000-7f7ae9a61000 ---p 00006000 08:08 2624025                    /home/bruno/devel_ws/src/policy_generator/prism_ros_bridge/prism/prism-robots/prism/lib/libdv.so
7f7ae9a61000-7f7ae9a62000 r--p 00005000 08:08 2624025                    /home/bruno/devel_ws/src/policy_generator/prism_ros_bridge/prism/prism-robots/prism/lib/libdv.so
7f7ae9a62000-7f7ae9a63000 rw-p 00006000 08:08 2624025                    /home/bruno/devel_ws/src/policy_generator/prism_ros_bridge/prism/prism-robots/prism/lib/libdv.so
7f7ae9a63000-7f7ae9a65000 r-xp 00000000 08:08 2624016                    /home/bruno/devel_ws/src/policy_generator/prism_ros_bridge/prism/prism-robots/prism/lib/libodd.so
7f7ae9a65000-7f7ae9c64000 ---p 00002000 08:08 2624016                    /home/bruno/devel_ws/src/policy_generator/prism_ros_bridge/prism/prism-robots/prism/lib/libodd.so
7f7ae9c64000-7f7ae9c65000 r--p 00001000 08:08 2624016                    /home/bruno/devel_ws/src/policy_generator/prism_ros_bridge/prism/prism-robots/prism/lib/libodd.so
7f7ae9c65000-7f7ae9c66000 rw-p 00002000 08:08 2624016                    /home/bruno/devel_ws/src/policy_generator/prism_ros_bridge/prism/prism-robots/prism/lib/libodd.so
7f7ae9c66000-7f7ae9c95000 r-xp 00000000 08:08 2625395                    /home/bruno/devel_ws/src/policy_generator/prism_ros_bridge/prism/prism-robots/prism/lib/libprismsparse.so
7f7ae9c95000-7f7ae9e94000 ---p 0002f000 08:08 2625395                    /home/bruno/devel_ws/src/policy_generator/prism_ros_bridge/prism/prism-robots/prism/lib/libprismsparse.so
7f7ae9e94000-7f7ae9e95000 r--p 0002e000 08:08 2625395                    /home/bruno/devel_ws/src/policy_generator/prism_ros_bridge/prism/prism-robots/prism/lib/libprismsparse.so
7f7ae9e95000-7f7ae9e96000 rw-p 0002f000 08:08 2625395                    /home/bruno/devel_ws/src/policy_generator/prism_ros_bridge/prism/prism-robots/prism/lib/libprismsparse.so
7f7ae9e96000-7f7ae9ea1000 r-xp 00000000 08:08 2625354                    /home/bruno/devel_ws/src/policy_generator/prism_ros_bridge/prism/prism-robots/prism/lib/libprismmtbdd.so
7f7ae9ea1000-7f7aea0a0000 ---p 0000b000 08:08 2625354                    /home/bruno/devel_ws/src/policy_generator/prism_ros_bridge/prism/prism-robots/prism/lib/libprismmtbdd.so
7f7aea0a0000-7f7aea0a1000 r--p 0000a000 08:08 2625354                    /home/bruno/devel_ws/src/policy_generator/prism_ros_bridge/prism/prism-robots/prism/lib/libprismmtbdd.so
7f7aea0a1000-7f7aea0a2000 rw-p 0000b000 08:08 2625354                    /home/bruno/devel_ws/src/policy_generator/prism_ros_bridge/prism/prism-robots/prism/lib/libprismmtbdd.so
7f7aea0a2000-7f7aeb2e5000 rw-p 00000000 00:00 0 
7f7aeb2e5000-7f7aeb358000 r-xp 00000000 08:08 2623999                    /home/bruno/devel_ws/src/policy_generator/prism_ros_bridge/prism/prism-robots/prism/lib/libdd.so
7f7aeb358000-7f7aeb557000 ---p 00073000 08:08 2623999                    /home/bruno/devel_ws/src/policy_generator/prism_ros_bridge/prism/prism-robots/prism/lib/libdd.so
7f7aeb557000-7f7aeb558000 r--p 00072000 08:08 2623999                    /home/bruno/devel_ws/src/policy_generator/prism_ros_bridge/prism/prism-robots/prism/lib/libdd.so
7f7aeb558000-7f7aeb559000 rw-p 00073000 08:08 2623999                    /home/bruno/devel_ws/src/policy_generator/prism_ros_bridge/prism/prism-robots/prism/lib/libdd.so
7f7aeb559000-7f7aeb55a000 rw-p 00000000 00:00 0 
7f7aeb55a000-7f7aeb560000 r-xp 00000000 08:08 2624010                    /home/bruno/devel_ws/src/policy_generator/prism_ros_bridge/prism/prism-robots/prism/lib/libjdd.so
7f7aeb560000-7f7aeb75f000 ---p 00006000 08:08 2624010                    /home/bruno/devel_ws/src/policy_generator/prism_ros_bridge/prism/prism-robots/prism/lib/libjdd.so
7f7aeb75f000-7f7aeb760000 r--p 00005000 08:08 2624010                    /home/bruno/devel_ws/src/policy_generator/prism_ros_bridge/prism/prism-robots/prism/lib/libjdd.so
7f7aeb760000-7f7aeb761000 rw-p 00006000 08:08 2624010                    /home/bruno/devel_ws/src/policy_generator/prism_ros_bridge/prism/prism-robots/prism/lib/libjdd.so
7f7aeb761000-7f7aeb764000 ---p 00000000 00:00 0 
7f7aeb764000-7f7aeb862000 rw-p 00000000 00:00 0 
7f7aeb862000-7f7aeb86a000 r-xp 00000000 08:07 2236031                    /usr/lib/jvm/java-6-openjdk-amd64/jre/lib/amd64/libnio.so
7f7aeb86a000-7f7aeba69000 ---p 00008000 08:07 2236031                    /usr/lib/jvm/java-6-openjdk-amd64/jre/lib/amd64/libnio.so
7f7aeba69000-7f7aeba6a000 r--p 00007000 08:07 2236031                    /usr/lib/jvm/java-6-openjdk-amd64/jre/lib/amd64/libnio.so
7f7aeba6a000-7f7aeba6b000 rw-p 00008000 08:07 2236031                    /usr/lib/jvm/java-6-openjdk-amd64/jre/lib/amd64/libnio.so
7f7aeba6b000-7f7aeba6c000 r--s 00000000 08:07 5767251                    /var/cache/fontconfig/c05880de57d1f5e948fdfacc138775d9-le64.cache-3
7f7aeba6c000-7f7aeba75000 r--s 00000000 08:07 5767246                    /var/cache/fontconfig/945677eb7aeaf62f1d50efc3fb3ec7d8-le64.cache-3
7f7aeba75000-7f7aeba77000 r--s 00000000 08:07 5767247                    /var/cache/fontconfig/99e8ed0e538f840c565b6ed5dad60d56-le64.cache-3
7f7aeba77000-7f7aeba7b000 r--s 00000000 08:07 5767233                    /var/cache/fontconfig/2cd17615ca594fa2959ae173292e504c-le64.cache-3
7f7aeba7b000-7f7aeba7c000 r--s 00000000 08:07 5767258                    /var/cache/fontconfig/e7071f4a29fa870f4323321c154eba04-le64.cache-3
7f7aeba7c000-7f7aeba7f000 r--s 00000000 08:07 5777002                    /var/cache/fontconfig/b5ea634b0fb353b8ea17632d1f9ef766-le64.cache-3
7f7aeba7f000-7f7aeba80000 r--s 00000000 08:07 5767231                    /var/cache/fontconfig/0d8c3b2ac0904cb8a57a757ad11a4a08-le64.cache-3
7f7aeba80000-7f7aeba86000 r--s 00000000 08:07 5767248                    /var/cache/fontconfig/a755afe4a08bf5b97852ceb7400b47bc-le64.cache-3
7f7aeba86000-7f7aeba8f000 r--s 00000000 08:07 5777068                    /var/cache/fontconfig/6d41288fd70b0be22e8c3a91e032eec0-le64.cache-3
7f7aeba8f000-7f7aeba9f000 r--s 00000000 08:07 5767230                    /var/cache/fontconfig/04aabc0a78ac019cf9454389977116d2-le64.cache-3
7f7aebbf5000-7f7aebbf8000 ---p 00000000 00:00 0 
7f7aebbf8000-7f7aebcf6000 rw-p 00000000 00:00 0 
7f7aebcf6000-7f7aebcf9000 ---p 00000000 00:00 0 
7f7aebcf9000-7f7aebdf7000 rw-p 00000000 00:00 0 
7f7aebdf7000-7f7aebdfa000 ---p 00000000 00:00 0 
7f7aebdfa000-7f7aebef8000 rw-p 00000000 00:00 0 
7f7aebef8000-7f7aebeff000 r--s 00053000 08:07 2265100                    /usr/lib/jvm/java-6-openjdk-common/jre/lib/resources.jar
7f7aebeff000-7f7aebf02000 ---p 00000000 00:00 0 
7f7aebf02000-7f7aec000000 rw-p 00000000 00:00 0                          [stack:17110]
7f7aec000000-7f7aec021000 rw-p 00000000 00:00 0 
7f7aec021000-7f7af0000000 ---p 00000000 00:00 0 
7f7af000f000-7f7af00a5000 r-xp 00000000 08:07 2104784                    /usr/lib/x86_64-linux-gnu/libfreetype.so.6.8.0
7f7af00a5000-7f7af02a4000 ---p 00096000 08:07 2104784                    /usr/lib/x86_64-linux-gnu/libfreetype.so.6.8.0
7f7af02a4000-7f7af02aa000 r--p 00095000 08:07 2104784                    /usr/lib/x86_64-linux-gnu/libfreetype.so.6.8.0
7f7af02aa000-7f7af02ab000 rw-p 0009b000 08:07 2104784                    /usr/lib/x86_64-linux-gnu/libfreetype.so.6.8.0
7f7af02ab000-7f7af02fa000 r-xp 00000000 08:07 2236019                    /usr/lib/jvm/java-6-openjdk-amd64/jre/lib/amd64/libfontmanager.so
7f7af02fa000-7f7af04fa000 ---p 0004f000 08:07 2236019                    /usr/lib/jvm/java-6-openjdk-amd64/jre/lib/amd64/libfontmanager.so
7f7af04fa000-7f7af04fc000 r--p 0004f000 08:07 2236019                    /usr/lib/jvm/java-6-openjdk-amd64/jre/lib/amd64/libfontmanager.so
7f7af04fc000-7f7af04fd000 rw-p 00051000 08:07 2236019                    /usr/lib/jvm/java-6-openjdk-amd64/jre/lib/amd64/libfontmanager.so
7f7af04fd000-7f7af04fe000 rw-p 00000000 00:00 0 
7f7af04fe000-7f7af0504000 r-xp 00000000 08:07 2236025                    /usr/lib/jvm/java-6-openjdk-amd64/jre/lib/amd64/headless/libmawt.so
7f7af0504000-7f7af0703000 ---p 00006000 08:07 2236025                    /usr/lib/jvm/java-6-openjdk-amd64/jre/lib/amd64/headless/libmawt.so
7f7af0703000-7f7af0704000 r--p 00005000 08:07 2236025                    /usr/lib/jvm/java-6-openjdk-amd64/jre/lib/amd64/headless/libmawt.so
7f7af0704000-7f7af0705000 rw-p 00006000 08:07 2236025                    /usr/lib/jvm/java-6-openjdk-amd64/jre/lib/amd64/headless/libmawt.so
7f7af0705000-7f7af07a7000 r-xp 00000000 08:07 2265124                    /usr/lib/jvm/java-6-openjdk-amd64/jre/lib/amd64/libawt.so
7f7af07a7000-7f7af09a6000 ---p 000a2000 08:07 2265124                    /usr/lib/jvm/java-6-openjdk-amd64/jre/lib/amd64/libawt.so
7f7af09a6000-7f7af09a7000 r--p 000a1000 08:07 2265124                    /usr/lib/jvm/java-6-openjdk-amd64/jre/lib/amd64/libawt.so
7f7af09a7000-7f7af09b2000 rw-p 000a2000 08:07 2265124                    /usr/lib/jvm/java-6-openjdk-amd64/jre/lib/amd64/libawt.so
7f7af09b2000-7f7af09d7000 rw-p 00000000 00:00 0 
7f7af09d7000-7f7af09db000 r-xp 00000000 08:08 2625326                    /home/bruno/devel_ws/src/policy_generator/prism_ros_bridge/prism/prism-robots/prism/lib/libprism.so
7f7af09db000-7f7af0bda000 ---p 00004000 08:08 2625326                    /home/bruno/devel_ws/src/policy_generator/prism_ros_bridge/prism/prism-robots/prism/lib/libprism.so
7f7af0bda000-7f7af0bdb000 r--p 00003000 08:08 2625326                    /home/bruno/devel_ws/src/policy_generator/prism_ros_bridge/prism/prism-robots/prism/lib/libprism.so
7f7af0bdb000-7f7af0bdc000 rw-p 00004000 08:08 2625326                    /home/bruno/devel_ws/src/policy_generator/prism_ros_bridge/prism/prism-robots/prism/lib/libprism.so
7f7af0bdc000-7f7af0c0d000 rw-p 00000000 00:00 0 
7f7af0c0d000-7f7af0c22000 r-xp 00000000 08:07 2233923                    /usr/lib/jvm/java-6-openjdk-amd64/jre/lib/amd64/libnet.so
7f7af0c22000-7f7af0e22000 ---p 00015000 08:07 2233923                    /usr/lib/jvm/java-6-openjdk-amd64/jre/lib/amd64/libnet.so
7f7af0e22000-7f7af0e23000 r--p 00015000 08:07 2233923                    /usr/lib/jvm/java-6-openjdk-amd64/jre/lib/amd64/libnet.so
7f7af0e23000-7f7af0e24000 rw-p 00016000 08:07 2233923                    /usr/lib/jvm/java-6-openjdk-amd64/jre/lib/amd64/libnet.so
7f7af0e24000-7f7af0e26000 r--s 0000f000 08:07 2265104                    /usr/lib/jvm/java-6-openjdk-common/jre/lib/ext/pulse-java.jar
7f7af0e26000-7f7af0e28000 r--s 00001000 08:07 2265103                    /usr/lib/jvm/java-6-openjdk-common/jre/lib/ext/dnsns.jar
7f7af0e28000-7f7af0e2b000 r--s 00077000 08:07 2265105                    /usr/lib/jvm/java-6-openjdk-common/jre/lib/ext/localedata.jar
7f7af0e2b000-7f7af0e2c000 r--s 00007000 08:07 2370769                    /usr/share/java/java-atk-wrapper.jar
7f7af0e2c000-7f7af0e2f000 r--s 00031000 08:07 2265102                    /usr/lib/jvm/java-6-openjdk-common/jre/lib/ext/sunjce_provider.jar
7f7af0e2f000-7f7af0e33000 r--s 00039000 08:07 2265101                    /usr/lib/jvm/java-6-openjdk-common/jre/lib/ext/sunpkcs11.jar
7f7af0e33000-7f7af0e34000 ---p 00000000 00:00 0 
7f7af0e34000-7f7af0f34000 rw-p 00000000 00:00 0                          [stack:17109]
7f7af0f34000-7f7af0f37000 ---p 00000000 00:00 0 
7f7af0f37000-7f7af1035000 rw-p 00000000 00:00 0                          [stack:17108]
7f7af1035000-7f7af1038000 ---p 00000000 00:00 0 
7f7af1038000-7f7af1136000 rw-p 00000000 00:00 0                          [stack:17107]
7f7af1136000-7f7af1139000 ---p 00000000 00:00 0 
7f7af1139000-7f7af1237000 rw-p 00000000 00:00 0                          [stack:17106]
7f7af1237000-7f7af123a000 ---p 00000000 00:00 0 
7f7af123a000-7f7af1338000 rw-p 00000000 00:00 0                          [stack:17105]
7f7af1338000-7f7af1a1b000 r--p 00000000 08:07 2103873                    /usr/lib/locale/locale-archive
7f7af1a1b000-7f7af1a1e000 ---p 00000000 00:00 0 
7f7af1a1e000-7f7af1b1c000 rw-p 00000000 00:00 0                          [stack:17104]
7f7af1b1c000-7f7af1b1d000 ---p 00000000 00:00 0 
7f7af1b1d000-7f7af4000000 rw-p 00000000 00:00 0                          [stack:17102]
7f7af4000000-7f7af4021000 rw-p 00000000 00:00 0 
7f7af4021000-7f7af8000000 ---p 00000000 00:00 0 
7f7af8008000-7f7af8009000 rw-p 00000000 00:00 0 
7f7af8009000-7f7af800a000 r--s 00000000 08:07 5775397                    /var/cache/fontconfig/b95bc8ffbebda2bbdae4265e45b8178d-le64.cache-3
7f7af800a000-7f7af800d000 r--s 00000000 08:07 5767236                    /var/cache/fontconfig/385c0604a188198f04d133e54aba7fe7-le64.cache-3
7f7af800d000-7f7af800e000 r--s 00000000 08:07 5775389                    /var/cache/fontconfig/9c956a7723ca69a44b382d9179c9802f-le64.cache-3
7f7af800e000-7f7af800f000 r--s 00000000 08:07 5775387                    /var/cache/fontconfig/5d1cca7074f29429a8d18692746c2426-le64.cache-3
7f7af800f000-7f7af8010000 r--s 00000000 08:07 5771378                    /var/cache/fontconfig/4794a0821666d79190d59a36cb4f44b5-le64.cache-3
7f7af8010000-7f7af8011000 r--s 00000000 08:07 5775384                    /var/cache/fontconfig/9eae20f1ff8cc0a7d125749e875856bd-le64.cache-3
7f7af8011000-7f7af8013000 r--s 00000000 08:07 5775383                    /var/cache/fontconfig/bf2c1853a9e9b00bb02fe2e9bcf1e201-le64.cache-3
7f7af8013000-7f7af8016000 r--s 00000000 08:07 5767245                    /var/cache/fontconfig/8801497958630a81b71ace7c5f9b32a8-le64.cache-3
7f7af8016000-7f7af801b000 r--s 00000000 08:07 5767234                    /var/cache/fontconfig/3047814df9a2f067bd2d96a2b9c36e5a-le64.cache-3
7f7af801b000-7f7af801c000 r--s 00000000 08:07 5767239                    /var/cache/fontconfig/56cf4f4769d0f4abc89a4895d7bd3ae1-le64.cache-3
7f7af801c000-7f7af801d000 r--s 00000000 08:07 5767250                    /var/cache/fontconfig/b9d506c9ac06c20b433354fa67a72993-le64.cache-3
7f7af801d000-7f7af8022000 r--s 00000000 08:07 5767249                    /var/cache/fontconfig/b47c4e1ecd0709278f4910c18777a504-le64.cache-3
7f7af8022000-7f7af8024000 r--s 00000000 08:07 5775382                    /var/cache/fontconfig/4b14b093aebc79c320de5e86ae1d3314-le64.cache-3
7f7af8024000-7f7af8025000 r--s 00000000 08:07 5775381                    /var/cache/fontconfig/8aec10f4cc8391dcef22ca549f1e4354-le64.cache-3
7f7af8025000-7f7af8035000 r--s 00000000 08:07 5767254                    /var/cache/fontconfig/d52a8644073d54c13679302ca1180695-le64.cache-3
7f7af8035000-7f7af8036000 r--s 00000000 08:07 5775379                    /var/cache/fontconfig/ac2cf712d852da827a87a9baf682f5b9-le64.cache-3
7f7af8036000-7f7af8038000 r--s 00000000 08:07 5775377                    /var/cache/fontconfig/65f976e5259cbe6dc7697b8648396239-le64.cache-3
7f7af8038000-7f7af8039000 r--s 00000000 08:07 5775375                    /var/cache/fontconfig/845c20fd2c4814bcec78e05d37a63ccc-le64.cache-3
7f7af8039000-7f7af8053000 r--s 00000000 08:07 5769551                    /var/cache/fontconfig/e13b20fdb08344e0e664864cc2ede53d-le64.cache-3
7f7af8053000-7f7af8057000 r--s 00000000 08:07 5775370                    /var/cache/fontconfig/7ef2298fde41cc6eeb7af42e48b7d293-le64.cache-3
7f7af8057000-7f7af8058000 r--s 00000000 08:07 5767251                    /var/cache/fontconfig/c05880de57d1f5e948fdfacc138775d9-le64.cache-3
7f7af8058000-7f7af8061000 r--s 00000000 08:07 5767246                    /var/cache/fontconfig/945677eb7aeaf62f1d50efc3fb3ec7d8-le64.cache-3
7f7af8061000-7f7af8063000 r--s 00000000 08:07 5767247                    /var/cache/fontconfig/99e8ed0e538f840c565b6ed5dad60d56-le64.cache-3
7f7af8063000-7f7af8067000 r--s 00000000 08:07 5767233                    /var/cache/fontconfig/2cd17615ca594fa2959ae173292e504c-le64.cache-3
7f7af8067000-7f7af8068000 r--s 00000000 08:07 5767258                    /var/cache/fontconfig/e7071f4a29fa870f4323321c154eba04-le64.cache-3
7f7af8068000-7f7af806b000 r--s 00000000 08:07 5777002                    /var/cache/fontconfig/b5ea634b0fb353b8ea17632d1f9ef766-le64.cache-3
7f7af806b000-7f7af806c000 r--s 00000000 08:07 5767231                    /var/cache/fontconfig/0d8c3b2ac0904cb8a57a757ad11a4a08-le64.cache-3
7f7af806c000-7f7af8072000 r--s 00000000 08:07 5767248                    /var/cache/fontconfig/a755afe4a08bf5b97852ceb7400b47bc-le64.cache-3
7f7af8072000-7f7af807b000 r--s 00000000 08:07 5777068                    /var/cache/fontconfig/6d41288fd70b0be22e8c3a91e032eec0-le64.cache-3
7f7af807b000-7f7af808b000 r--s 00000000 08:07 5767230                    /var/cache/fontconfig/04aabc0a78ac019cf9454389977116d2-le64.cache-3
7f7af808b000-7f7af808c000 r--s 00000000 08:07 5775397                    /var/cache/fontconfig/b95bc8ffbebda2bbdae4265e45b8178d-le64.cache-3
7f7af808c000-7f7af808f000 r--s 00000000 08:07 5767236                    /var/cache/fontconfig/385c0604a188198f04d133e54aba7fe7-le64.cache-3
7f7af808f000-7f7af8090000 r--s 00000000 08:07 5775389                    /var/cache/fontconfig/9c956a7723ca69a44b382d9179c9802f-le64.cache-3
7f7af8090000-7f7af8091000 r--s 00000000 08:07 5775387                    /var/cache/fontconfig/5d1cca7074f29429a8d18692746c2426-le64.cache-3
7f7af8091000-7f7af8092000 r--s 00000000 08:07 5771378                    /var/cache/fontconfig/4794a0821666d79190d59a36cb4f44b5-le64.cache-3
7f7af8092000-7f7af8093000 r--s 00000000 08:07 5775384                    /var/cache/fontconfig/9eae20f1ff8cc0a7d125749e875856bd-le64.cache-3
7f7af8093000-7f7af8095000 r--s 00000000 08:07 5775383                    /var/cache/fontconfig/bf2c1853a9e9b00bb02fe2e9bcf1e201-le64.cache-3
7f7af8095000-7f7af8098000 r--s 00000000 08:07 5767245                    /var/cache/fontconfig/8801497958630a81b71ace7c5f9b32a8-le64.cache-3
7f7af8098000-7f7af809d000 r--s 00000000 08:07 5767234                    /var/cache/fontconfig/3047814df9a2f067bd2d96a2b9c36e5a-le64.cache-3
7f7af809d000-7f7af809e000 r--s 00000000 08:07 5767239                    /var/cache/fontconfig/56cf4f4769d0f4abc89a4895d7bd3ae1-le64.cache-3
7f7af809e000-7f7af809f000 r--s 00000000 08:07 5767250                    /var/cache/fontconfig/b9d506c9ac06c20b433354fa67a72993-le64.cache-3
7f7af809f000-7f7af80a4000 r--s 00000000 08:07 5767249                    /var/cache/fontconfig/b47c4e1ecd0709278f4910c18777a504-le64.cache-3
7f7af80a4000-7f7af80a6000 r--s 00000000 08:07 5775382                    /var/cache/fontconfig/4b14b093aebc79c320de5e86ae1d3314-le64.cache-3
7f7af80a6000-7f7af8e6a000 rw-p 00000000 00:00 0 
7f7af8e6a000-7f7af9000000 r--s 01a09000 08:07 2265129                    /usr/lib/jvm/java-6-openjdk-amd64/jre/lib/rt.jar
7f7af9000000-7f7af9270000 rwxp 00000000 00:00 0 
7f7af9270000-7f7afcd8c000 rw-p 00000000 00:00 0 
7f7afcd8c000-7f7b00000000 ---p 00000000 00:00 0 
7f7b00000000-7f7b00001000 r--s 00000000 08:07 5775373                    /var/cache/fontconfig/e7de81b01590fb7e12b38e274e17d0db-le64.cache-3
7f7b00001000-7f7b00002000 r--s 00000000 08:07 5775381                    /var/cache/fontconfig/8aec10f4cc8391dcef22ca549f1e4354-le64.cache-3
7f7b00002000-7f7b00012000 r--s 00000000 08:07 5767254                    /var/cache/fontconfig/d52a8644073d54c13679302ca1180695-le64.cache-3
7f7b00012000-7f7b0002c000 r--s 00000000 08:07 5769551                    /var/cache/fontconfig/e13b20fdb08344e0e664864cc2ede53d-le64.cache-3
7f7b0002c000-7f7b0002d000 r--s 00009000 08:08 2623785                    /home/bruno/devel_ws/src/policy_generator/prism_ros_bridge/prism/prism-robots/prism/lib/epsgraphics.jar
7f7b0002d000-7f7b0002f000 r--s 00006000 08:08 2623813                    /home/bruno/devel_ws/src/policy_generator/prism_ros_bridge/prism/prism-robots/prism/lib/lpsolve55j.jar
7f7b0002f000-7f7b0003c000 r--s 00077000 08:08 2623781                    /home/bruno/devel_ws/src/policy_generator/prism_ros_bridge/prism/prism-robots/prism/lib/colt.jar
7f7b0003c000-7f7b00059000 r--s 002ca000 08:08 2623786                    /home/bruno/devel_ws/src/policy_generator/prism_ros_bridge/prism/prism-robots/prism/lib/jas-2013137.jar
7f7b00059000-7f7b0005c000 ---p 00000000 00:00 0 
7f7b0005c000-7f7b006ce000 rw-p 00000000 00:00 0                          [stack:17103]
7f7b006ce000-7f7b006cf000 ---p 00000000 00:00 0 
7f7b006cf000-7f7b007cf000 rw-p 00000000 00:00 0                          [stack:17101]
7f7b007cf000-7f7b007d0000 ---p 00000000 00:00 0 
7f7b007d0000-7f7b008d0000 rw-p 00000000 00:00 0                          [stack:17100]
7f7b008d0000-7f7b008d1000 ---p 00000000 00:00 0 
7f7b008d1000-7f7b009d1000 rw-p 00000000 00:00 0                          [stack:17099]
7f7b009d1000-7f7b009d2000 ---p 00000000 00:00 0 
7f7b009d2000-7f7b00ad2000 rw-p 00000000 00:00 0                          [stack:17098]
7f7b00ad2000-7f7b00ad3000 ---p 00000000 00:00 0 
7f7b00ad3000-7f7b00bd3000 rw-p 00000000 00:00 0                          [stack:17097]
7f7b00bd3000-7f7b00bd4000 ---p 00000000 00:00 0 
7f7b00bd4000-7f7b00cd4000 rw-p 00000000 00:00 0                          [stack:17096]
7f7b00cd4000-7f7b00cd5000 ---p 00000000 00:00 0 
7f7b00cd5000-7f7b00dd5000 rw-p 00000000 00:00 0                          [stack:17095]
7f7b00dd5000-7f7b00dd6000 ---p 00000000 00:00 0 
7f7b00dd6000-7f7b00ee1000 rw-p 00000000 00:00 0                          [stack:17094]
7f7b00ee1000-7f7b00f29000 rw-p 00000000 00:00 0 
7f7b00f29000-7f7b00f52000 rw-p 00000000 00:00 0 
7f7b00f52000-7f7b00fd4000 rw-p 00000000 00:00 0 
7f7b00fd4000-7f7b00fdf000 rw-p 00000000 00:00 0 
7f7b00fdf000-7f7b01027000 rw-p 00000000 00:00 0 
7f7b01027000-7f7b01050000 rw-p 00000000 00:00 0 
7f7b01050000-7f7b010d1000 rw-p 00000000 00:00 0 
7f7b010d1000-7f7b010e7000 rw-p 00000000 00:00 0 
7f7b010e7000-7f7b01127000 rw-p 00000000 00:00 0 
7f7b01127000-7f7b01128000 rw-p 00000000 00:00 0 
7f7b01128000-7f7b0112f000 r-xp 00000000 08:07 2233913                    /usr/lib/jvm/java-6-openjdk-amd64/jre/lib/amd64/libzip.so
7f7b0112f000-7f7b0132e000 ---p 00007000 08:07 2233913                    /usr/lib/jvm/java-6-openjdk-amd64/jre/lib/amd64/libzip.so
7f7b0132e000-7f7b0132f000 r--p 00006000 08:07 2233913                    /usr/lib/jvm/java-6-openjdk-amd64/jre/lib/amd64/libzip.so
7f7b0132f000-7f7b01330000 rw-p 00007000 08:07 2233913                    /usr/lib/jvm/java-6-openjdk-amd64/jre/lib/amd64/libzip.so
7f7b01330000-7f7b0133c000 r-xp 00000000 08:07 1319772                    /lib/x86_64-linux-gnu/libnss_files-2.15.so
7f7b0133c000-7f7b0153b000 ---p 0000c000 08:07 1319772                    /lib/x86_64-linux-gnu/libnss_files-2.15.so
7f7b0153b000-7f7b0153c000 r--p 0000b000 08:07 1319772                    /lib/x86_64-linux-gnu/libnss_files-2.15.so
7f7b0153c000-7f7b0153d000 rw-p 0000c000 08:07 1319772                    /lib/x86_64-linux-gnu/libnss_files-2.15.so
7f7b0153d000-7f7b01547000 r-xp 00000000 08:07 1319776                    /lib/x86_64-linux-gnu/libnss_nis-2.15.so
7f7b01547000-7f7b01747000 ---p 0000a000 08:07 1319776                    /lib/x86_64-linux-gnu/libnss_nis-2.15.so
7f7b01747000-7f7b01748000 r--p 0000a000 08:07 1319776                    /lib/x86_64-linux-gnu/libnss_nis-2.15.so
7f7b01748000-7f7b01749000 rw-p 0000b000 08:07 1319776                    /lib/x86_64-linux-gnu/libnss_nis-2.15.so
7f7b01749000-7f7b01760000 r-xp 00000000 08:07 1319788                    /lib/x86_64-linux-gnu/libnsl-2.15.so
7f7b01760000-7f7b0195f000 ---p 00017000 08:07 1319788                    /lib/x86_64-linux-gnu/libnsl-2.15.so
7f7b0195f000-7f7b01960000 r--p 00016000 08:07 1319788                    /lib/x86_64-linux-gnu/libnsl-2.15.so
7f7b01960000-7f7b01961000 rw-p 00017000 08:07 1319788                    /lib/x86_64-linux-gnu/libnsl-2.15.so
7f7b01961000-7f7b01963000 rw-p 00000000 00:00 0 
7f7b01963000-7f7b0196b000 r-xp 00000000 08:07 1319770                    /lib/x86_64-linux-gnu/libnss_compat-2.15.so
7f7b0196b000-7f7b01b6a000 ---p 00008000 08:07 1319770                    /lib/x86_64-linux-gnu/libnss_compat-2.15.so
7f7b01b6a000-7f7b01b6b000 r--p 00007000 08:07 1319770                    /lib/x86_64-linux-gnu/libnss_compat-2.15.so
7f7b01b6b000-7f7b01b6c000 rw-p 00008000 08:07 1319770                    /lib/x86_64-linux-gnu/libnss_compat-2.15.so
7f7b01b6c000-7f7b01b99000 r-xp 00000000 08:07 2232258                    /usr/lib/jvm/java-6-openjdk-amd64/jre/lib/amd64/libjava.so
7f7b01b99000-7f7b01d98000 ---p 0002d000 08:07 2232258                    /usr/lib/jvm/java-6-openjdk-amd64/jre/lib/amd64/libjava.so
7f7b01d98000-7f7b01d99000 r--p 0002c000 08:07 2232258                    /usr/lib/jvm/java-6-openjdk-amd64/jre/lib/amd64/libjava.so
7f7b01d99000-7f7b01d9c000 rw-p 0002d000 08:07 2232258                    /usr/lib/jvm/java-6-openjdk-amd64/jre/lib/amd64/libjava.so
7f7b01d9c000-7f7b01daa000 r-xp 00000000 08:07 2233933                    /usr/lib/jvm/java-6-openjdk-amd64/jre/lib/amd64/libverify.so
7f7b01daa000-7f7b01fa9000 ---p 0000e000 08:07 2233933                    /usr/lib/jvm/java-6-openjdk-amd64/jre/lib/amd64/libverify.so
7f7b01fa9000-7f7b01fab000 r--p 0000d000 08:07 2233933                    /usr/lib/jvm/java-6-openjdk-amd64/jre/lib/amd64/libverify.so
7f7b01fab000-7f7b01fac000 rw-p 0000f000 08:07 2233933                    /usr/lib/jvm/java-6-openjdk-amd64/jre/lib/amd64/libverify.so
7f7b01fac000-7f7b01fb3000 r-xp 00000000 08:07 1319775                    /lib/x86_64-linux-gnu/librt-2.15.so
7f7b01fb3000-7f7b021b2000 ---p 00007000 08:07 1319775                    /lib/x86_64-linux-gnu/librt-2.15.so
7f7b021b2000-7f7b021b3000 r--p 00006000 08:07 1319775                    /lib/x86_64-linux-gnu/librt-2.15.so
7f7b021b3000-7f7b021b4000 rw-p 00007000 08:07 1319775                    /lib/x86_64-linux-gnu/librt-2.15.so
7f7b021b4000-7f7b021c9000 r-xp 00000000 08:07 1314394                    /lib/x86_64-linux-gnu/libgcc_s.so.1
7f7b021c9000-7f7b023c8000 ---p 00015000 08:07 1314394                    /lib/x86_64-linux-gnu/libgcc_s.so.1
7f7b023c8000-7f7b023c9000 r--p 00014000 08:07 1314394                    /lib/x86_64-linux-gnu/libgcc_s.so.1
7f7b023c9000-7f7b023ca000 rw-p 00015000 08:07 1314394                    /lib/x86_64-linux-gnu/libgcc_s.so.1
7f7b023ca000-7f7b024c5000 r-xp 00000000 08:07 1319779                    /lib/x86_64-linux-gnu/libm-2.15.so
7f7b024c5000-7f7b026c4000 ---p 000fb000 08:07 1319779                    /lib/x86_64-linux-gnu/libm-2.15.so
7f7b026c4000-7f7b026c5000 r--p 000fa000 08:07 1319779                    /lib/x86_64-linux-gnu/libm-2.15.so
7f7b026c5000-7f7b026c6000 rw-p 000fb000 08:07 1319779                    /lib/x86_64-linux-gnu/libm-2.15.so
7f7b026c6000-7f7b027a8000 r-xp 00000000 08:07 2105124                    /usr/lib/x86_64-linux-gnu/libstdc++.so.6.0.16
7f7b027a8000-7f7b029a7000 ---p 000e2000 08:07 2105124                    /usr/lib/x86_64-linux-gnu/libstdc++.so.6.0.16
7f7b029a7000-7f7b029af000 r--p 000e1000 08:07 2105124                    /usr/lib/x86_64-linux-gnu/libstdc++.so.6.0.16
7f7b029af000-7f7b029b1000 rw-p 000e9000 08:07 2105124                    /usr/lib/x86_64-linux-gnu/libstdc++.so.6.0.16
7f7b029b1000-7f7b029c6000 rw-p 00000000 00:00 0 
7f7b029c6000-7f7b0339b000 r-xp 00000000 08:07 2236029                    /usr/lib/jvm/java-6-openjdk-amd64/jre/lib/amd64/server/libjvm.so
7f7b0339b000-7f7b0359b000 ---p 009d5000 08:07 2236029                    /usr/lib/jvm/java-6-openjdk-amd64/jre/lib/amd64/server/libjvm.so
7f7b0359b000-7f7b0361a000 r--p 009d5000 08:07 2236029                    /usr/lib/jvm/java-6-openjdk-amd64/jre/lib/amd64/server/libjvm.so
7f7b0361a000-7f7b0363d000 rw-p 00a54000 08:07 2236029                    /usr/lib/jvm/java-6-openjdk-amd64/jre/lib/amd64/server/libjvm.so
7f7b0363d000-7f7b03667000 rw-p 00000000 00:00 0 
7f7b03667000-7f7b0367d000 r-xp 00000000 08:07 1314484                    /lib/x86_64-linux-gnu/libz.so.1.2.3.4
7f7b0367d000-7f7b0387c000 ---p 00016000 08:07 1314484                    /lib/x86_64-linux-gnu/libz.so.1.2.3.4
7f7b0387c000-7f7b0387d000 r--p 00015000 08:07 1314484                    /lib/x86_64-linux-gnu/libz.so.1.2.3.4
7f7b0387d000-7f7b0387e000 rw-p 00016000 08:07 1314484                    /lib/x86_64-linux-gnu/libz.so.1.2.3.4
7f7b0387e000-7f7b03a33000 r-xp 00000000 08:07 1319768                    /lib/x86_64-linux-gnu/libc-2.15.so
7f7b03a33000-7f7b03c33000 ---p 001b5000 08:07 1319768                    /lib/x86_64-linux-gnu/libc-2.15.so
7f7b03c33000-7f7b03c37000 r--p 001b5000 08:07 1319768                    /lib/x86_64-linux-gnu/libc-2.15.so
7f7b03c37000-7f7b03c39000 rw-p 001b9000 08:07 1319768                    /lib/x86_64-linux-gnu/libc-2.15.so
7f7b03c39000-7f7b03c3e000 rw-p 00000000 00:00 0 
7f7b03c3e000-7f7b03c40000 r-xp 00000000 08:07 1319783                    /lib/x86_64-linux-gnu/libdl-2.15.so
7f7b03c40000-7f7b03e40000 ---p 00002000 08:07 1319783                    /lib/x86_64-linux-gnu/libdl-2.15.so
7f7b03e40000-7f7b03e41000 r--p 00002000 08:07 1319783                    /lib/x86_64-linux-gnu/libdl-2.15.so
7f7b03e41000-7f7b03e42000 rw-p 00003000 08:07 1319783                    /lib/x86_64-linux-gnu/libdl-2.15.so
7f7b03e42000-7f7b03e46000 r-xp 00000000 08:07 2265121                    /usr/lib/jvm/java-6-openjdk-amd64/jre/lib/amd64/jli/libjli.so
7f7b03e46000-7f7b04045000 ---p 00004000 08:07 2265121                    /usr/lib/jvm/java-6-openjdk-amd64/jre/lib/amd64/jli/libjli.so
7f7b04045000-7f7b04046000 r--p 00003000 08:07 2265121                    /usr/lib/jvm/java-6-openjdk-amd64/jre/lib/amd64/jli/libjli.so
7f7b04046000-7f7b04047000 rw-p 00004000 08:07 2265121                    /usr/lib/jvm/java-6-openjdk-amd64/jre/lib/amd64/jli/libjli.so
7f7b04047000-7f7b0405f000 r-xp 00000000 08:07 1319777                    /lib/x86_64-linux-gnu/libpthread-2.15.so
7f7b0405f000-7f7b0425e000 ---p 00018000 08:07 1319777                    /lib/x86_64-linux-gnu/libpthread-2.15.so
7f7b0425e000-7f7b0425f000 r--p 00017000 08:07 1319777                    /lib/x86_64-linux-gnu/libpthread-2.15.so
7f7b0425f000-7f7b04260000 rw-p 00018000 08:07 1319777                    /lib/x86_64-linux-gnu/libpthread-2.15.so
7f7b04260000-7f7b04264000 rw-p 00000000 00:00 0 
7f7b04264000-7f7b04286000 r-xp 00000000 08:07 1319780                    /lib/x86_64-linux-gnu/ld-2.15.so
7f7b04286000-7f7b04288000 r--s 00000000 08:07 5775371                    /var/cache/fontconfig/67709b7835c0f764c1135060c9575660-le64.cache-3
7f7b04288000-7f7b04289000 r--s 00000000 08:07 5775379                    /var/cache/fontconfig/ac2cf712d852da827a87a9baf682f5b9-le64.cache-3
7f7b04289000-7f7b0428b000 r--s 00000000 08:07 5775377                    /var/cache/fontconfig/65f976e5259cbe6dc7697b8648396239-le64.cache-3
7f7b0428b000-7f7b0428c000 r--s 00000000 08:07 5775375                    /var/cache/fontconfig/845c20fd2c4814bcec78e05d37a63ccc-le64.cache-3
7f7b0428c000-7f7b04290000 r--s 00000000 08:07 5775370                    /var/cache/fontconfig/7ef2298fde41cc6eeb7af42e48b7d293-le64.cache-3
7f7b04290000-7f7b04296000 r--s 00046000 08:08 2623784                    /home/bruno/devel_ws/src/policy_generator/prism_ros_bridge/prism/prism-robots/prism/lib/jcommon.jar
7f7b04296000-7f7b042a0000 rw-p 00000000 00:00 0 
7f7b042a0000-7f7b04356000 rw-p 00000000 00:00 0 
7f7b04356000-7f7b04359000 ---p 00000000 00:00 0 
7f7b04359000-7f7b0445c000 rw-p 00000000 00:00 0                          [stack:17093]
7f7b0445c000-7f7b0445d000 r--s 00000000 08:07 5775373                    /var/cache/fontconfig/e7de81b01590fb7e12b38e274e17d0db-le64.cache-3
7f7b0445d000-7f7b0445f000 r--s 00000000 08:07 5775371                    /var/cache/fontconfig/67709b7835c0f764c1135060c9575660-le64.cache-3
7f7b0445f000-7f7b04470000 r--s 0014c000 08:08 2623782                    /home/bruno/devel_ws/src/policy_generator/prism_ros_bridge/prism/prism-robots/prism/lib/jfreechart.jar
7f7b04470000-7f7b04477000 r--s 0004f000 08:08 2623783                    /home/bruno/devel_ws/src/policy_generator/prism_ros_bridge/prism/prism-robots/prism/lib/log4j.jar
7f7b04477000-7f7b0447a000 r--s 00015000 08:08 2623812                    /home/bruno/devel_ws/src/policy_generator/prism_ros_bridge/prism/prism-robots/prism/lib/pepa.zip
7f7b0447a000-7f7b04482000 rw-s 00000000 08:07 3935715                    /tmp/hsperfdata_bruno/17092
7f7b04482000-7f7b04483000 rw-p 00000000 00:00 0 
7f7b04483000-7f7b04484000 r--p 00000000 00:00 0 
7f7b04484000-7f7b04486000 rw-p 00000000 00:00 0 
7f7b04486000-7f7b04487000 r--p 00022000 08:07 1319780                    /lib/x86_64-linux-gnu/ld-2.15.so
7f7b04487000-7f7b04489000 rw-p 00023000 08:07 1319780                    /lib/x86_64-linux-gnu/ld-2.15.so
7fff0748b000-7fff074ad000 rw-p 00000000 00:00 0                          [stack]
7fff074f8000-7fff074f9000 r-xp 00000000 00:00 0                          [vdso]
ffffffffff600000-ffffffffff601000 r-xp 00000000 00:00 0                  [vsyscall]

VM Arguments:
jvm_args: -Xmx512m -Djava.awt.headless=true -Djava.library.path=/home/bruno/devel_ws/src/policy_generator/prism_ros_bridge/prism/prism-robots/prism/lib 
java_command: prism.PrismManager ../prism-examples/polling/poll2.sm ../prism-examples/polling/poll3.sm
Launcher Type: SUN_STANDARD

Environment Variables:
PATH=/home/bruno/devel_ws/devel/bin:/opt/strands/strands_ws/devel/bin:/opt/ros/hydro/bin:/usr/lib/lightdm/lightdm:/usr/local/sbin:/usr/local/bin:/usr/sbin:/usr/bin:/sbin:/bin:/usr/games:/opt/strands/bin
LD_LIBRARY_PATH=/usr/lib/jvm/java-6-openjdk-amd64/jre/lib/amd64/server:/usr/lib/jvm/java-6-openjdk-amd64/jre/lib/amd64:/usr/lib/jvm/java-6-openjdk-amd64/jre/../lib/amd64:/home/bruno/devel_ws/src/policy_generator/prism_ros_bridge/prism/prism-robots/prism/lib:/home/bruno/devel_ws/devel/lib:/opt/strands/strands_ws/devel/lib:/opt/ros/hydro/lib
SHELL=/bin/bash
DISPLAY=:0

Signal Handlers:
SIGSEGV: [libjvm.so+0x83cff0], sa_mask[0]=0x7ffbfeff, sa_flags=0x10000004
SIGBUS: [libjvm.so+0x83cff0], sa_mask[0]=0x7ffbfeff, sa_flags=0x10000004
SIGFPE: [libjvm.so+0x6dde00], sa_mask[0]=0x7ffbfeff, sa_flags=0x10000004
SIGPIPE: [libjvm.so+0x6dde00], sa_mask[0]=0x7ffbfeff, sa_flags=0x10000004
SIGXFSZ: [libjvm.so+0x6dde00], sa_mask[0]=0x7ffbfeff, sa_flags=0x10000004
SIGILL: [libjvm.so+0x6dde00], sa_mask[0]=0x7ffbfeff, sa_flags=0x10000004
SIGUSR1: SIG_DFL, sa_mask[0]=0x00000000, sa_flags=0x00000000
SIGUSR2: [libjvm.so+0x6de240], sa_mask[0]=0x00000000, sa_flags=0x10000004
SIGHUP: [libjvm.so+0x6de380], sa_mask[0]=0x7ffbfeff, sa_flags=0x10000004
SIGINT: [libjvm.so+0x6de380], sa_mask[0]=0x7ffbfeff, sa_flags=0x10000004
SIGTERM: [libjvm.so+0x6de380], sa_mask[0]=0x7ffbfeff, sa_flags=0x10000004
SIGQUIT: [libjvm.so+0x6de380], sa_mask[0]=0x7ffbfeff, sa_flags=0x10000004


---------------  S Y S T E M  ---------------

OS:Ubuntu 12.04 (precise)
uname:Linux 3.5.0-48-generic #72~precise1-Ubuntu SMP Tue Mar 11 20:09:08 UTC 2014 x86_64
libc:glibc 2.15 NPTL 2.15 
rlimit: STACK 8192k, CORE 0k, NPROC 62136, NOFILE 4096, AS infinity
load average:0.34 0.37 0.55

/proc/meminfo:
MemTotal:        8052808 kB
MemFree:         2562952 kB
Buffers:          568664 kB
Cached:          2777968 kB
SwapCached:            0 kB
Active:          2487292 kB
Inactive:        2497904 kB
Active(anon):    1787636 kB
Inactive(anon):   255084 kB
Active(file):     699656 kB
Inactive(file):  2242820 kB
Unevictable:          16 kB
Mlocked:              16 kB
SwapTotal:       2097148 kB
SwapFree:        2097148 kB
Dirty:               336 kB
Writeback:             0 kB
AnonPages:       1639132 kB
Mapped:           259280 kB
Shmem:            404164 kB
Slab:             344516 kB
SReclaimable:     305692 kB
SUnreclaim:        38824 kB
KernelStack:        5256 kB
PageTables:        47968 kB
NFS_Unstable:          0 kB
Bounce:                0 kB
WritebackTmp:          0 kB
CommitLimit:     6123552 kB
Committed_AS:    5789520 kB
VmallocTotal:   34359738367 kB
VmallocUsed:      835628 kB
VmallocChunk:   34358865476 kB
HardwareCorrupted:     0 kB
AnonHugePages:         0 kB
HugePages_Total:       0
HugePages_Free:        0
HugePages_Rsvd:        0
HugePages_Surp:        0
Hugepagesize:       2048 kB
DirectMap4k:       79872 kB
DirectMap2M:     8216576 kB


CPU:total 8 (4 cores per cpu, 2 threads per core) family 6 model 58 stepping 9, cmov, cx8, fxsr, mmx, sse, sse2, sse3, ssse3, sse4.1, sse4.2, popcnt, avx, ht, tsc, tscinvbit, tscinv

/proc/cpuinfo:
processor	: 0
vendor_id	: GenuineIntel
cpu family	: 6
model		: 58
model name	: Intel(R) Core(TM) i7-3632QM CPU @ 2.20GHz
stepping	: 9
microcode	: 0x15
cpu MHz		: 1200.000
cache size	: 6144 KB
physical id	: 0
siblings	: 8
core id		: 0
cpu cores	: 4
apicid		: 0
initial apicid	: 0
fpu		: yes
fpu_exception	: yes
cpuid level	: 13
wp		: yes
flags		: fpu vme de pse tsc msr pae mce cx8 apic sep mtrr pge mca cmov pat pse36 clflush dts acpi mmx fxsr sse sse2 ss ht tm pbe syscall nx rdtscp lm constant_tsc arch_perfmon pebs bts rep_good nopl xtopology nonstop_tsc aperfmperf pni pclmulqdq dtes64 monitor ds_cpl vmx est tm2 ssse3 cx16 xtpr pdcm pcid sse4_1 sse4_2 x2apic popcnt tsc_deadline_timer aes xsave avx f16c rdrand lahf_lm ida arat epb xsaveopt pln pts dtherm tpr_shadow vnmi flexpriority ept vpid fsgsbase smep erms
bogomips	: 4390.34
clflush size	: 64
cache_alignment	: 64
address sizes	: 36 bits physical, 48 bits virtual
power management:

processor	: 1
vendor_id	: GenuineIntel
cpu family	: 6
model		: 58
model name	: Intel(R) Core(TM) i7-3632QM CPU @ 2.20GHz
stepping	: 9
microcode	: 0x15
cpu MHz		: 1200.000
cache size	: 6144 KB
physical id	: 0
siblings	: 8
core id		: 0
cpu cores	: 4
apicid		: 1
initial apicid	: 1
fpu		: yes
fpu_exception	: yes
cpuid level	: 13
wp		: yes
flags		: fpu vme de pse tsc msr pae mce cx8 apic sep mtrr pge mca cmov pat pse36 clflush dts acpi mmx fxsr sse sse2 ss ht tm pbe syscall nx rdtscp lm constant_tsc arch_perfmon pebs bts rep_good nopl xtopology nonstop_tsc aperfmperf pni pclmulqdq dtes64 monitor ds_cpl vmx est tm2 ssse3 cx16 xtpr pdcm pcid sse4_1 sse4_2 x2apic popcnt tsc_deadline_timer aes xsave avx f16c rdrand lahf_lm ida arat epb xsaveopt pln pts dtherm tpr_shadow vnmi flexpriority ept vpid fsgsbase smep erms
bogomips	: 4390.34
clflush size	: 64
cache_alignment	: 64
address sizes	: 36 bits physical, 48 bits virtual
power management:

processor	: 2
vendor_id	: GenuineIntel
cpu family	: 6
model		: 58
model name	: Intel(R) Core(TM) i7-3632QM CPU @ 2.20GHz
stepping	: 9
microcode	: 0x15
cpu MHz		: 2201.000
cache size	: 6144 KB
physical id	: 0
siblings	: 8
core id		: 1
cpu cores	: 4
apicid		: 2
initial apicid	: 2
fpu		: yes
fpu_exception	: yes
cpuid level	: 13
wp		: yes
flags		: fpu vme de pse tsc msr pae mce cx8 apic sep mtrr pge mca cmov pat pse36 clflush dts acpi mmx fxsr sse sse2 ss ht tm pbe syscall nx rdtscp lm constant_tsc arch_perfmon pebs bts rep_good nopl xtopology nonstop_tsc aperfmperf pni pclmulqdq dtes64 monitor ds_cpl vmx est tm2 ssse3 cx16 xtpr pdcm pcid sse4_1 sse4_2 x2apic popcnt tsc_deadline_timer aes xsave avx f16c rdrand lahf_lm ida arat epb xsaveopt pln pts dtherm tpr_shadow vnmi flexpriority ept vpid fsgsbase smep erms
bogomips	: 4390.34
clflush size	: 64
cache_alignment	: 64
address sizes	: 36 bits physical, 48 bits virtual
power management:

processor	: 3
vendor_id	: GenuineIntel
cpu family	: 6
model		: 58
model name	: Intel(R) Core(TM) i7-3632QM CPU @ 2.20GHz
stepping	: 9
microcode	: 0x15
cpu MHz		: 1200.000
cache size	: 6144 KB
physical id	: 0
siblings	: 8
core id		: 1
cpu cores	: 4
apicid		: 3
initial apicid	: 3
fpu		: yes
fpu_exception	: yes
cpuid level	: 13
wp		: yes
flags		: fpu vme de pse tsc msr pae mce cx8 apic sep mtrr pge mca cmov pat pse36 clflush dts acpi mmx fxsr sse sse2 ss ht tm pbe syscall nx rdtscp lm constant_tsc arch_perfmon pebs bts rep_good nopl xtopology nonstop_tsc aperfmperf pni pclmulqdq dtes64 monitor ds_cpl vmx est tm2 ssse3 cx16 xtpr pdcm pcid sse4_1 sse4_2 x2apic popcnt tsc_deadline_timer aes xsave avx f16c rdrand lahf_lm ida arat epb xsaveopt pln pts dtherm tpr_shadow vnmi flexpriority ept vpid fsgsbase smep erms
bogomips	: 4390.34
clflush size	: 64
cache_alignment	: 64
address sizes	: 36 bits physical, 48 bits virtual
power management:

processor	: 4
vendor_id	: GenuineIntel
cpu family	: 6
model		: 58
model name	: Intel(R) Core(TM) i7-3632QM CPU @ 2.20GHz
stepping	: 9
microcode	: 0x15
cpu MHz		: 1200.000
cache size	: 6144 KB
physical id	: 0
siblings	: 8
core id		: 2
cpu cores	: 4
apicid		: 4
initial apicid	: 4
fpu		: yes
fpu_exception	: yes
cpuid level	: 13
wp		: yes
flags		: fpu vme de pse tsc msr pae mce cx8 apic sep mtrr pge mca cmov pat pse36 clflush dts acpi mmx fxsr sse sse2 ss ht tm pbe syscall nx rdtscp lm constant_tsc arch_perfmon pebs bts rep_good nopl xtopology nonstop_tsc aperfmperf pni pclmulqdq dtes64 monitor ds_cpl vmx est tm2 ssse3 cx16 xtpr pdcm pcid sse4_1 sse4_2 x2apic popcnt tsc_deadline_timer aes xsave avx f16c rdrand lahf_lm ida arat epb xsaveopt pln pts dtherm tpr_shadow vnmi flexpriority ept vpid fsgsbase smep erms
bogomips	: 4390.34
clflush size	: 64
cache_alignment	: 64
address sizes	: 36 bits physical, 48 bits virtual
power management:

processor	: 5
vendor_id	: GenuineIntel
cpu family	: 6
model		: 58
model name	: Intel(R) Core(TM) i7-3632QM CPU @ 2.20GHz
stepping	: 9
microcode	: 0x15
cpu MHz		: 1200.000
cache size	: 6144 KB
physical id	: 0
siblings	: 8
core id		: 2
cpu cores	: 4
apicid		: 5
initial apicid	: 5
fpu		: yes
fpu_exception	: yes
cpuid level	: 13
wp		: yes
flags		: fpu vme de pse tsc msr pae mce cx8 apic sep mtrr pge mca cmov pat pse36 clflush dts acpi mmx fxsr sse sse2 ss ht tm pbe syscall nx rdtscp lm constant_tsc arch_perfmon pebs bts rep_good nopl xtopology nonstop_tsc aperfmperf pni pclmulqdq dtes64 monitor ds_cpl vmx est tm2 ssse3 cx16 xtpr pdcm pcid sse4_1 sse4_2 x2apic popcnt tsc_deadline_timer aes xsave avx f16c rdrand lahf_lm ida arat epb xsaveopt pln pts dtherm tpr_shadow vnmi flexpriority ept vpid fsgsbase smep erms
bogomips	: 4390.34
clflush size	: 64
cache_alignment	: 64
address sizes	: 36 bits physical, 48 bits virtual
power management:

processor	: 6
vendor_id	: GenuineIntel
cpu family	: 6
model		: 58
model name	: Intel(R) Core(TM) i7-3632QM CPU @ 2.20GHz
stepping	: 9
microcode	: 0x15
cpu MHz		: 1200.000
cache size	: 6144 KB
physical id	: 0
siblings	: 8
core id		: 3
cpu cores	: 4
apicid		: 6
initial apicid	: 6
fpu		: yes
fpu_exception	: yes
cpuid level	: 13
wp		: yes
flags		: fpu vme de pse tsc msr pae mce cx8 apic sep mtrr pge mca cmov pat pse36 clflush dts acpi mmx fxsr sse sse2 ss ht tm pbe syscall nx rdtscp lm constant_tsc arch_perfmon pebs bts rep_good nopl xtopology nonstop_tsc aperfmperf pni pclmulqdq dtes64 monitor ds_cpl vmx est tm2 ssse3 cx16 xtpr pdcm pcid sse4_1 sse4_2 x2apic popcnt tsc_deadline_timer aes xsave avx f16c rdrand lahf_lm ida arat epb xsaveopt pln pts dtherm tpr_shadow vnmi flexpriority ept vpid fsgsbase smep erms
bogomips	: 4390.34
clflush size	: 64
cache_alignment	: 64
address sizes	: 36 bits physical, 48 bits virtual
power management:

processor	: 7
vendor_id	: GenuineIntel
cpu family	: 6
model		: 58
model name	: Intel(R) Core(TM) i7-3632QM CPU @ 2.20GHz
stepping	: 9
microcode	: 0x15
cpu MHz		: 2201.000
cache size	: 6144 KB
physical id	: 0
siblings	: 8
core id		: 3
cpu cores	: 4
apicid		: 7
initial apicid	: 7
fpu		: yes
fpu_exception	: yes
cpuid level	: 13
wp		: yes
flags		: fpu vme de pse tsc msr pae mce cx8 apic sep mtrr pge mca cmov pat pse36 clflush dts acpi mmx fxsr sse sse2 ss ht tm pbe syscall nx rdtscp lm constant_tsc arch_perfmon pebs bts rep_good nopl xtopology nonstop_tsc aperfmperf pni pclmulqdq dtes64 monitor ds_cpl vmx est tm2 ssse3 cx16 xtpr pdcm pcid sse4_1 sse4_2 x2apic popcnt tsc_deadline_timer aes xsave avx f16c rdrand lahf_lm ida arat epb xsaveopt pln pts dtherm tpr_shadow vnmi flexpriority ept vpid fsgsbase smep erms
bogomips	: 4390.34
clflush size	: 64
cache_alignment	: 64
address sizes	: 36 bits physical, 48 bits virtual
power management:



Memory: 4k page, physical 8052808k(2562952k free), swap 2097148k(2097148k free)

vm_info: OpenJDK 64-Bit Server VM (23.25-b01) for linux-amd64 JRE (1.6.0_30-b30), built on Mar 26 2014 14:14:35 by "buildd" with gcc 4.6.3

time: Mon Apr 21 13:43:19 2014
elapsed time: 193 seconds

