#
# A fatal error has been detected by the Java Runtime Environment:
#
#  SIGSEGV (0xb) at pc=0x00007f11bb407c04, pid=16035, tid=139714144700160
#
# JRE version: 6.0_30-b30
# Java VM: OpenJDK 64-Bit Server VM (23.25-b01 mixed mode linux-amd64 compressed oops)
# Problematic frame:
# C  [libc.so.6+0x6fc04]  fwrite+0x34
#
# Failed to write core dump. Core dumps have been disabled. To enable core dumping, try "ulimit -c unlimited" before starting Java again
#
# If you would like to submit a bug report, please include
# instructions how to reproduce the bug and visit:
#   https://bugs.launchpad.net/ubuntu/+source/openjdk-6/
# The crash happened outside the Java Virtual Machine in native code.
# See problematic frame for where to report the bug.
#

---------------  T H R E A D  ---------------

Current thread (0x00007f11b400a000):  JavaThread "main" [_thread_in_native, id=16036, stack(0x00007f11bbe70000,0x00007f11bbf71000)]

siginfo:si_signo=SIGSEGV: si_errno=0, si_code=1 (SEGV_MAPERR), si_addr=0x0000000000000000

Registers:
RAX=0x0000000000000001, RBX=0x0000000000000000, RCX=0x0000000000000000, RDX=0x0000000000000001
RSP=0x00007f11bbf6f080, RBP=0x0000000000000001, RSI=0x0000000000000001, RDI=0x00007f11b4536de0
R8 =0x00007f11b4536de0, R9 =0x0000000000000001, R10=0x00007f11b4536de1, R11=0x0000000000000027
R12=0x0000000000000001, R13=0x0000000000000001, R14=0x00007f11bbf6f170, R15=0x00007f11b400a000
RIP=0x00007f11bb407c04, EFLAGS=0x0000000000010202, CSGSFS=0x0000000000000033, ERR=0x0000000000000004
  TRAPNO=0x000000000000000e

Top of Stack: (sp=0x00007f11bbf6f080)
0x00007f11bbf6f080:   00007f11bbf6f160 00007f11b400a1d8
0x00007f11bbf6f090:   00007f11b4536de0 00007f11bbf6f160
0x00007f11bbf6f0a0:   0000000000000000 00007f11a857295d
0x00007f11bbf6f0b0:   00007f11bbf6f278 00000000d5cac3a8
0x00007f11bbf6f0c0:   00007f11bbf6f140 0000000000000000
0x00007f11bbf6f0d0:   00000000d5cac3a8 00007f11b1011790
0x00007f11bbf6f0e0:   00007f11bbf6f278 00007f11bbf6f228
0x00007f11bbf6f0f0:   00007f11bbf6f228 00007f11b101c443
0x00007f11bbf6f100:   00007f11bbf6f100 0000000000000000
0x00007f11bbf6f110:   00007f11bbf6f170 00000000d5cacf58
0x00007f11bbf6f120:   0000000000000000 00000000d5cac3a8
0x00007f11bbf6f130:   0000000000000000 00007f11bbf6f160
0x00007f11bbf6f140:   00007f11bbf6f1b8 00007f11b1005e9a
0x00007f11bbf6f150:   00000000f55ccf78 00007f11b100e598
0x00007f11bbf6f160:   00000000f57fb878 0000000000000000
0x00007f11bbf6f170:   00007f11b1005410 00007f11bbf6f178
0x00007f11bbf6f180:   00000000d5c7879d 00007f11bbf6f1d0
0x00007f11bbf6f190:   00000000d5ca9c50 0000000000000000
0x00007f11bbf6f1a0:   00000000d5c787a8 00007f11bbf6f160
0x00007f11bbf6f1b0:   00007f11bbf6f1c8 00007f11bbf6f218
0x00007f11bbf6f1c0:   00007f11b1005e9a 00000000f57fb878
0x00007f11bbf6f1d0:   00000000f65a4d70 00007f11bbf6f1d8
0x00007f11bbf6f1e0:   00000000d5c785da 00007f11bbf6f230
0x00007f11bbf6f1f0:   00000000d5ca9c50 0000000000000000
0x00007f11bbf6f200:   00000000d5c785e8 00007f11bbf6f1c8
0x00007f11bbf6f210:   00007f11bbf6f228 00007f11bbf6f278
0x00007f11bbf6f220:   00007f11b1005e9a 00000000f57fb878
0x00007f11bbf6f230:   00000000f65a4d70 00007f11bbf6f238
0x00007f11bbf6f240:   00000000d66a5a16 00007f11bbf6f2a8
0x00007f11bbf6f250:   00000000d66a7780 0000000000000000
0x00007f11bbf6f260:   00000000d66a5a98 00007f11bbf6f228
0x00007f11bbf6f270:   00007f11bbf6f298 00007f11bbf6f2f0 

Instructions: (pc=0x00007f11bb407c04)
0x00007f11bb407be4:   24 e8 4c 89 64 24 f0 48 83 ec 28 49 89 f8 49 89
0x00007f11bb407bf4:   f4 48 89 d5 48 89 cb 4d 85 ed 0f 84 ec 00 00 00
0x00007f11bb407c04:   8b 01 25 00 80 00 00 75 48 48 8b 91 88 00 00 00
0x00007f11bb407c14:   64 4c 8b 0c 25 10 00 00 00 4c 3b 4a 08 74 2e be 

Register to memory mapping:

RAX=0x0000000000000001 is an unknown value
RBX=0x0000000000000000 is an unknown value
RCX=0x0000000000000000 is an unknown value
RDX=0x0000000000000001 is an unknown value
RSP=0x00007f11bbf6f080 is pointing into the stack for thread: 0x00007f11b400a000
RBP=0x0000000000000001 is an unknown value
RSI=0x0000000000000001 is an unknown value
RDI=0x00007f11b4536de0 is an unknown value
R8 =0x00007f11b4536de0 is an unknown value
R9 =0x0000000000000001 is an unknown value
R10=0x00007f11b4536de1 is an unknown value
R11=0x0000000000000027 is an unknown value
R12=0x0000000000000001 is an unknown value
R13=0x0000000000000001 is an unknown value
R14=0x00007f11bbf6f170 is pointing into the stack for thread: 0x00007f11b400a000
R15=0x00007f11b400a000 is a thread


Stack: [0x00007f11bbe70000,0x00007f11bbf71000],  sp=0x00007f11bbf6f080,  free space=1020k
Native frames: (J=compiled Java code, j=interpreted, Vv=VM code, C=native code)
C  [libc.so.6+0x6fc04]  fwrite+0x34

Java frames: (J=compiled Java code, j=interpreted, Vv=VM code)
j  prism.PrismNative.PN_PrintToFile(JLjava/lang/String;)V+0
j  prism.PrismFileLog.printToLog(Ljava/lang/String;)V+5
j  prism.PrismFileLog.print(Ljava/lang/String;)V+2
j  prism.ProbModel.exportStates(ILprism/PrismLog;)V+14
j  prism.NondetModelChecker.checkRewardCoSafeLTL(Lparser/ast/Expression;Ljdd/JDDNode;Ljdd/JDDNode;Z)Lprism/StateValues;+547
j  prism.NondetModelChecker.checkRewardPathFormula(Lparser/ast/Expression;Ljdd/JDDNode;Ljdd/JDDNode;Z)Lprism/StateValues;+44
j  prism.NondetModelChecker.checkExpressionReward(Lparser/ast/ExpressionReward;)Lprism/StateValues;+647
j  prism.NondetModelChecker.checkExpression(Lparser/ast/Expression;)Lprism/StateValues;+31
j  prism.StateModelChecker.checkExpressionFilter(Lparser/ast/ExpressionFilter;)Lprism/StateValues;+302
j  prism.StateModelChecker.checkExpression(Lparser/ast/Expression;)Lprism/StateValues;+295
j  prism.NonProbModelChecker.checkExpression(Lparser/ast/Expression;)Lprism/StateValues;+46
j  prism.NondetModelChecker.checkExpression(Lparser/ast/Expression;)Lprism/StateValues;+83
j  prism.StateModelChecker.check(Lparser/ast/Expression;)Lprism/Result;+173
j  prism.Prism.modelCheck(Lparser/ast/PropertiesFile;Lparser/ast/Property;)Lprism/Result;+365
j  prism.PrismManager.callPrism(Ljava/lang/String;Ljava/lang/String;Z)Lprism/Result;+177
j  prism.PrismManager.main([Ljava/lang/String;)V+405
v  ~StubRoutines::call_stub

---------------  P R O C E S S  ---------------

Java Threads: ( => current thread )
  0x00007f11b43fa800 JavaThread "Image Fetcher 0" daemon [_thread_blocked, id=16056, stack(0x00007f11a3706000,0x00007f11a3807000)]
  0x00007f11b42b3800 JavaThread "Java2D Disposer" daemon [_thread_blocked, id=16053, stack(0x00007f11a3a10000,0x00007f11a3b11000)]
  0x00007f11b4104000 JavaThread "Low Memory Detector" daemon [_thread_blocked, id=16051, stack(0x00007f11a8acd000,0x00007f11a8bce000)]
  0x00007f11b4101800 JavaThread "C2 CompilerThread1" daemon [_thread_blocked, id=16050, stack(0x00007f11a8bce000,0x00007f11a8ccf000)]
  0x00007f11b40fe800 JavaThread "C2 CompilerThread0" daemon [_thread_blocked, id=16049, stack(0x00007f11a8ccf000,0x00007f11a8dd0000)]
  0x00007f11b40fc800 JavaThread "Signal Dispatcher" daemon [_thread_blocked, id=16048, stack(0x00007f11a8dd0000,0x00007f11a8ed1000)]
  0x00007f11b40ad800 JavaThread "Finalizer" daemon [_thread_blocked, id=16047, stack(0x00007f11a95b4000,0x00007f11a96b5000)]
  0x00007f11b40ab800 JavaThread "Reference Handler" daemon [_thread_blocked, id=16046, stack(0x00007f11a96b5000,0x00007f11a97b6000)]
=>0x00007f11b400a000 JavaThread "main" [_thread_in_native, id=16036, stack(0x00007f11bbe70000,0x00007f11bbf71000)]

Other Threads:
  0x00007f11b409c800 VMThread [stack: 0x00007f11a97b6000,0x00007f11a98b7000] [id=16045]
  0x00007f11b410e800 WatcherThread [stack: 0x00007f11a89cc000,0x00007f11a8acd000] [id=16052]

VM state:not at safepoint (normal execution)

VM Mutex/Monitor currently owned by a thread: None

Heap
 PSYoungGen      total 36736K, used 17072K [0x00000000f5560000, 0x00000000f7e50000, 0x0000000100000000)
  eden space 31552K, 54% used [0x00000000f5560000,0x00000000f660c260,0x00000000f7430000)
  from space 5184K, 0% used [0x00000000f7940000,0x00000000f7940000,0x00000000f7e50000)
  to   space 5184K, 0% used [0x00000000f7430000,0x00000000f7430000,0x00000000f7940000)
 ParOldGen       total 83968K, used 0K [0x00000000e0000000, 0x00000000e5200000, 0x00000000f5560000)
  object space 83968K, 0% used [0x00000000e0000000,0x00000000e0000000,0x00000000e5200000)
 PSPermGen       total 21248K, used 13658K [0x00000000d5a00000, 0x00000000d6ec0000, 0x00000000e0000000)
  object space 21248K, 64% used [0x00000000d5a00000,0x00000000d6756a60,0x00000000d6ec0000)

Card table byte_map: [0x00007f11b8aee000,0x00007f11b8c42000] byte_map_base: 0x00007f11b8441000

Polling page: 0x00007f11bbf9d000

Code Cache  [0x00007f11b1000000, 0x00007f11b1270000, 0x00007f11b4000000)
 total_blobs=526 nmethods=85 adapters=394 free_code_cache=48414Kb largest_free_block=49549696

Compilation events (10 events):
Event: 2.473 Thread 0x00007f11b4101800   81  s          java.util.Vector::indexOf (67 bytes)
Event: 2.480 Thread 0x00007f11b4101800 nmethod 81 0x00007f11b10b5290 code [0x00007f11b10b5400, 0x00007f11b10b5d78]
Event: 2.483 Thread 0x00007f11b40fe800   82  s          java.util.Vector::indexOf (67 bytes)
Event: 2.487 Thread 0x00007f11b4101800   83             sun.net.www.ParseUtil::encodePath (336 bytes)
Event: 2.489 Thread 0x00007f11b40fe800 nmethod 82 0x00007f11b10b2510 code [0x00007f11b10b2680, 0x00007f11b10b2ff8]
Event: 2.491 Thread 0x00007f11b40fe800   84             java.nio.Buffer::position (43 bytes)
Event: 2.491 Thread 0x00007f11b40fe800 nmethod 84 0x00007f11b10b22d0 code [0x00007f11b10b2400, 0x00007f11b10b2478]
Event: 2.496 Thread 0x00007f11b40fe800   85             java.nio.charset.CoderResult::isUnderflow (13 bytes)
Event: 2.496 Thread 0x00007f11b40fe800 nmethod 85 0x00007f11b10b20d0 code [0x00007f11b10b2200, 0x00007f11b10b2258]
Event: 2.502 Thread 0x00007f11b4101800 nmethod 83 0x00007f11b10bd210 code [0x00007f11b10bd460, 0x00007f11b10be478]

GC Heap History (0 events):
No events

Deoptimization events (6 events):
Event: 2.469 Thread 0x00007f11b400a000 Uncommon trap -122 fr.pc 0x00007f11b109c670
Event: 2.481 Thread 0x00007f11b400a000 Uncommon trap -58 fr.pc 0x00007f11b10b5cf8
Event: 2.481 Thread 0x00007f11b400a000 Uncommon trap -58 fr.pc 0x00007f11b10b5cf8
Event: 2.481 Thread 0x00007f11b400a000 Uncommon trap -58 fr.pc 0x00007f11b10b5cf8
Event: 2.481 Thread 0x00007f11b400a000 Uncommon trap -58 fr.pc 0x00007f11b10b5cf8
Event: 2.494 Thread 0x00007f11b400a000 Uncommon trap -83 fr.pc 0x00007f11b10b2fd8

Internal exceptions (10 events):
Event: 2.511 Thread 0x00007f11b400a000 Threw 0x00000000f65616b8 at /build/buildd/openjdk-6-6b30-1.13.1/build/openjdk/hotspot/src/share/vm/classfile/systemDictionary.cpp:1
Event: 2.511 Thread 0x00007f11b400a000 Threw 0x00000000f65619e8 at /build/buildd/openjdk-6-6b30-1.13.1/build/openjdk/hotspot/src/share/vm/prims/jvm.cpp:1235
Event: 2.512 Thread 0x00007f11b400a000 Threw 0x00000000f6565e40 at /build/buildd/openjdk-6-6b30-1.13.1/build/openjdk/hotspot/src/share/vm/classfile/systemDictionary.cpp:1
Event: 2.512 Thread 0x00007f11b400a000 Threw 0x00000000f6566168 at /build/buildd/openjdk-6-6b30-1.13.1/build/openjdk/hotspot/src/share/vm/prims/jvm.cpp:1235
Event: 2.512 Thread 0x00007f11b400a000 Threw 0x00000000f656a950 at /build/buildd/openjdk-6-6b30-1.13.1/build/openjdk/hotspot/src/share/vm/classfile/systemDictionary.cpp:1
Event: 2.512 Thread 0x00007f11b400a000 Threw 0x00000000f656ac68 at /build/buildd/openjdk-6-6b30-1.13.1/build/openjdk/hotspot/src/share/vm/prims/jvm.cpp:1235
Event: 2.512 Thread 0x00007f11b400a000 Threw 0x00000000f656ec48 at /build/buildd/openjdk-6-6b30-1.13.1/build/openjdk/hotspot/src/share/vm/classfile/systemDictionary.cpp:1
Event: 2.513 Thread 0x00007f11b400a000 Threw 0x00000000f656efa0 at /build/buildd/openjdk-6-6b30-1.13.1/build/openjdk/hotspot/src/share/vm/prims/jvm.cpp:1235
Event: 2.542 Thread 0x00007f11b400a000 Threw 0x00000000f65763f0 at /build/buildd/openjdk-6-6b30-1.13.1/build/openjdk/hotspot/src/share/vm/classfile/systemDictionary.cpp:1
Event: 2.542 Thread 0x00007f11b400a000 Threw 0x00000000f6576708 at /build/buildd/openjdk-6-6b30-1.13.1/build/openjdk/hotspot/src/share/vm/prims/jvm.cpp:1235

Events (10 events):
Event: 2.512 loading class 0x00007f11b44e1180
Event: 2.512 loading class 0x00007f11b44e1180 done
Event: 2.512 loading class 0x00007f11b44e11b0
Event: 2.512 loading class 0x00007f11b44e11b0 done
Event: 2.512 loading class 0x00007f11b44eb170
Event: 2.512 loading class 0x00007f11b44eb170 done
Event: 2.542 loading class 0x00007f11b44871d0
Event: 2.542 loading class 0x00007f11b44871d0 done
Event: 2.547 loading class 0x00007f11b43ccb50
Event: 2.547 loading class 0x00007f11b43ccb50 done


Dynamic libraries:
00400000-00409000 r-xp 00000000 08:07 2265135                            /usr/lib/jvm/java-6-openjdk-amd64/jre/bin/java
00608000-00609000 r--p 00008000 08:07 2265135                            /usr/lib/jvm/java-6-openjdk-amd64/jre/bin/java
00609000-0060a000 rw-p 00009000 08:07 2265135                            /usr/lib/jvm/java-6-openjdk-amd64/jre/bin/java
0118d000-011ae000 rw-p 00000000 00:00 0                                  [heap]
d5a00000-d6ec0000 rw-p 00000000 00:00 0 
d6ec0000-e0000000 rw-p 00000000 00:00 0 
e0000000-e5200000 rw-p 00000000 00:00 0 
e5200000-f5560000 rw-p 00000000 00:00 0 
f5560000-f7e50000 rw-p 00000000 00:00 0 
f7e50000-100000000 rw-p 00000000 00:00 0 
7f113c000000-7f113c021000 rw-p 00000000 00:00 0 
7f113c021000-7f1140000000 ---p 00000000 00:00 0 
7f1144000000-7f1144021000 rw-p 00000000 00:00 0 
7f1144021000-7f1148000000 ---p 00000000 00:00 0 
7f1148000000-7f1148055000 rw-p 00000000 00:00 0 
7f1148055000-7f114c000000 ---p 00000000 00:00 0 
7f114c000000-7f114c021000 rw-p 00000000 00:00 0 
7f114c021000-7f1150000000 ---p 00000000 00:00 0 
7f1150000000-7f1150021000 rw-p 00000000 00:00 0 
7f1150021000-7f1154000000 ---p 00000000 00:00 0 
7f1154000000-7f1154021000 rw-p 00000000 00:00 0 
7f1154021000-7f1158000000 ---p 00000000 00:00 0 
7f1158000000-7f1158021000 rw-p 00000000 00:00 0 
7f1158021000-7f115c000000 ---p 00000000 00:00 0 
7f115c000000-7f115c76e000 rw-p 00000000 00:00 0 
7f115c76e000-7f1160000000 ---p 00000000 00:00 0 
7f1160000000-7f116049f000 rw-p 00000000 00:00 0 
7f116049f000-7f1164000000 ---p 00000000 00:00 0 
7f1164000000-7f1164021000 rw-p 00000000 00:00 0 
7f1164021000-7f1168000000 ---p 00000000 00:00 0 
7f1168000000-7f1168021000 rw-p 00000000 00:00 0 
7f1168021000-7f116c000000 ---p 00000000 00:00 0 
7f116c000000-7f116c021000 rw-p 00000000 00:00 0 
7f116c021000-7f1170000000 ---p 00000000 00:00 0 
7f1170000000-7f1170021000 rw-p 00000000 00:00 0 
7f1170021000-7f1174000000 ---p 00000000 00:00 0 
7f1174000000-7f1174021000 rw-p 00000000 00:00 0 
7f1174021000-7f1178000000 ---p 00000000 00:00 0 
7f117c000000-7f117c021000 rw-p 00000000 00:00 0 
7f117c021000-7f1180000000 ---p 00000000 00:00 0 
7f1184000000-7f1184021000 rw-p 00000000 00:00 0 
7f1184021000-7f1188000000 ---p 00000000 00:00 0 
7f118c000000-7f118c021000 rw-p 00000000 00:00 0 
7f118c021000-7f1190000000 ---p 00000000 00:00 0 
7f1194000000-7f1194021000 rw-p 00000000 00:00 0 
7f1194021000-7f1198000000 ---p 00000000 00:00 0 
7f119c000000-7f119c021000 rw-p 00000000 00:00 0 
7f119c021000-7f11a0000000 ---p 00000000 00:00 0 
7f11a0ed2000-7f11a0eef000 r-xp 00000000 08:08 2625415                    /home/bruno/devel_ws/src/policy_generator/prism_ros_bridge/prism/prism-robots/prism/lib/libprismhybrid.so
7f11a0eef000-7f11a10ee000 ---p 0001d000 08:08 2625415                    /home/bruno/devel_ws/src/policy_generator/prism_ros_bridge/prism/prism-robots/prism/lib/libprismhybrid.so
7f11a10ee000-7f11a10ef000 r--p 0001c000 08:08 2625415                    /home/bruno/devel_ws/src/policy_generator/prism_ros_bridge/prism/prism-robots/prism/lib/libprismhybrid.so
7f11a10ef000-7f11a10f0000 rw-p 0001d000 08:08 2625415                    /home/bruno/devel_ws/src/policy_generator/prism_ros_bridge/prism/prism-robots/prism/lib/libprismhybrid.so
7f11a10f0000-7f11a118a000 r-xp 00000000 08:08 2623780                    /home/bruno/devel_ws/src/policy_generator/prism_ros_bridge/prism/prism-robots/prism/lib/liblpsolve55.so
7f11a118a000-7f11a138a000 ---p 0009a000 08:08 2623780                    /home/bruno/devel_ws/src/policy_generator/prism_ros_bridge/prism/prism-robots/prism/lib/liblpsolve55.so
7f11a138a000-7f11a138c000 r--p 0009a000 08:08 2623780                    /home/bruno/devel_ws/src/policy_generator/prism_ros_bridge/prism/prism-robots/prism/lib/liblpsolve55.so
7f11a138c000-7f11a138d000 rw-p 0009c000 08:08 2623780                    /home/bruno/devel_ws/src/policy_generator/prism_ros_bridge/prism/prism-robots/prism/lib/liblpsolve55.so
7f11a138d000-7f11a1393000 r-xp 00000000 08:08 2624025                    /home/bruno/devel_ws/src/policy_generator/prism_ros_bridge/prism/prism-robots/prism/lib/libdv.so
7f11a1393000-7f11a1592000 ---p 00006000 08:08 2624025                    /home/bruno/devel_ws/src/policy_generator/prism_ros_bridge/prism/prism-robots/prism/lib/libdv.so
7f11a1592000-7f11a1593000 r--p 00005000 08:08 2624025                    /home/bruno/devel_ws/src/policy_generator/prism_ros_bridge/prism/prism-robots/prism/lib/libdv.so
7f11a1593000-7f11a1594000 rw-p 00006000 08:08 2624025                    /home/bruno/devel_ws/src/policy_generator/prism_ros_bridge/prism/prism-robots/prism/lib/libdv.so
7f11a1594000-7f11a1596000 r-xp 00000000 08:08 2624016                    /home/bruno/devel_ws/src/policy_generator/prism_ros_bridge/prism/prism-robots/prism/lib/libodd.so
7f11a1596000-7f11a1795000 ---p 00002000 08:08 2624016                    /home/bruno/devel_ws/src/policy_generator/prism_ros_bridge/prism/prism-robots/prism/lib/libodd.so
7f11a1795000-7f11a1796000 r--p 00001000 08:08 2624016                    /home/bruno/devel_ws/src/policy_generator/prism_ros_bridge/prism/prism-robots/prism/lib/libodd.so
7f11a1796000-7f11a1797000 rw-p 00002000 08:08 2624016                    /home/bruno/devel_ws/src/policy_generator/prism_ros_bridge/prism/prism-robots/prism/lib/libodd.so
7f11a1797000-7f11a17c6000 r-xp 00000000 08:08 2625395                    /home/bruno/devel_ws/src/policy_generator/prism_ros_bridge/prism/prism-robots/prism/lib/libprismsparse.so
7f11a17c6000-7f11a19c5000 ---p 0002f000 08:08 2625395                    /home/bruno/devel_ws/src/policy_generator/prism_ros_bridge/prism/prism-robots/prism/lib/libprismsparse.so
7f11a19c5000-7f11a19c6000 r--p 0002e000 08:08 2625395                    /home/bruno/devel_ws/src/policy_generator/prism_ros_bridge/prism/prism-robots/prism/lib/libprismsparse.so
7f11a19c6000-7f11a19c7000 rw-p 0002f000 08:08 2625395                    /home/bruno/devel_ws/src/policy_generator/prism_ros_bridge/prism/prism-robots/prism/lib/libprismsparse.so
7f11a19c7000-7f11a19d2000 r-xp 00000000 08:08 2625354                    /home/bruno/devel_ws/src/policy_generator/prism_ros_bridge/prism/prism-robots/prism/lib/libprismmtbdd.so
7f11a19d2000-7f11a1bd1000 ---p 0000b000 08:08 2625354                    /home/bruno/devel_ws/src/policy_generator/prism_ros_bridge/prism/prism-robots/prism/lib/libprismmtbdd.so
7f11a1bd1000-7f11a1bd2000 r--p 0000a000 08:08 2625354                    /home/bruno/devel_ws/src/policy_generator/prism_ros_bridge/prism/prism-robots/prism/lib/libprismmtbdd.so
7f11a1bd2000-7f11a1bd3000 rw-p 0000b000 08:08 2625354                    /home/bruno/devel_ws/src/policy_generator/prism_ros_bridge/prism/prism-robots/prism/lib/libprismmtbdd.so
7f11a1bd3000-7f11a2e16000 rw-p 00000000 00:00 0 
7f11a2e16000-7f11a2e89000 r-xp 00000000 08:08 2623999                    /home/bruno/devel_ws/src/policy_generator/prism_ros_bridge/prism/prism-robots/prism/lib/libdd.so
7f11a2e89000-7f11a3088000 ---p 00073000 08:08 2623999                    /home/bruno/devel_ws/src/policy_generator/prism_ros_bridge/prism/prism-robots/prism/lib/libdd.so
7f11a3088000-7f11a3089000 r--p 00072000 08:08 2623999                    /home/bruno/devel_ws/src/policy_generator/prism_ros_bridge/prism/prism-robots/prism/lib/libdd.so
7f11a3089000-7f11a308a000 rw-p 00073000 08:08 2623999                    /home/bruno/devel_ws/src/policy_generator/prism_ros_bridge/prism/prism-robots/prism/lib/libdd.so
7f11a308a000-7f11a308b000 rw-p 00000000 00:00 0 
7f11a308b000-7f11a3091000 r-xp 00000000 08:08 2624010                    /home/bruno/devel_ws/src/policy_generator/prism_ros_bridge/prism/prism-robots/prism/lib/libjdd.so
7f11a3091000-7f11a3290000 ---p 00006000 08:08 2624010                    /home/bruno/devel_ws/src/policy_generator/prism_ros_bridge/prism/prism-robots/prism/lib/libjdd.so
7f11a3290000-7f11a3291000 r--p 00005000 08:08 2624010                    /home/bruno/devel_ws/src/policy_generator/prism_ros_bridge/prism/prism-robots/prism/lib/libjdd.so
7f11a3291000-7f11a3292000 rw-p 00006000 08:08 2624010                    /home/bruno/devel_ws/src/policy_generator/prism_ros_bridge/prism/prism-robots/prism/lib/libjdd.so
7f11a3292000-7f11a3295000 ---p 00000000 00:00 0 
7f11a3295000-7f11a3393000 rw-p 00000000 00:00 0 
7f11a3393000-7f11a339b000 r-xp 00000000 08:07 2236031                    /usr/lib/jvm/java-6-openjdk-amd64/jre/lib/amd64/libnio.so
7f11a339b000-7f11a359a000 ---p 00008000 08:07 2236031                    /usr/lib/jvm/java-6-openjdk-amd64/jre/lib/amd64/libnio.so
7f11a359a000-7f11a359b000 r--p 00007000 08:07 2236031                    /usr/lib/jvm/java-6-openjdk-amd64/jre/lib/amd64/libnio.so
7f11a359b000-7f11a359c000 rw-p 00008000 08:07 2236031                    /usr/lib/jvm/java-6-openjdk-amd64/jre/lib/amd64/libnio.so
7f11a359c000-7f11a359d000 r--s 00000000 08:07 5767251                    /var/cache/fontconfig/c05880de57d1f5e948fdfacc138775d9-le64.cache-3
7f11a359d000-7f11a35a6000 r--s 00000000 08:07 5767246                    /var/cache/fontconfig/945677eb7aeaf62f1d50efc3fb3ec7d8-le64.cache-3
7f11a35a6000-7f11a35a8000 r--s 00000000 08:07 5767247                    /var/cache/fontconfig/99e8ed0e538f840c565b6ed5dad60d56-le64.cache-3
7f11a35a8000-7f11a35ac000 r--s 00000000 08:07 5767233                    /var/cache/fontconfig/2cd17615ca594fa2959ae173292e504c-le64.cache-3
7f11a35ac000-7f11a35ad000 r--s 00000000 08:07 5767258                    /var/cache/fontconfig/e7071f4a29fa870f4323321c154eba04-le64.cache-3
7f11a35ad000-7f11a35b0000 r--s 00000000 08:07 5777002                    /var/cache/fontconfig/b5ea634b0fb353b8ea17632d1f9ef766-le64.cache-3
7f11a3706000-7f11a3709000 ---p 00000000 00:00 0 
7f11a3709000-7f11a3807000 rw-p 00000000 00:00 0                          [stack:16056]
7f11a3807000-7f11a380a000 ---p 00000000 00:00 0 
7f11a380a000-7f11a3908000 rw-p 00000000 00:00 0 
7f11a3908000-7f11a390b000 ---p 00000000 00:00 0 
7f11a390b000-7f11a3a09000 rw-p 00000000 00:00 0 
7f11a3a09000-7f11a3a10000 r--s 00053000 08:07 2265100                    /usr/lib/jvm/java-6-openjdk-common/jre/lib/resources.jar
7f11a3a10000-7f11a3a13000 ---p 00000000 00:00 0 
7f11a3a13000-7f11a3b11000 rw-p 00000000 00:00 0                          [stack:16053]
7f11a3b11000-7f11a3ba7000 r-xp 00000000 08:07 2104784                    /usr/lib/x86_64-linux-gnu/libfreetype.so.6.8.0
7f11a3ba7000-7f11a3da6000 ---p 00096000 08:07 2104784                    /usr/lib/x86_64-linux-gnu/libfreetype.so.6.8.0
7f11a3da6000-7f11a3dac000 r--p 00095000 08:07 2104784                    /usr/lib/x86_64-linux-gnu/libfreetype.so.6.8.0
7f11a3dac000-7f11a3dad000 rw-p 0009b000 08:07 2104784                    /usr/lib/x86_64-linux-gnu/libfreetype.so.6.8.0
7f11a3dad000-7f11a3dfc000 r-xp 00000000 08:07 2236019                    /usr/lib/jvm/java-6-openjdk-amd64/jre/lib/amd64/libfontmanager.so
7f11a3dfc000-7f11a3ffc000 ---p 0004f000 08:07 2236019                    /usr/lib/jvm/java-6-openjdk-amd64/jre/lib/amd64/libfontmanager.so
7f11a3ffc000-7f11a3ffe000 r--p 0004f000 08:07 2236019                    /usr/lib/jvm/java-6-openjdk-amd64/jre/lib/amd64/libfontmanager.so
7f11a3ffe000-7f11a3fff000 rw-p 00051000 08:07 2236019                    /usr/lib/jvm/java-6-openjdk-amd64/jre/lib/amd64/libfontmanager.so
7f11a3fff000-7f11a4000000 rw-p 00000000 00:00 0 
7f11a4000000-7f11a4021000 rw-p 00000000 00:00 0 
7f11a4021000-7f11a8000000 ---p 00000000 00:00 0 
7f11a8000000-7f11a8001000 rw-p 00000000 00:00 0 
7f11a8001000-7f11a8002000 r--s 00000000 08:07 5767231                    /var/cache/fontconfig/0d8c3b2ac0904cb8a57a757ad11a4a08-le64.cache-3
7f11a8002000-7f11a8008000 r--s 00000000 08:07 5767248                    /var/cache/fontconfig/a755afe4a08bf5b97852ceb7400b47bc-le64.cache-3
7f11a8008000-7f11a8011000 r--s 00000000 08:07 5777068                    /var/cache/fontconfig/6d41288fd70b0be22e8c3a91e032eec0-le64.cache-3
7f11a8011000-7f11a8021000 r--s 00000000 08:07 5767230                    /var/cache/fontconfig/04aabc0a78ac019cf9454389977116d2-le64.cache-3
7f11a8021000-7f11a8022000 r--s 00000000 08:07 5775397                    /var/cache/fontconfig/b95bc8ffbebda2bbdae4265e45b8178d-le64.cache-3
7f11a8022000-7f11a8025000 r--s 00000000 08:07 5767236                    /var/cache/fontconfig/385c0604a188198f04d133e54aba7fe7-le64.cache-3
7f11a8025000-7f11a8026000 r--s 00000000 08:07 5775389                    /var/cache/fontconfig/9c956a7723ca69a44b382d9179c9802f-le64.cache-3
7f11a8026000-7f11a8027000 r--s 00000000 08:07 5775387                    /var/cache/fontconfig/5d1cca7074f29429a8d18692746c2426-le64.cache-3
7f11a8027000-7f11a8028000 r--s 00000000 08:07 5771378                    /var/cache/fontconfig/4794a0821666d79190d59a36cb4f44b5-le64.cache-3
7f11a8028000-7f11a8029000 r--s 00000000 08:07 5775384                    /var/cache/fontconfig/9eae20f1ff8cc0a7d125749e875856bd-le64.cache-3
7f11a8029000-7f11a802b000 r--s 00000000 08:07 5775383                    /var/cache/fontconfig/bf2c1853a9e9b00bb02fe2e9bcf1e201-le64.cache-3
7f11a802b000-7f11a802e000 r--s 00000000 08:07 5767245                    /var/cache/fontconfig/8801497958630a81b71ace7c5f9b32a8-le64.cache-3
7f11a802e000-7f11a8033000 r--s 00000000 08:07 5767234                    /var/cache/fontconfig/3047814df9a2f067bd2d96a2b9c36e5a-le64.cache-3
7f11a8033000-7f11a8034000 r--s 00000000 08:07 5767239                    /var/cache/fontconfig/56cf4f4769d0f4abc89a4895d7bd3ae1-le64.cache-3
7f11a8034000-7f11a8035000 r--s 00000000 08:07 5767250                    /var/cache/fontconfig/b9d506c9ac06c20b433354fa67a72993-le64.cache-3
7f11a8035000-7f11a803a000 r--s 00000000 08:07 5767249                    /var/cache/fontconfig/b47c4e1ecd0709278f4910c18777a504-le64.cache-3
7f11a803a000-7f11a803c000 r--s 00000000 08:07 5775382                    /var/cache/fontconfig/4b14b093aebc79c320de5e86ae1d3314-le64.cache-3
7f11a803c000-7f11a803d000 r--s 00000000 08:07 5775381                    /var/cache/fontconfig/8aec10f4cc8391dcef22ca549f1e4354-le64.cache-3
7f11a803d000-7f11a804d000 r--s 00000000 08:07 5767254                    /var/cache/fontconfig/d52a8644073d54c13679302ca1180695-le64.cache-3
7f11a804d000-7f11a804e000 r--s 00000000 08:07 5775379                    /var/cache/fontconfig/ac2cf712d852da827a87a9baf682f5b9-le64.cache-3
7f11a804e000-7f11a8050000 r--s 00000000 08:07 5775377                    /var/cache/fontconfig/65f976e5259cbe6dc7697b8648396239-le64.cache-3
7f11a8050000-7f11a8051000 r--s 00000000 08:07 5775375                    /var/cache/fontconfig/845c20fd2c4814bcec78e05d37a63ccc-le64.cache-3
7f11a8051000-7f11a8052000 r--s 00000000 08:07 5775373                    /var/cache/fontconfig/e7de81b01590fb7e12b38e274e17d0db-le64.cache-3
7f11a8052000-7f11a806c000 r--s 00000000 08:07 5769551                    /var/cache/fontconfig/e13b20fdb08344e0e664864cc2ede53d-le64.cache-3
7f11a806c000-7f11a806d000 r--s 00000000 08:07 5767251                    /var/cache/fontconfig/c05880de57d1f5e948fdfacc138775d9-le64.cache-3
7f11a806d000-7f11a8076000 r--s 00000000 08:07 5767246                    /var/cache/fontconfig/945677eb7aeaf62f1d50efc3fb3ec7d8-le64.cache-3
7f11a8076000-7f11a8078000 r--s 00000000 08:07 5767247                    /var/cache/fontconfig/99e8ed0e538f840c565b6ed5dad60d56-le64.cache-3
7f11a8078000-7f11a807c000 r--s 00000000 08:07 5767233                    /var/cache/fontconfig/2cd17615ca594fa2959ae173292e504c-le64.cache-3
7f11a807c000-7f11a807d000 r--s 00000000 08:07 5767258                    /var/cache/fontconfig/e7071f4a29fa870f4323321c154eba04-le64.cache-3
7f11a807d000-7f11a8080000 r--s 00000000 08:07 5777002                    /var/cache/fontconfig/b5ea634b0fb353b8ea17632d1f9ef766-le64.cache-3
7f11a8080000-7f11a8081000 r--s 00000000 08:07 5767231                    /var/cache/fontconfig/0d8c3b2ac0904cb8a57a757ad11a4a08-le64.cache-3
7f11a8081000-7f11a8087000 r--s 00000000 08:07 5767248                    /var/cache/fontconfig/a755afe4a08bf5b97852ceb7400b47bc-le64.cache-3
7f11a8087000-7f11a8097000 r--s 00000000 08:07 5767230                    /var/cache/fontconfig/04aabc0a78ac019cf9454389977116d2-le64.cache-3
7f11a8097000-7f11a809d000 r-xp 00000000 08:07 2236025                    /usr/lib/jvm/java-6-openjdk-amd64/jre/lib/amd64/headless/libmawt.so
7f11a809d000-7f11a829c000 ---p 00006000 08:07 2236025                    /usr/lib/jvm/java-6-openjdk-amd64/jre/lib/amd64/headless/libmawt.so
7f11a829c000-7f11a829d000 r--p 00005000 08:07 2236025                    /usr/lib/jvm/java-6-openjdk-amd64/jre/lib/amd64/headless/libmawt.so
7f11a829d000-7f11a829e000 rw-p 00006000 08:07 2236025                    /usr/lib/jvm/java-6-openjdk-amd64/jre/lib/amd64/headless/libmawt.so
7f11a829e000-7f11a8340000 r-xp 00000000 08:07 2265124                    /usr/lib/jvm/java-6-openjdk-amd64/jre/lib/amd64/libawt.so
7f11a8340000-7f11a853f000 ---p 000a2000 08:07 2265124                    /usr/lib/jvm/java-6-openjdk-amd64/jre/lib/amd64/libawt.so
7f11a853f000-7f11a8540000 r--p 000a1000 08:07 2265124                    /usr/lib/jvm/java-6-openjdk-amd64/jre/lib/amd64/libawt.so
7f11a8540000-7f11a854b000 rw-p 000a2000 08:07 2265124                    /usr/lib/jvm/java-6-openjdk-amd64/jre/lib/amd64/libawt.so
7f11a854b000-7f11a8570000 rw-p 00000000 00:00 0 
7f11a8570000-7f11a8574000 r-xp 00000000 08:08 2625326                    /home/bruno/devel_ws/src/policy_generator/prism_ros_bridge/prism/prism-robots/prism/lib/libprism.so
7f11a8574000-7f11a8773000 ---p 00004000 08:08 2625326                    /home/bruno/devel_ws/src/policy_generator/prism_ros_bridge/prism/prism-robots/prism/lib/libprism.so
7f11a8773000-7f11a8774000 r--p 00003000 08:08 2625326                    /home/bruno/devel_ws/src/policy_generator/prism_ros_bridge/prism/prism-robots/prism/lib/libprism.so
7f11a8774000-7f11a8775000 rw-p 00004000 08:08 2625326                    /home/bruno/devel_ws/src/policy_generator/prism_ros_bridge/prism/prism-robots/prism/lib/libprism.so
7f11a8775000-7f11a87a6000 rw-p 00000000 00:00 0 
7f11a87a6000-7f11a87bb000 r-xp 00000000 08:07 2233923                    /usr/lib/jvm/java-6-openjdk-amd64/jre/lib/amd64/libnet.so
7f11a87bb000-7f11a89bb000 ---p 00015000 08:07 2233923                    /usr/lib/jvm/java-6-openjdk-amd64/jre/lib/amd64/libnet.so
7f11a89bb000-7f11a89bc000 r--p 00015000 08:07 2233923                    /usr/lib/jvm/java-6-openjdk-amd64/jre/lib/amd64/libnet.so
7f11a89bc000-7f11a89bd000 rw-p 00016000 08:07 2233923                    /usr/lib/jvm/java-6-openjdk-amd64/jre/lib/amd64/libnet.so
7f11a89bd000-7f11a89bf000 r--s 0000f000 08:07 2265104                    /usr/lib/jvm/java-6-openjdk-common/jre/lib/ext/pulse-java.jar
7f11a89bf000-7f11a89c1000 r--s 00001000 08:07 2265103                    /usr/lib/jvm/java-6-openjdk-common/jre/lib/ext/dnsns.jar
7f11a89c1000-7f11a89c4000 r--s 00077000 08:07 2265105                    /usr/lib/jvm/java-6-openjdk-common/jre/lib/ext/localedata.jar
7f11a89c4000-7f11a89c5000 r--s 00007000 08:07 2370769                    /usr/share/java/java-atk-wrapper.jar
7f11a89c5000-7f11a89c8000 r--s 00031000 08:07 2265102                    /usr/lib/jvm/java-6-openjdk-common/jre/lib/ext/sunjce_provider.jar
7f11a89c8000-7f11a89cc000 r--s 00039000 08:07 2265101                    /usr/lib/jvm/java-6-openjdk-common/jre/lib/ext/sunpkcs11.jar
7f11a89cc000-7f11a89cd000 ---p 00000000 00:00 0 
7f11a89cd000-7f11a8acd000 rw-p 00000000 00:00 0                          [stack:16052]
7f11a8acd000-7f11a8ad0000 ---p 00000000 00:00 0 
7f11a8ad0000-7f11a8bce000 rw-p 00000000 00:00 0                          [stack:16051]
7f11a8bce000-7f11a8bd1000 ---p 00000000 00:00 0 
7f11a8bd1000-7f11a8ccf000 rw-p 00000000 00:00 0                          [stack:16050]
7f11a8ccf000-7f11a8cd2000 ---p 00000000 00:00 0 
7f11a8cd2000-7f11a8dd0000 rw-p 00000000 00:00 0                          [stack:16049]
7f11a8dd0000-7f11a8dd3000 ---p 00000000 00:00 0 
7f11a8dd3000-7f11a8ed1000 rw-p 00000000 00:00 0                          [stack:16048]
7f11a8ed1000-7f11a95b4000 r--p 00000000 08:07 2103873                    /usr/lib/locale/locale-archive
7f11a95b4000-7f11a95b7000 ---p 00000000 00:00 0 
7f11a95b7000-7f11a96b5000 rw-p 00000000 00:00 0                          [stack:16047]
7f11a96b5000-7f11a96b8000 ---p 00000000 00:00 0 
7f11a96b8000-7f11a97b6000 rw-p 00000000 00:00 0                          [stack:16046]
7f11a97b6000-7f11a97b7000 ---p 00000000 00:00 0 
7f11a97b7000-7f11ac000000 rw-p 00000000 00:00 0                          [stack:16045]
7f11ac000000-7f11ac021000 rw-p 00000000 00:00 0 
7f11ac021000-7f11b0000000 ---p 00000000 00:00 0 
7f11b0000000-7f11b0004000 r--s 00000000 08:07 5775370                    /var/cache/fontconfig/7ef2298fde41cc6eeb7af42e48b7d293-le64.cache-3
7f11b0004000-7f11b000d000 r--s 00000000 08:07 5777068                    /var/cache/fontconfig/6d41288fd70b0be22e8c3a91e032eec0-le64.cache-3
7f11b000d000-7f11b000e000 r--s 00000000 08:07 5775397                    /var/cache/fontconfig/b95bc8ffbebda2bbdae4265e45b8178d-le64.cache-3
7f11b000e000-7f11b0011000 r--s 00000000 08:07 5767236                    /var/cache/fontconfig/385c0604a188198f04d133e54aba7fe7-le64.cache-3
7f11b0011000-7f11b0012000 r--s 00000000 08:07 5775389                    /var/cache/fontconfig/9c956a7723ca69a44b382d9179c9802f-le64.cache-3
7f11b0012000-7f11b0013000 r--s 00000000 08:07 5775387                    /var/cache/fontconfig/5d1cca7074f29429a8d18692746c2426-le64.cache-3
7f11b0013000-7f11b0014000 r--s 00000000 08:07 5771378                    /var/cache/fontconfig/4794a0821666d79190d59a36cb4f44b5-le64.cache-3
7f11b0014000-7f11b0015000 r--s 00000000 08:07 5775384                    /var/cache/fontconfig/9eae20f1ff8cc0a7d125749e875856bd-le64.cache-3
7f11b0015000-7f11b0017000 r--s 00000000 08:07 5775383                    /var/cache/fontconfig/bf2c1853a9e9b00bb02fe2e9bcf1e201-le64.cache-3
7f11b0017000-7f11b001a000 r--s 00000000 08:07 5767245                    /var/cache/fontconfig/8801497958630a81b71ace7c5f9b32a8-le64.cache-3
7f11b001a000-7f11b001f000 r--s 00000000 08:07 5767234                    /var/cache/fontconfig/3047814df9a2f067bd2d96a2b9c36e5a-le64.cache-3
7f11b001f000-7f11b0020000 r--s 00000000 08:07 5767239                    /var/cache/fontconfig/56cf4f4769d0f4abc89a4895d7bd3ae1-le64.cache-3
7f11b0020000-7f11b0021000 r--s 00000000 08:07 5767250                    /var/cache/fontconfig/b9d506c9ac06c20b433354fa67a72993-le64.cache-3
7f11b0021000-7f11b0026000 r--s 00000000 08:07 5767249                    /var/cache/fontconfig/b47c4e1ecd0709278f4910c18777a504-le64.cache-3
7f11b0026000-7f11b0028000 r--s 00000000 08:07 5775382                    /var/cache/fontconfig/4b14b093aebc79c320de5e86ae1d3314-le64.cache-3
7f11b0028000-7f11b0029000 r--s 00000000 08:07 5775381                    /var/cache/fontconfig/8aec10f4cc8391dcef22ca549f1e4354-le64.cache-3
7f11b0029000-7f11b0039000 r--s 00000000 08:07 5767254                    /var/cache/fontconfig/d52a8644073d54c13679302ca1180695-le64.cache-3
7f11b0039000-7f11b0053000 r--s 00000000 08:07 5769551                    /var/cache/fontconfig/e13b20fdb08344e0e664864cc2ede53d-le64.cache-3
7f11b0053000-7f11b0054000 r--s 00009000 08:08 2623785                    /home/bruno/devel_ws/src/policy_generator/prism_ros_bridge/prism/prism-robots/prism/lib/epsgraphics.jar
7f11b0054000-7f11b0056000 r--s 00006000 08:08 2623813                    /home/bruno/devel_ws/src/policy_generator/prism_ros_bridge/prism/prism-robots/prism/lib/lpsolve55j.jar
7f11b0056000-7f11b1000000 rw-p 00000000 00:00 0 
7f11b1000000-7f11b1270000 rwxp 00000000 00:00 0 
7f11b1270000-7f11b4d8e000 rw-p 00000000 00:00 0 
7f11b4d8e000-7f11b8000000 ---p 00000000 00:00 0 
7f11b8000000-7f11b800d000 r--s 00077000 08:08 2623781                    /home/bruno/devel_ws/src/policy_generator/prism_ros_bridge/prism/prism-robots/prism/lib/colt.jar
7f11b800d000-7f11b802a000 r--s 002ca000 08:08 2623786                    /home/bruno/devel_ws/src/policy_generator/prism_ros_bridge/prism/prism-robots/prism/lib/jas-2013137.jar
7f11b802a000-7f11b81c0000 r--s 01a09000 08:07 2265129                    /usr/lib/jvm/java-6-openjdk-amd64/jre/lib/rt.jar
7f11b81c0000-7f11b81e8000 rw-p 00000000 00:00 0 
7f11b81e8000-7f11b81e9000 ---p 00000000 00:00 0 
7f11b81e9000-7f11b82e9000 rw-p 00000000 00:00 0                          [stack:16044]
7f11b82e9000-7f11b82ea000 ---p 00000000 00:00 0 
7f11b82ea000-7f11b83ea000 rw-p 00000000 00:00 0                          [stack:16043]
7f11b83ea000-7f11b83eb000 ---p 00000000 00:00 0 
7f11b83eb000-7f11b84eb000 rw-p 00000000 00:00 0                          [stack:16042]
7f11b84eb000-7f11b84ec000 ---p 00000000 00:00 0 
7f11b84ec000-7f11b85ec000 rw-p 00000000 00:00 0                          [stack:16041]
7f11b85ec000-7f11b85ed000 ---p 00000000 00:00 0 
7f11b85ed000-7f11b86ed000 rw-p 00000000 00:00 0                          [stack:16040]
7f11b86ed000-7f11b86ee000 ---p 00000000 00:00 0 
7f11b86ee000-7f11b87ee000 rw-p 00000000 00:00 0                          [stack:16039]
7f11b87ee000-7f11b87ef000 ---p 00000000 00:00 0 
7f11b87ef000-7f11b88ef000 rw-p 00000000 00:00 0                          [stack:16038]
7f11b88ef000-7f11b88f0000 ---p 00000000 00:00 0 
7f11b88f0000-7f11b89fb000 rw-p 00000000 00:00 0                          [stack:16037]
7f11b89fb000-7f11b8a43000 rw-p 00000000 00:00 0 
7f11b8a43000-7f11b8a6c000 rw-p 00000000 00:00 0 
7f11b8a6c000-7f11b8aee000 rw-p 00000000 00:00 0 
7f11b8aee000-7f11b8af9000 rw-p 00000000 00:00 0 
7f11b8af9000-7f11b8b41000 rw-p 00000000 00:00 0 
7f11b8b41000-7f11b8b6a000 rw-p 00000000 00:00 0 
7f11b8b6a000-7f11b8beb000 rw-p 00000000 00:00 0 
7f11b8beb000-7f11b8c01000 rw-p 00000000 00:00 0 
7f11b8c01000-7f11b8c41000 rw-p 00000000 00:00 0 
7f11b8c41000-7f11b8c42000 rw-p 00000000 00:00 0 
7f11b8c42000-7f11b8c49000 r-xp 00000000 08:07 2233913                    /usr/lib/jvm/java-6-openjdk-amd64/jre/lib/amd64/libzip.so
7f11b8c49000-7f11b8e48000 ---p 00007000 08:07 2233913                    /usr/lib/jvm/java-6-openjdk-amd64/jre/lib/amd64/libzip.so
7f11b8e48000-7f11b8e49000 r--p 00006000 08:07 2233913                    /usr/lib/jvm/java-6-openjdk-amd64/jre/lib/amd64/libzip.so
7f11b8e49000-7f11b8e4a000 rw-p 00007000 08:07 2233913                    /usr/lib/jvm/java-6-openjdk-amd64/jre/lib/amd64/libzip.so
7f11b8e4a000-7f11b8e56000 r-xp 00000000 08:07 1319772                    /lib/x86_64-linux-gnu/libnss_files-2.15.so
7f11b8e56000-7f11b9055000 ---p 0000c000 08:07 1319772                    /lib/x86_64-linux-gnu/libnss_files-2.15.so
7f11b9055000-7f11b9056000 r--p 0000b000 08:07 1319772                    /lib/x86_64-linux-gnu/libnss_files-2.15.so
7f11b9056000-7f11b9057000 rw-p 0000c000 08:07 1319772                    /lib/x86_64-linux-gnu/libnss_files-2.15.so
7f11b9057000-7f11b9061000 r-xp 00000000 08:07 1319776                    /lib/x86_64-linux-gnu/libnss_nis-2.15.so
7f11b9061000-7f11b9261000 ---p 0000a000 08:07 1319776                    /lib/x86_64-linux-gnu/libnss_nis-2.15.so
7f11b9261000-7f11b9262000 r--p 0000a000 08:07 1319776                    /lib/x86_64-linux-gnu/libnss_nis-2.15.so
7f11b9262000-7f11b9263000 rw-p 0000b000 08:07 1319776                    /lib/x86_64-linux-gnu/libnss_nis-2.15.so
7f11b9263000-7f11b927a000 r-xp 00000000 08:07 1319788                    /lib/x86_64-linux-gnu/libnsl-2.15.so
7f11b927a000-7f11b9479000 ---p 00017000 08:07 1319788                    /lib/x86_64-linux-gnu/libnsl-2.15.so
7f11b9479000-7f11b947a000 r--p 00016000 08:07 1319788                    /lib/x86_64-linux-gnu/libnsl-2.15.so
7f11b947a000-7f11b947b000 rw-p 00017000 08:07 1319788                    /lib/x86_64-linux-gnu/libnsl-2.15.so
7f11b947b000-7f11b947d000 rw-p 00000000 00:00 0 
7f11b947d000-7f11b9485000 r-xp 00000000 08:07 1319770                    /lib/x86_64-linux-gnu/libnss_compat-2.15.so
7f11b9485000-7f11b9684000 ---p 00008000 08:07 1319770                    /lib/x86_64-linux-gnu/libnss_compat-2.15.so
7f11b9684000-7f11b9685000 r--p 00007000 08:07 1319770                    /lib/x86_64-linux-gnu/libnss_compat-2.15.so
7f11b9685000-7f11b9686000 rw-p 00008000 08:07 1319770                    /lib/x86_64-linux-gnu/libnss_compat-2.15.so
7f11b9686000-7f11b96b3000 r-xp 00000000 08:07 2232258                    /usr/lib/jvm/java-6-openjdk-amd64/jre/lib/amd64/libjava.so
7f11b96b3000-7f11b98b2000 ---p 0002d000 08:07 2232258                    /usr/lib/jvm/java-6-openjdk-amd64/jre/lib/amd64/libjava.so
7f11b98b2000-7f11b98b3000 r--p 0002c000 08:07 2232258                    /usr/lib/jvm/java-6-openjdk-amd64/jre/lib/amd64/libjava.so
7f11b98b3000-7f11b98b6000 rw-p 0002d000 08:07 2232258                    /usr/lib/jvm/java-6-openjdk-amd64/jre/lib/amd64/libjava.so
7f11b98b6000-7f11b98c4000 r-xp 00000000 08:07 2233933                    /usr/lib/jvm/java-6-openjdk-amd64/jre/lib/amd64/libverify.so
7f11b98c4000-7f11b9ac3000 ---p 0000e000 08:07 2233933                    /usr/lib/jvm/java-6-openjdk-amd64/jre/lib/amd64/libverify.so
7f11b9ac3000-7f11b9ac5000 r--p 0000d000 08:07 2233933                    /usr/lib/jvm/java-6-openjdk-amd64/jre/lib/amd64/libverify.so
7f11b9ac5000-7f11b9ac6000 rw-p 0000f000 08:07 2233933                    /usr/lib/jvm/java-6-openjdk-amd64/jre/lib/amd64/libverify.so
7f11b9ac6000-7f11b9acd000 r-xp 00000000 08:07 1319775                    /lib/x86_64-linux-gnu/librt-2.15.so
7f11b9acd000-7f11b9ccc000 ---p 00007000 08:07 1319775                    /lib/x86_64-linux-gnu/librt-2.15.so
7f11b9ccc000-7f11b9ccd000 r--p 00006000 08:07 1319775                    /lib/x86_64-linux-gnu/librt-2.15.so
7f11b9ccd000-7f11b9cce000 rw-p 00007000 08:07 1319775                    /lib/x86_64-linux-gnu/librt-2.15.so
7f11b9cce000-7f11b9ce3000 r-xp 00000000 08:07 1314394                    /lib/x86_64-linux-gnu/libgcc_s.so.1
7f11b9ce3000-7f11b9ee2000 ---p 00015000 08:07 1314394                    /lib/x86_64-linux-gnu/libgcc_s.so.1
7f11b9ee2000-7f11b9ee3000 r--p 00014000 08:07 1314394                    /lib/x86_64-linux-gnu/libgcc_s.so.1
7f11b9ee3000-7f11b9ee4000 rw-p 00015000 08:07 1314394                    /lib/x86_64-linux-gnu/libgcc_s.so.1
7f11b9ee4000-7f11b9fdf000 r-xp 00000000 08:07 1319779                    /lib/x86_64-linux-gnu/libm-2.15.so
7f11b9fdf000-7f11ba1de000 ---p 000fb000 08:07 1319779                    /lib/x86_64-linux-gnu/libm-2.15.so
7f11ba1de000-7f11ba1df000 r--p 000fa000 08:07 1319779                    /lib/x86_64-linux-gnu/libm-2.15.so
7f11ba1df000-7f11ba1e0000 rw-p 000fb000 08:07 1319779                    /lib/x86_64-linux-gnu/libm-2.15.so
7f11ba1e0000-7f11ba2c2000 r-xp 00000000 08:07 2105124                    /usr/lib/x86_64-linux-gnu/libstdc++.so.6.0.16
7f11ba2c2000-7f11ba4c1000 ---p 000e2000 08:07 2105124                    /usr/lib/x86_64-linux-gnu/libstdc++.so.6.0.16
7f11ba4c1000-7f11ba4c9000 r--p 000e1000 08:07 2105124                    /usr/lib/x86_64-linux-gnu/libstdc++.so.6.0.16
7f11ba4c9000-7f11ba4cb000 rw-p 000e9000 08:07 2105124                    /usr/lib/x86_64-linux-gnu/libstdc++.so.6.0.16
7f11ba4cb000-7f11ba4e0000 rw-p 00000000 00:00 0 
7f11ba4e0000-7f11baeb5000 r-xp 00000000 08:07 2236029                    /usr/lib/jvm/java-6-openjdk-amd64/jre/lib/amd64/server/libjvm.so
7f11baeb5000-7f11bb0b5000 ---p 009d5000 08:07 2236029                    /usr/lib/jvm/java-6-openjdk-amd64/jre/lib/amd64/server/libjvm.so
7f11bb0b5000-7f11bb134000 r--p 009d5000 08:07 2236029                    /usr/lib/jvm/java-6-openjdk-amd64/jre/lib/amd64/server/libjvm.so
7f11bb134000-7f11bb157000 rw-p 00a54000 08:07 2236029                    /usr/lib/jvm/java-6-openjdk-amd64/jre/lib/amd64/server/libjvm.so
7f11bb157000-7f11bb181000 rw-p 00000000 00:00 0 
7f11bb181000-7f11bb197000 r-xp 00000000 08:07 1314484                    /lib/x86_64-linux-gnu/libz.so.1.2.3.4
7f11bb197000-7f11bb396000 ---p 00016000 08:07 1314484                    /lib/x86_64-linux-gnu/libz.so.1.2.3.4
7f11bb396000-7f11bb397000 r--p 00015000 08:07 1314484                    /lib/x86_64-linux-gnu/libz.so.1.2.3.4
7f11bb397000-7f11bb398000 rw-p 00016000 08:07 1314484                    /lib/x86_64-linux-gnu/libz.so.1.2.3.4
7f11bb398000-7f11bb54d000 r-xp 00000000 08:07 1319768                    /lib/x86_64-linux-gnu/libc-2.15.so
7f11bb54d000-7f11bb74d000 ---p 001b5000 08:07 1319768                    /lib/x86_64-linux-gnu/libc-2.15.so
7f11bb74d000-7f11bb751000 r--p 001b5000 08:07 1319768                    /lib/x86_64-linux-gnu/libc-2.15.so
7f11bb751000-7f11bb753000 rw-p 001b9000 08:07 1319768                    /lib/x86_64-linux-gnu/libc-2.15.so
7f11bb753000-7f11bb758000 rw-p 00000000 00:00 0 
7f11bb758000-7f11bb75a000 r-xp 00000000 08:07 1319783                    /lib/x86_64-linux-gnu/libdl-2.15.so
7f11bb75a000-7f11bb95a000 ---p 00002000 08:07 1319783                    /lib/x86_64-linux-gnu/libdl-2.15.so
7f11bb95a000-7f11bb95b000 r--p 00002000 08:07 1319783                    /lib/x86_64-linux-gnu/libdl-2.15.so
7f11bb95b000-7f11bb95c000 rw-p 00003000 08:07 1319783                    /lib/x86_64-linux-gnu/libdl-2.15.so
7f11bb95c000-7f11bb960000 r-xp 00000000 08:07 2265121                    /usr/lib/jvm/java-6-openjdk-amd64/jre/lib/amd64/jli/libjli.so
7f11bb960000-7f11bbb5f000 ---p 00004000 08:07 2265121                    /usr/lib/jvm/java-6-openjdk-amd64/jre/lib/amd64/jli/libjli.so
7f11bbb5f000-7f11bbb60000 r--p 00003000 08:07 2265121                    /usr/lib/jvm/java-6-openjdk-amd64/jre/lib/amd64/jli/libjli.so
7f11bbb60000-7f11bbb61000 rw-p 00004000 08:07 2265121                    /usr/lib/jvm/java-6-openjdk-amd64/jre/lib/amd64/jli/libjli.so
7f11bbb61000-7f11bbb79000 r-xp 00000000 08:07 1319777                    /lib/x86_64-linux-gnu/libpthread-2.15.so
7f11bbb79000-7f11bbd78000 ---p 00018000 08:07 1319777                    /lib/x86_64-linux-gnu/libpthread-2.15.so
7f11bbd78000-7f11bbd79000 r--p 00017000 08:07 1319777                    /lib/x86_64-linux-gnu/libpthread-2.15.so
7f11bbd79000-7f11bbd7a000 rw-p 00018000 08:07 1319777                    /lib/x86_64-linux-gnu/libpthread-2.15.so
7f11bbd7a000-7f11bbd7e000 rw-p 00000000 00:00 0 
7f11bbd7e000-7f11bbda0000 r-xp 00000000 08:07 1319780                    /lib/x86_64-linux-gnu/ld-2.15.so
7f11bbda0000-7f11bbda2000 r--s 00000000 08:07 5775371                    /var/cache/fontconfig/67709b7835c0f764c1135060c9575660-le64.cache-3
7f11bbda2000-7f11bbda3000 r--s 00000000 08:07 5775379                    /var/cache/fontconfig/ac2cf712d852da827a87a9baf682f5b9-le64.cache-3
7f11bbda3000-7f11bbda5000 r--s 00000000 08:07 5775377                    /var/cache/fontconfig/65f976e5259cbe6dc7697b8648396239-le64.cache-3
7f11bbda5000-7f11bbda6000 r--s 00000000 08:07 5775375                    /var/cache/fontconfig/845c20fd2c4814bcec78e05d37a63ccc-le64.cache-3
7f11bbda6000-7f11bbdaa000 r--s 00000000 08:07 5775370                    /var/cache/fontconfig/7ef2298fde41cc6eeb7af42e48b7d293-le64.cache-3
7f11bbdaa000-7f11bbdb0000 r--s 00046000 08:08 2623784                    /home/bruno/devel_ws/src/policy_generator/prism_ros_bridge/prism/prism-robots/prism/lib/jcommon.jar
7f11bbdb0000-7f11bbdba000 rw-p 00000000 00:00 0 
7f11bbdba000-7f11bbe70000 rw-p 00000000 00:00 0 
7f11bbe70000-7f11bbe73000 ---p 00000000 00:00 0 
7f11bbe73000-7f11bbf76000 rw-p 00000000 00:00 0                          [stack:16036]
7f11bbf76000-7f11bbf77000 r--s 00000000 08:07 5775373                    /var/cache/fontconfig/e7de81b01590fb7e12b38e274e17d0db-le64.cache-3
7f11bbf77000-7f11bbf79000 r--s 00000000 08:07 5775371                    /var/cache/fontconfig/67709b7835c0f764c1135060c9575660-le64.cache-3
7f11bbf79000-7f11bbf8a000 r--s 0014c000 08:08 2623782                    /home/bruno/devel_ws/src/policy_generator/prism_ros_bridge/prism/prism-robots/prism/lib/jfreechart.jar
7f11bbf8a000-7f11bbf91000 r--s 0004f000 08:08 2623783                    /home/bruno/devel_ws/src/policy_generator/prism_ros_bridge/prism/prism-robots/prism/lib/log4j.jar
7f11bbf91000-7f11bbf94000 r--s 00015000 08:08 2623812                    /home/bruno/devel_ws/src/policy_generator/prism_ros_bridge/prism/prism-robots/prism/lib/pepa.zip
7f11bbf94000-7f11bbf9c000 rw-s 00000000 08:07 3935715                    /tmp/hsperfdata_bruno/16035
7f11bbf9c000-7f11bbf9d000 rw-p 00000000 00:00 0 
7f11bbf9d000-7f11bbf9e000 r--p 00000000 00:00 0 
7f11bbf9e000-7f11bbfa0000 rw-p 00000000 00:00 0 
7f11bbfa0000-7f11bbfa1000 r--p 00022000 08:07 1319780                    /lib/x86_64-linux-gnu/ld-2.15.so
7f11bbfa1000-7f11bbfa3000 rw-p 00023000 08:07 1319780                    /lib/x86_64-linux-gnu/ld-2.15.so
7fffb74e2000-7fffb7504000 rw-p 00000000 00:00 0                          [stack]
7fffb75ff000-7fffb7600000 r-xp 00000000 00:00 0                          [vdso]
ffffffffff600000-ffffffffff601000 r-xp 00000000 00:00 0                  [vsyscall]

VM Arguments:
jvm_args: -Xmx512m -Djava.awt.headless=true -Djava.library.path=/home/bruno/devel_ws/src/policy_generator/prism_ros_bridge/prism/prism-robots/prism/lib 
java_command: prism.PrismManager ../prism-examples/polling/poll2.sm ../prism-examples/polling/poll3.sm
Launcher Type: SUN_STANDARD

Environment Variables:
PATH=/home/bruno/devel_ws/devel/bin:/opt/strands/strands_ws/devel/bin:/opt/ros/hydro/bin:/usr/lib/lightdm/lightdm:/usr/local/sbin:/usr/local/bin:/usr/sbin:/usr/bin:/sbin:/bin:/usr/games:/opt/strands/bin
LD_LIBRARY_PATH=/usr/lib/jvm/java-6-openjdk-amd64/jre/lib/amd64/server:/usr/lib/jvm/java-6-openjdk-amd64/jre/lib/amd64:/usr/lib/jvm/java-6-openjdk-amd64/jre/../lib/amd64:/home/bruno/devel_ws/src/policy_generator/prism_ros_bridge/prism/prism-robots/prism/lib:/home/bruno/devel_ws/devel/lib:/opt/strands/strands_ws/devel/lib:/opt/ros/hydro/lib
SHELL=/bin/bash
DISPLAY=:0

Signal Handlers:
SIGSEGV: [libjvm.so+0x83cff0], sa_mask[0]=0x7ffbfeff, sa_flags=0x10000004
SIGBUS: [libjvm.so+0x83cff0], sa_mask[0]=0x7ffbfeff, sa_flags=0x10000004
SIGFPE: [libjvm.so+0x6dde00], sa_mask[0]=0x7ffbfeff, sa_flags=0x10000004
SIGPIPE: [libjvm.so+0x6dde00], sa_mask[0]=0x7ffbfeff, sa_flags=0x10000004
SIGXFSZ: [libjvm.so+0x6dde00], sa_mask[0]=0x7ffbfeff, sa_flags=0x10000004
SIGILL: [libjvm.so+0x6dde00], sa_mask[0]=0x7ffbfeff, sa_flags=0x10000004
SIGUSR1: SIG_DFL, sa_mask[0]=0x00000000, sa_flags=0x00000000
SIGUSR2: [libjvm.so+0x6de240], sa_mask[0]=0x00000000, sa_flags=0x10000004
SIGHUP: [libjvm.so+0x6de380], sa_mask[0]=0x7ffbfeff, sa_flags=0x10000004
SIGINT: [libjvm.so+0x6de380], sa_mask[0]=0x7ffbfeff, sa_flags=0x10000004
SIGTERM: [libjvm.so+0x6de380], sa_mask[0]=0x7ffbfeff, sa_flags=0x10000004
SIGQUIT: [libjvm.so+0x6de380], sa_mask[0]=0x7ffbfeff, sa_flags=0x10000004


---------------  S Y S T E M  ---------------

OS:Ubuntu 12.04 (precise)
uname:Linux 3.5.0-48-generic #72~precise1-Ubuntu SMP Tue Mar 11 20:09:08 UTC 2014 x86_64
libc:glibc 2.15 NPTL 2.15 
rlimit: STACK 8192k, CORE 0k, NPROC 62136, NOFILE 4096, AS infinity
load average:6.68 2.64 1.21

/proc/meminfo:
MemTotal:        8052808 kB
MemFree:         2638904 kB
Buffers:          564896 kB
Cached:          2756172 kB
SwapCached:            0 kB
Active:          2415076 kB
Inactive:        2496488 kB
Active(anon):    1718120 kB
Inactive(anon):   259156 kB
Active(file):     696956 kB
Inactive(file):  2237332 kB
Unevictable:          16 kB
Mlocked:              16 kB
SwapTotal:       2097148 kB
SwapFree:        2097148 kB
Dirty:               648 kB
Writeback:             0 kB
AnonPages:       1590312 kB
Mapped:           258780 kB
Shmem:            386780 kB
Slab:             344164 kB
SReclaimable:     305368 kB
SUnreclaim:        38796 kB
KernelStack:        5160 kB
PageTables:        46796 kB
NFS_Unstable:          0 kB
Bounce:                0 kB
WritebackTmp:          0 kB
CommitLimit:     6123552 kB
Committed_AS:    5610936 kB
VmallocTotal:   34359738367 kB
VmallocUsed:      835620 kB
VmallocChunk:   34358870324 kB
HardwareCorrupted:     0 kB
AnonHugePages:         0 kB
HugePages_Total:       0
HugePages_Free:        0
HugePages_Rsvd:        0
HugePages_Surp:        0
Hugepagesize:       2048 kB
DirectMap4k:       79872 kB
DirectMap2M:     8216576 kB


CPU:total 8 (4 cores per cpu, 2 threads per core) family 6 model 58 stepping 9, cmov, cx8, fxsr, mmx, sse, sse2, sse3, ssse3, sse4.1, sse4.2, popcnt, avx, ht, tsc, tscinvbit, tscinv

/proc/cpuinfo:
processor	: 0
vendor_id	: GenuineIntel
cpu family	: 6
model		: 58
model name	: Intel(R) Core(TM) i7-3632QM CPU @ 2.20GHz
stepping	: 9
microcode	: 0x15
cpu MHz		: 1200.000
cache size	: 6144 KB
physical id	: 0
siblings	: 8
core id		: 0
cpu cores	: 4
apicid		: 0
initial apicid	: 0
fpu		: yes
fpu_exception	: yes
cpuid level	: 13
wp		: yes
flags		: fpu vme de pse tsc msr pae mce cx8 apic sep mtrr pge mca cmov pat pse36 clflush dts acpi mmx fxsr sse sse2 ss ht tm pbe syscall nx rdtscp lm constant_tsc arch_perfmon pebs bts rep_good nopl xtopology nonstop_tsc aperfmperf pni pclmulqdq dtes64 monitor ds_cpl vmx est tm2 ssse3 cx16 xtpr pdcm pcid sse4_1 sse4_2 x2apic popcnt tsc_deadline_timer aes xsave avx f16c rdrand lahf_lm ida arat epb xsaveopt pln pts dtherm tpr_shadow vnmi flexpriority ept vpid fsgsbase smep erms
bogomips	: 4390.34
clflush size	: 64
cache_alignment	: 64
address sizes	: 36 bits physical, 48 bits virtual
power management:

processor	: 1
vendor_id	: GenuineIntel
cpu family	: 6
model		: 58
model name	: Intel(R) Core(TM) i7-3632QM CPU @ 2.20GHz
stepping	: 9
microcode	: 0x15
cpu MHz		: 1200.000
cache size	: 6144 KB
physical id	: 0
siblings	: 8
core id		: 0
cpu cores	: 4
apicid		: 1
initial apicid	: 1
fpu		: yes
fpu_exception	: yes
cpuid level	: 13
wp		: yes
flags		: fpu vme de pse tsc msr pae mce cx8 apic sep mtrr pge mca cmov pat pse36 clflush dts acpi mmx fxsr sse sse2 ss ht tm pbe syscall nx rdtscp lm constant_tsc arch_perfmon pebs bts rep_good nopl xtopology nonstop_tsc aperfmperf pni pclmulqdq dtes64 monitor ds_cpl vmx est tm2 ssse3 cx16 xtpr pdcm pcid sse4_1 sse4_2 x2apic popcnt tsc_deadline_timer aes xsave avx f16c rdrand lahf_lm ida arat epb xsaveopt pln pts dtherm tpr_shadow vnmi flexpriority ept vpid fsgsbase smep erms
bogomips	: 4390.34
clflush size	: 64
cache_alignment	: 64
address sizes	: 36 bits physical, 48 bits virtual
power management:

processor	: 2
vendor_id	: GenuineIntel
cpu family	: 6
model		: 58
model name	: Intel(R) Core(TM) i7-3632QM CPU @ 2.20GHz
stepping	: 9
microcode	: 0x15
cpu MHz		: 1400.000
cache size	: 6144 KB
physical id	: 0
siblings	: 8
core id		: 1
cpu cores	: 4
apicid		: 2
initial apicid	: 2
fpu		: yes
fpu_exception	: yes
cpuid level	: 13
wp		: yes
flags		: fpu vme de pse tsc msr pae mce cx8 apic sep mtrr pge mca cmov pat pse36 clflush dts acpi mmx fxsr sse sse2 ss ht tm pbe syscall nx rdtscp lm constant_tsc arch_perfmon pebs bts rep_good nopl xtopology nonstop_tsc aperfmperf pni pclmulqdq dtes64 monitor ds_cpl vmx est tm2 ssse3 cx16 xtpr pdcm pcid sse4_1 sse4_2 x2apic popcnt tsc_deadline_timer aes xsave avx f16c rdrand lahf_lm ida arat epb xsaveopt pln pts dtherm tpr_shadow vnmi flexpriority ept vpid fsgsbase smep erms
bogomips	: 4390.34
clflush size	: 64
cache_alignment	: 64
address sizes	: 36 bits physical, 48 bits virtual
power management:

processor	: 3
vendor_id	: GenuineIntel
cpu family	: 6
model		: 58
model name	: Intel(R) Core(TM) i7-3632QM CPU @ 2.20GHz
stepping	: 9
microcode	: 0x15
cpu MHz		: 1200.000
cache size	: 6144 KB
physical id	: 0
siblings	: 8
core id		: 1
cpu cores	: 4
apicid		: 3
initial apicid	: 3
fpu		: yes
fpu_exception	: yes
cpuid level	: 13
wp		: yes
flags		: fpu vme de pse tsc msr pae mce cx8 apic sep mtrr pge mca cmov pat pse36 clflush dts acpi mmx fxsr sse sse2 ss ht tm pbe syscall nx rdtscp lm constant_tsc arch_perfmon pebs bts rep_good nopl xtopology nonstop_tsc aperfmperf pni pclmulqdq dtes64 monitor ds_cpl vmx est tm2 ssse3 cx16 xtpr pdcm pcid sse4_1 sse4_2 x2apic popcnt tsc_deadline_timer aes xsave avx f16c rdrand lahf_lm ida arat epb xsaveopt pln pts dtherm tpr_shadow vnmi flexpriority ept vpid fsgsbase smep erms
bogomips	: 4390.34
clflush size	: 64
cache_alignment	: 64
address sizes	: 36 bits physical, 48 bits virtual
power management:

processor	: 4
vendor_id	: GenuineIntel
cpu family	: 6
model		: 58
model name	: Intel(R) Core(TM) i7-3632QM CPU @ 2.20GHz
stepping	: 9
microcode	: 0x15
cpu MHz		: 2201.000
cache size	: 6144 KB
physical id	: 0
siblings	: 8
core id		: 2
cpu cores	: 4
apicid		: 4
initial apicid	: 4
fpu		: yes
fpu_exception	: yes
cpuid level	: 13
wp		: yes
flags		: fpu vme de pse tsc msr pae mce cx8 apic sep mtrr pge mca cmov pat pse36 clflush dts acpi mmx fxsr sse sse2 ss ht tm pbe syscall nx rdtscp lm constant_tsc arch_perfmon pebs bts rep_good nopl xtopology nonstop_tsc aperfmperf pni pclmulqdq dtes64 monitor ds_cpl vmx est tm2 ssse3 cx16 xtpr pdcm pcid sse4_1 sse4_2 x2apic popcnt tsc_deadline_timer aes xsave avx f16c rdrand lahf_lm ida arat epb xsaveopt pln pts dtherm tpr_shadow vnmi flexpriority ept vpid fsgsbase smep erms
bogomips	: 4390.34
clflush size	: 64
cache_alignment	: 64
address sizes	: 36 bits physical, 48 bits virtual
power management:

processor	: 5
vendor_id	: GenuineIntel
cpu family	: 6
model		: 58
model name	: Intel(R) Core(TM) i7-3632QM CPU @ 2.20GHz
stepping	: 9
microcode	: 0x15
cpu MHz		: 1200.000
cache size	: 6144 KB
physical id	: 0
siblings	: 8
core id		: 2
cpu cores	: 4
apicid		: 5
initial apicid	: 5
fpu		: yes
fpu_exception	: yes
cpuid level	: 13
wp		: yes
flags		: fpu vme de pse tsc msr pae mce cx8 apic sep mtrr pge mca cmov pat pse36 clflush dts acpi mmx fxsr sse sse2 ss ht tm pbe syscall nx rdtscp lm constant_tsc arch_perfmon pebs bts rep_good nopl xtopology nonstop_tsc aperfmperf pni pclmulqdq dtes64 monitor ds_cpl vmx est tm2 ssse3 cx16 xtpr pdcm pcid sse4_1 sse4_2 x2apic popcnt tsc_deadline_timer aes xsave avx f16c rdrand lahf_lm ida arat epb xsaveopt pln pts dtherm tpr_shadow vnmi flexpriority ept vpid fsgsbase smep erms
bogomips	: 4390.34
clflush size	: 64
cache_alignment	: 64
address sizes	: 36 bits physical, 48 bits virtual
power management:

processor	: 6
vendor_id	: GenuineIntel
cpu family	: 6
model		: 58
model name	: Intel(R) Core(TM) i7-3632QM CPU @ 2.20GHz
stepping	: 9
microcode	: 0x15
cpu MHz		: 1200.000
cache size	: 6144 KB
physical id	: 0
siblings	: 8
core id		: 3
cpu cores	: 4
apicid		: 6
initial apicid	: 6
fpu		: yes
fpu_exception	: yes
cpuid level	: 13
wp		: yes
flags		: fpu vme de pse tsc msr pae mce cx8 apic sep mtrr pge mca cmov pat pse36 clflush dts acpi mmx fxsr sse sse2 ss ht tm pbe syscall nx rdtscp lm constant_tsc arch_perfmon pebs bts rep_good nopl xtopology nonstop_tsc aperfmperf pni pclmulqdq dtes64 monitor ds_cpl vmx est tm2 ssse3 cx16 xtpr pdcm pcid sse4_1 sse4_2 x2apic popcnt tsc_deadline_timer aes xsave avx f16c rdrand lahf_lm ida arat epb xsaveopt pln pts dtherm tpr_shadow vnmi flexpriority ept vpid fsgsbase smep erms
bogomips	: 4390.34
clflush size	: 64
cache_alignment	: 64
address sizes	: 36 bits physical, 48 bits virtual
power management:

processor	: 7
vendor_id	: GenuineIntel
cpu family	: 6
model		: 58
model name	: Intel(R) Core(TM) i7-3632QM CPU @ 2.20GHz
stepping	: 9
microcode	: 0x15
cpu MHz		: 1200.000
cache size	: 6144 KB
physical id	: 0
siblings	: 8
core id		: 3
cpu cores	: 4
apicid		: 7
initial apicid	: 7
fpu		: yes
fpu_exception	: yes
cpuid level	: 13
wp		: yes
flags		: fpu vme de pse tsc msr pae mce cx8 apic sep mtrr pge mca cmov pat pse36 clflush dts acpi mmx fxsr sse sse2 ss ht tm pbe syscall nx rdtscp lm constant_tsc arch_perfmon pebs bts rep_good nopl xtopology nonstop_tsc aperfmperf pni pclmulqdq dtes64 monitor ds_cpl vmx est tm2 ssse3 cx16 xtpr pdcm pcid sse4_1 sse4_2 x2apic popcnt tsc_deadline_timer aes xsave avx f16c rdrand lahf_lm ida arat epb xsaveopt pln pts dtherm tpr_shadow vnmi flexpriority ept vpid fsgsbase smep erms
bogomips	: 4390.34
clflush size	: 64
cache_alignment	: 64
address sizes	: 36 bits physical, 48 bits virtual
power management:



Memory: 4k page, physical 8052808k(2638656k free), swap 2097148k(2097148k free)

vm_info: OpenJDK 64-Bit Server VM (23.25-b01) for linux-amd64 JRE (1.6.0_30-b30), built on Mar 26 2014 14:14:35 by "buildd" with gcc 4.6.3

time: Mon Apr 21 13:19:44 2014
elapsed time: 2 seconds

